<?xml version="1.0" encoding="UTF-8"?>
<testsuite name="com.jiaxin.pad.controller.RoleControllerTest" tests="7" skipped="0" failures="0" errors="0" timestamp="2019-10-24T06:00:19" hostname="milos-computer.local" time="0.451">
  <properties/>
  <testcase name="sevenCase" classname="com.jiaxin.pad.controller.RoleControllerTest" time="0.043"/>
  <testcase name="cancelPrivilege" classname="com.jiaxin.pad.controller.RoleControllerTest" time="0.073"/>
  <testcase name="updateRoleName" classname="com.jiaxin.pad.controller.RoleControllerTest" time="0.095"/>
  <testcase name="insertRole" classname="com.jiaxin.pad.controller.RoleControllerTest" time="0.04"/>
  <testcase name="givePrivilege" classname="com.jiaxin.pad.controller.RoleControllerTest" time="0.092"/>
  <testcase name="deleteRole" classname="com.jiaxin.pad.controller.RoleControllerTest" time="0.04"/>
  <testcase name="queryRoleByPage" classname="com.jiaxin.pad.controller.RoleControllerTest" time="0.064"/>
  <system-out><![CDATA[2019-10-24 14:00:19 | ?[34mINFO ?[0;39m | ?[1;33mTest worker?[0;39m | ?[1;32morg.springframework.boot.test.context.SpringBootTestContextBootstrapper?[0;39m | Neither @ContextConfiguration nor @ContextHierarchy found for test class [com.jiaxin.pad.controller.RoleControllerTest], using SpringBootContextLoader
2019-10-24 14:00:19 | ?[34mINFO ?[0;39m | ?[1;33mTest worker?[0;39m | ?[1;32morg.springframework.test.context.support.AbstractContextLoader?[0;39m | Could not detect default resource locations for test class [com.jiaxin.pad.controller.RoleControllerTest]: no resource found for suffixes {-context.xml, Context.groovy}.
2019-10-24 14:00:19 | ?[34mINFO ?[0;39m | ?[1;33mTest worker?[0;39m | ?[1;32morg.springframework.boot.test.context.SpringBootTestContextBootstrapper?[0;39m | Loaded default TestExecutionListener class names from location [META-INF/spring.factories]: [org.springframework.boot.test.autoconfigure.restdocs.RestDocsTestExecutionListener, org.springframework.boot.test.autoconfigure.web.client.MockRestServiceServerResetTestExecutionListener, org.springframework.boot.test.autoconfigure.web.servlet.MockMvcPrintOnlyOnFailureTestExecutionListener, org.springframework.boot.test.autoconfigure.web.servlet.WebDriverTestExecutionListener, org.springframework.boot.test.mock.mockito.MockitoTestExecutionListener, org.springframework.boot.test.mock.mockito.ResetMocksTestExecutionListener, org.springframework.test.context.web.ServletTestExecutionListener, org.springframework.test.context.support.DirtiesContextBeforeModesTestExecutionListener, org.springframework.test.context.support.DependencyInjectionTestExecutionListener, org.springframework.test.context.support.DirtiesContextTestExecutionListener, org.springframework.test.context.transaction.TransactionalTestExecutionListener, org.springframework.test.context.jdbc.SqlScriptsTestExecutionListener]
2019-10-24 14:00:19 | ?[34mINFO ?[0;39m | ?[1;33mTest worker?[0;39m | ?[1;32morg.springframework.boot.test.context.SpringBootTestContextBootstrapper?[0;39m | Using TestExecutionListeners: [org.springframework.test.context.web.ServletTestExecutionListener@fa4c60d, org.springframework.test.context.support.DirtiesContextBeforeModesTestExecutionListener@64b2158d, org.springframework.boot.test.autoconfigure.SpringBootDependencyInjectionTestExecutionListener@76e99784, org.springframework.test.context.support.DirtiesContextTestExecutionListener@34f9085f, org.springframework.test.context.transaction.TransactionalTestExecutionListener@1d442463, org.springframework.test.context.jdbc.SqlScriptsTestExecutionListener@692e543b, org.springframework.boot.test.autoconfigure.restdocs.RestDocsTestExecutionListener@53c1ab2d, org.springframework.boot.test.autoconfigure.web.servlet.WebDriverTestExecutionListener@2f06eafa, org.springframework.boot.test.autoconfigure.web.client.MockRestServiceServerResetTestExecutionListener@13ddb445, org.springframework.boot.test.autoconfigure.web.servlet.MockMvcPrintOnlyOnFailureTestExecutionListener@8c9a589, org.springframework.boot.test.mock.mockito.MockitoTestExecutionListener@560fff7e, org.springframework.boot.test.mock.mockito.ResetMocksTestExecutionListener@4e469e7f]
2019-10-24 14:00:19 | ?[34mINFO ?[0;39m | ?[1;33mTest worker?[0;39m | ?[1;32morg.springframework.boot.test.mock.web.SpringBootMockServletContext?[0;39m | Initializing Spring FrameworkServlet ''
2019-10-24 14:00:19 | ?[34mINFO ?[0;39m | ?[1;33mTest worker?[0;39m | ?[1;32morg.springframework.test.web.servlet.TestDispatcherServlet?[0;39m | FrameworkServlet '': initialization started
2019-10-24 14:00:19 | ?[34mINFO ?[0;39m | ?[1;33mTest worker?[0;39m | ?[1;32morg.springframework.test.web.servlet.TestDispatcherServlet?[0;39m | FrameworkServlet '': initialization completed in 3 ms
2019-10-24 14:00:19 | ?[39mDEBUG?[0;39m | ?[1;33mTest worker?[0;39m | ?[1;32mcom.jiaxin.pda.mapper.RolePrivilegeMapper.selectByRoleId?[0;39m | ==>  Preparing: SELECT id, role_id AS roleId, menu_id AS menuId, created_by AS createdBy, created_time AS createdTime, updated_by AS updatedBy, updated_time AS updatedTime FROM tb_menu_role WHERE role_id = ? 
2019-10-24 14:00:19 | ?[39mDEBUG?[0;39m | ?[1;33mTest worker?[0;39m | ?[1;32mcom.jiaxin.pda.mapper.RolePrivilegeMapper.selectByRoleId?[0;39m | ==> Parameters: 1(Integer)
2019-10-24 14:00:19 | ?[39mDEBUG?[0;39m | ?[1;33mTest worker?[0;39m | ?[1;32mcom.jiaxin.pda.mapper.RolePrivilegeMapper.selectByRoleId?[0;39m | <==      Total: 1

MockHttpServletRequest:
      HTTP Method = GET
      Request URI = /role/queryPrivilegeByRoleId/1
       Parameters = {}
          Headers = {Accept=[application/json], Content-Type=[application/json]}

Handler:
             Type = com.jiaxin.pda.controller.RoleController
           Method = public com.jiaxin.pda.entity.vo.GeneralVo com.jiaxin.pda.controller.RoleController.queryPrivilegeByRoleId(java.lang.Integer)

Async:
    Async started = false
     Async result = null

Resolved Exception:
             Type = null

ModelAndView:
        View name = null
             View = null
            Model = null

FlashMap:
       Attributes = null

MockHttpServletResponse:
           Status = 200
    Error message = null
          Headers = {Content-Type=[application/json;charset=UTF-8]}
     Content type = application/json;charset=UTF-8
             Body = {"code":200,"msg":"操作成功","body":[{"createdTime":null,"createdBy":0,"updatedTime":1571896370000,"updatedBy":-1,"reversion":0,"deleteFlag":false,"id":"c6d4065cdbd84a4cb4b4da9f38e0d3ff","menuId":"3","roleId":"1"}]}
    Forwarded URL = null
   Redirected URL = null
          Cookies = []
2019-10-24 14:00:19 | ?[34mINFO ?[0;39m | ?[1;33mTest worker?[0;39m | ?[1;32morg.springframework.boot.test.mock.web.SpringBootMockServletContext?[0;39m | Initializing Spring FrameworkServlet ''
2019-10-24 14:00:19 | ?[34mINFO ?[0;39m | ?[1;33mTest worker?[0;39m | ?[1;32morg.springframework.test.web.servlet.TestDispatcherServlet?[0;39m | FrameworkServlet '': initialization started
2019-10-24 14:00:19 | ?[34mINFO ?[0;39m | ?[1;33mTest worker?[0;39m | ?[1;32morg.springframework.test.web.servlet.TestDispatcherServlet?[0;39m | FrameworkServlet '': initialization completed in 3 ms
2019-10-24 14:00:19 | ?[34mINFO ?[0;39m | ?[1;33mTest worker?[0;39m | ?[1;32mcom.jiaxin.pad.controller.UserControllerTest?[0;39m | 角色授权条件: {"roleId":1,"menuId":3}
2019-10-24 14:00:19 | ?[39mDEBUG?[0;39m | ?[1;33mTest worker?[0;39m | ?[1;32mcom.jiaxin.pda.mapper.RolePrivilegeMapper.deleteRoleMenu?[0;39m | ==>  Preparing: DELETE FROM tb_menu_role WHERE menu_id = ? AND role_id = ? 
2019-10-24 14:00:19 | ?[39mDEBUG?[0;39m | ?[1;33mTest worker?[0;39m | ?[1;32mcom.jiaxin.pda.mapper.RolePrivilegeMapper.deleteRoleMenu?[0;39m | ==> Parameters: 3(String), 1(String)
2019-10-24 14:00:19 | ?[39mDEBUG?[0;39m | ?[1;33mTest worker?[0;39m | ?[1;32mcom.jiaxin.pda.mapper.RolePrivilegeMapper.deleteRoleMenu?[0;39m | <==    Updates: 1

MockHttpServletRequest:
      HTTP Method = DELETE
      Request URI = /role/cancelPrivilege
       Parameters = {}
          Headers = {Accept=[application/json], Content-Type=[application/json;charset=utf-8]}

Handler:
             Type = com.jiaxin.pda.controller.RoleController
           Method = public com.jiaxin.pda.entity.vo.GeneralVo com.jiaxin.pda.controller.RoleController.cancelPrivilege(javax.servlet.http.HttpServletRequest,javax.servlet.http.HttpServletResponse,com.jiaxin.pda.entity.vo.RolePrivilegeVo)

Async:
    Async started = false
     Async result = null

Resolved Exception:
             Type = null

ModelAndView:
        View name = null
             View = null
            Model = null

FlashMap:
       Attributes = null

MockHttpServletResponse:
           Status = 200
    Error message = null
          Headers = {Content-Type=[application/json;charset=UTF-8]}
     Content type = application/json;charset=UTF-8
             Body = {"code":200,"msg":"操作成功","body":null}
    Forwarded URL = null
   Redirected URL = null
          Cookies = []
2019-10-24 14:00:19 | ?[34mINFO ?[0;39m | ?[1;33mTest worker?[0;39m | ?[1;32morg.springframework.boot.test.mock.web.SpringBootMockServletContext?[0;39m | Initializing Spring FrameworkServlet ''
2019-10-24 14:00:19 | ?[34mINFO ?[0;39m | ?[1;33mTest worker?[0;39m | ?[1;32morg.springframework.test.web.servlet.TestDispatcherServlet?[0;39m | FrameworkServlet '': initialization started
2019-10-24 14:00:19 | ?[34mINFO ?[0;39m | ?[1;33mTest worker?[0;39m | ?[1;32morg.springframework.test.web.servlet.TestDispatcherServlet?[0;39m | FrameworkServlet '': initialization completed in 2 ms
2019-10-24 14:00:19 | ?[34mINFO ?[0;39m | ?[1;33mTest worker?[0;39m | ?[1;32mcom.jiaxin.pad.controller.UserControllerTest?[0;39m | 修改角色名称条件: {"reversion":1,"roleName":"系统管理员","id":"0061b24449754b2780771691c19fa250"}
2019-10-24 14:00:19 | ?[39mDEBUG?[0;39m | ?[1;33mTest worker?[0;39m | ?[1;32mcom.jiaxin.pda.mapper.RoleMapper.selectByRoleName?[0;39m | ==>  Preparing: SELECT tr.id, tr.role_id AS roleId, tr.role_name AS roleName, tr.reversion, tr.delete_flag AS deleteFlag, tr.created_by AS createdBy, tr.created_time AS createdTime, tr.updated_by AS updatedBy, tr.updated_time AS updatedTime FROM tb_role tr WHERE tr.role_name = ? and tr.delete_flag = 0 
2019-10-24 14:00:19 | ?[39mDEBUG?[0;39m | ?[1;33mTest worker?[0;39m | ?[1;32mcom.jiaxin.pda.mapper.RoleMapper.selectByRoleName?[0;39m | ==> Parameters: 系统管理员(String)
2019-10-24 14:00:19 | ?[39mDEBUG?[0;39m | ?[1;33mTest worker?[0;39m | ?[1;32mcom.jiaxin.pda.mapper.RoleMapper.selectByRoleName?[0;39m | <==      Total: 1
2019-10-24 14:00:19 | ?[34mINFO ?[0;39m | ?[1;33mTest worker?[0;39m | ?[1;32mcom.jiaxin.pda.service.impl.RoleServiceImpl?[0;39m | 修改角色名称，入参为-RoleVo(id=0061b24449754b2780771691c19fa250, roleId=0, roleName=系统管理员)
2019-10-24 14:00:19 | ?[39mDEBUG?[0;39m | ?[1;33mTest worker?[0;39m | ?[1;32mcom.jiaxin.pda.mapper.RoleMapper.updateRoleName?[0;39m | ==>  Preparing: UPDATE tb_role SET role_name = ?, reversion = reversion + 1, updated_by = ?, updated_time = ? WHERE id = ? AND reversion = ? 
2019-10-24 14:00:19 | ?[39mDEBUG?[0;39m | ?[1;33mTest worker?[0;39m | ?[1;32mcom.jiaxin.pda.mapper.RoleMapper.updateRoleName?[0;39m | ==> Parameters: 系统管理员(String), -1(Integer), 2019-10-24 14:00:17.523(Timestamp), 0061b24449754b2780771691c19fa250(String), 1(Integer)
2019-10-24 14:00:19 | ?[39mDEBUG?[0;39m | ?[1;33mTest worker?[0;39m | ?[1;32mcom.jiaxin.pda.mapper.RoleMapper.updateRoleName?[0;39m | <==    Updates: 0

MockHttpServletRequest:
      HTTP Method = PUT
      Request URI = /role/updateRoleName
       Parameters = {}
          Headers = {Accept=[application/json], Content-Type=[application/json;charset=utf-8]}

Handler:
             Type = com.jiaxin.pda.controller.RoleController
           Method = public com.jiaxin.pda.entity.vo.GeneralVo com.jiaxin.pda.controller.RoleController.updateRoleName(javax.servlet.http.HttpServletRequest,javax.servlet.http.HttpServletResponse,com.jiaxin.pda.entity.vo.RoleVo,org.springframework.validation.BindingResult)

Async:
    Async started = false
     Async result = null

Resolved Exception:
             Type = null

ModelAndView:
        View name = null
             View = null
            Model = null

FlashMap:
       Attributes = null

MockHttpServletResponse:
           Status = 200
    Error message = null
          Headers = {Content-Type=[application/json;charset=UTF-8]}
     Content type = application/json;charset=UTF-8
             Body = {"code":200,"msg":"操作成功","body":null}
    Forwarded URL = null
   Redirected URL = null
          Cookies = []
2019-10-24 14:00:19 | ?[34mINFO ?[0;39m | ?[1;33mTest worker?[0;39m | ?[1;32morg.springframework.boot.test.mock.web.SpringBootMockServletContext?[0;39m | Initializing Spring FrameworkServlet ''
2019-10-24 14:00:19 | ?[34mINFO ?[0;39m | ?[1;33mTest worker?[0;39m | ?[1;32morg.springframework.test.web.servlet.TestDispatcherServlet?[0;39m | FrameworkServlet '': initialization started
2019-10-24 14:00:19 | ?[34mINFO ?[0;39m | ?[1;33mTest worker?[0;39m | ?[1;32morg.springframework.test.web.servlet.TestDispatcherServlet?[0;39m | FrameworkServlet '': initialization completed in 3 ms
2019-10-24 14:00:19 | ?[34mINFO ?[0;39m | ?[1;33mTest worker?[0;39m | ?[1;32mcom.jiaxin.pad.controller.UserControllerTest?[0;39m | 插入角色信息条件: {"roleName":"超级管理员"}
2019-10-24 14:00:19 | ?[39mDEBUG?[0;39m | ?[1;33mTest worker?[0;39m | ?[1;32mcom.jiaxin.pda.mapper.RoleMapper.selectByRoleName?[0;39m | ==>  Preparing: SELECT tr.id, tr.role_id AS roleId, tr.role_name AS roleName, tr.reversion, tr.delete_flag AS deleteFlag, tr.created_by AS createdBy, tr.created_time AS createdTime, tr.updated_by AS updatedBy, tr.updated_time AS updatedTime FROM tb_role tr WHERE tr.role_name = ? and tr.delete_flag = 0 
2019-10-24 14:00:19 | ?[39mDEBUG?[0;39m | ?[1;33mTest worker?[0;39m | ?[1;32mcom.jiaxin.pda.mapper.RoleMapper.selectByRoleName?[0;39m | ==> Parameters: 超级管理员(String)
2019-10-24 14:00:19 | ?[39mDEBUG?[0;39m | ?[1;33mTest worker?[0;39m | ?[1;32mcom.jiaxin.pda.mapper.RoleMapper.selectByRoleName?[0;39m | <==      Total: 1

MockHttpServletRequest:
      HTTP Method = PUT
      Request URI = /role/insertRole
       Parameters = {}
          Headers = {Accept=[application/json], Content-Type=[application/json;charset=utf-8]}

Handler:
             Type = com.jiaxin.pda.controller.RoleController
           Method = public com.jiaxin.pda.entity.vo.GeneralVo com.jiaxin.pda.controller.RoleController.insertRole(javax.servlet.http.HttpServletRequest,javax.servlet.http.HttpServletResponse,com.jiaxin.pda.entity.vo.RoleVo,org.springframework.validation.BindingResult)

Async:
    Async started = false
     Async result = null

Resolved Exception:
             Type = null

ModelAndView:
        View name = null
             View = null
            Model = null

FlashMap:
       Attributes = null

MockHttpServletResponse:
           Status = 200
    Error message = null
          Headers = {Content-Type=[application/json;charset=UTF-8]}
     Content type = application/json;charset=UTF-8
             Body = {"code":212,"msg":"角色名称不能重复","body":null}
    Forwarded URL = null
   Redirected URL = null
          Cookies = []
2019-10-24 14:00:19 | ?[34mINFO ?[0;39m | ?[1;33mTest worker?[0;39m | ?[1;32morg.springframework.boot.test.mock.web.SpringBootMockServletContext?[0;39m | Initializing Spring FrameworkServlet ''
2019-10-24 14:00:19 | ?[34mINFO ?[0;39m | ?[1;33mTest worker?[0;39m | ?[1;32morg.springframework.test.web.servlet.TestDispatcherServlet?[0;39m | FrameworkServlet '': initialization started
2019-10-24 14:00:19 | ?[34mINFO ?[0;39m | ?[1;33mTest worker?[0;39m | ?[1;32morg.springframework.test.web.servlet.TestDispatcherServlet?[0;39m | FrameworkServlet '': initialization completed in 4 ms
2019-10-24 14:00:19 | ?[34mINFO ?[0;39m | ?[1;33mTest worker?[0;39m | ?[1;32mcom.jiaxin.pad.controller.UserControllerTest?[0;39m | 角色授权条件: {"roleId":1,"menuId":3}
2019-10-24 14:00:19 | ?[39mDEBUG?[0;39m | ?[1;33mTest worker?[0;39m | ?[1;32mcom.jiaxin.pda.mapper.RolePrivilegeMapper.queryMenuAuthorityByCondition?[0;39m | ==>  Preparing: SELECT ifnull(count(id),0) FROM tb_menu_role WHERE role_id = ? 
2019-10-24 14:00:19 | ?[39mDEBUG?[0;39m | ?[1;33mTest worker?[0;39m | ?[1;32mcom.jiaxin.pda.mapper.RolePrivilegeMapper.queryMenuAuthorityByCondition?[0;39m | ==> Parameters: 1(String)
2019-10-24 14:00:19 | ?[39mDEBUG?[0;39m | ?[1;33mTest worker?[0;39m | ?[1;32mcom.jiaxin.pda.mapper.RolePrivilegeMapper.queryMenuAuthorityByCondition?[0;39m | <==      Total: 1
2019-10-24 14:00:19 | ?[39mDEBUG?[0;39m | ?[1;33mTest worker?[0;39m | ?[1;32mcom.jiaxin.pda.mapper.RolePrivilegeMapper.insertRoleMenu?[0;39m | ==>  Preparing: INSERT INTO tb_menu_role ( id, role_id, menu_id, created_by, created_time, updated_by, updated_time ) VALUES ( ?, ?, ?, ?, ?, ?, ? ) 
2019-10-24 14:00:19 | ?[39mDEBUG?[0;39m | ?[1;33mTest worker?[0;39m | ?[1;32mcom.jiaxin.pda.mapper.RolePrivilegeMapper.insertRoleMenu?[0;39m | ==> Parameters: bae9c0f67b144b84900df57135fa335b(String), 1(String), 3(String), 0(Integer), null, -1(Integer), 2019-10-24 14:00:17.523(Timestamp)
2019-10-24 14:00:19 | ?[39mDEBUG?[0;39m | ?[1;33mTest worker?[0;39m | ?[1;32mcom.jiaxin.pda.mapper.RolePrivilegeMapper.insertRoleMenu?[0;39m | <==    Updates: 1

MockHttpServletRequest:
      HTTP Method = POST
      Request URI = /role/givePrivilege
       Parameters = {}
          Headers = {Accept=[application/json], Content-Type=[application/json;charset=utf-8]}

Handler:
             Type = com.jiaxin.pda.controller.RoleController
           Method = public com.jiaxin.pda.entity.vo.GeneralVo com.jiaxin.pda.controller.RoleController.givePrivilege(javax.servlet.http.HttpServletRequest,javax.servlet.http.HttpServletResponse,com.jiaxin.pda.entity.vo.RolePrivilegeVo)

Async:
    Async started = false
     Async result = null

Resolved Exception:
             Type = null

ModelAndView:
        View name = null
             View = null
            Model = null

FlashMap:
       Attributes = null

MockHttpServletResponse:
           Status = 200
    Error message = null
          Headers = {Content-Type=[application/json;charset=UTF-8]}
     Content type = application/json;charset=UTF-8
             Body = {"code":200,"msg":"操作成功","body":null}
    Forwarded URL = null
   Redirected URL = null
          Cookies = []
2019-10-24 14:00:19 | ?[34mINFO ?[0;39m | ?[1;33mTest worker?[0;39m | ?[1;32morg.springframework.boot.test.mock.web.SpringBootMockServletContext?[0;39m | Initializing Spring FrameworkServlet ''
2019-10-24 14:00:19 | ?[34mINFO ?[0;39m | ?[1;33mTest worker?[0;39m | ?[1;32morg.springframework.test.web.servlet.TestDispatcherServlet?[0;39m | FrameworkServlet '': initialization started
2019-10-24 14:00:19 | ?[34mINFO ?[0;39m | ?[1;33mTest worker?[0;39m | ?[1;32morg.springframework.test.web.servlet.TestDispatcherServlet?[0;39m | FrameworkServlet '': initialization completed in 3 ms
2019-10-24 14:00:19 | ?[34mINFO ?[0;39m | ?[1;33mTest worker?[0;39m | ?[1;32mcom.jiaxin.pad.controller.UserControllerTest?[0;39m | 删除角色
2019-10-24 14:00:19 | ?[39mDEBUG?[0;39m | ?[1;33mTest worker?[0;39m | ?[1;32mcom.jiaxin.pda.mapper.RoleMapper.queryById?[0;39m | ==>  Preparing: SELECT tr.id, tr.role_id AS roleId, tr.role_name AS roleName, tr.reversion, tr.delete_flag AS deleteFlag, tr.created_by AS createdBy, tr.created_time AS createdTime, tr.updated_by AS updatedBy, tr.updated_time AS updatedTime FROM tb_role tr WHERE tr.id = ? 
2019-10-24 14:00:19 | ?[39mDEBUG?[0;39m | ?[1;33mTest worker?[0;39m | ?[1;32mcom.jiaxin.pda.mapper.RoleMapper.queryById?[0;39m | ==> Parameters: 1f2e572cb99344459ed9d7e600e19574(String)
2019-10-24 14:00:19 | ?[39mDEBUG?[0;39m | ?[1;33mTest worker?[0;39m | ?[1;32mcom.jiaxin.pda.mapper.RoleMapper.queryById?[0;39m | <==      Total: 1

MockHttpServletRequest:
      HTTP Method = DELETE
      Request URI = /role/deleteRole
       Parameters = {}
          Headers = {Accept=[application/json], Content-Type=[application/json;charset=utf-8]}

Handler:
             Type = com.jiaxin.pda.controller.RoleController
           Method = public com.jiaxin.pda.entity.vo.GeneralVo com.jiaxin.pda.controller.RoleController.deleteRole(javax.servlet.http.HttpServletRequest,javax.servlet.http.HttpServletResponse,com.jiaxin.pda.entity.vo.RoleVo)

Async:
    Async started = false
     Async result = null

Resolved Exception:
             Type = null

ModelAndView:
        View name = null
             View = null
            Model = null

FlashMap:
       Attributes = null

MockHttpServletResponse:
           Status = 200
    Error message = null
          Headers = {Content-Type=[application/json;charset=UTF-8]}
     Content type = application/json;charset=UTF-8
             Body = {"code":213,"msg":"角色不存在","body":null}
    Forwarded URL = null
   Redirected URL = null
          Cookies = []
2019-10-24 14:00:19 | ?[34mINFO ?[0;39m | ?[1;33mTest worker?[0;39m | ?[1;32morg.springframework.boot.test.mock.web.SpringBootMockServletContext?[0;39m | Initializing Spring FrameworkServlet ''
2019-10-24 14:00:19 | ?[34mINFO ?[0;39m | ?[1;33mTest worker?[0;39m | ?[1;32morg.springframework.test.web.servlet.TestDispatcherServlet?[0;39m | FrameworkServlet '': initialization started
2019-10-24 14:00:19 | ?[34mINFO ?[0;39m | ?[1;33mTest worker?[0;39m | ?[1;32morg.springframework.test.web.servlet.TestDispatcherServlet?[0;39m | FrameworkServlet '': initialization completed in 3 ms
2019-10-24 14:00:19 | ?[34mINFO ?[0;39m | ?[1;33mTest worker?[0;39m | ?[1;32mcom.jiaxin.pad.controller.UserControllerTest?[0;39m | 分页查询角色列表条件: {"current":1,"offset":10,"roleName":"模块管理员"}
2019-10-24 14:00:19 | ?[39mDEBUG?[0;39m | ?[1;33mTest worker?[0;39m | ?[1;32mcom.jiaxin.pda.mapper.RoleMapper.selectRoleByPage?[0;39m | ==>  Preparing: select count(0) from (SELECT tr.id, tr.role_id AS roleId, tr.role_name AS roleName, tr.reversion, tr.delete_flag AS deleteFlag, tr.created_by AS createdBy, tr.created_time AS createdTime, tr.updated_by AS updatedBy, tr.updated_time AS updatedTime FROM tb_role tr WHERE tr.delete_flag = 0 and tr.role_name like concat('%',?,'%')) as total 
2019-10-24 14:00:20 | ?[39mDEBUG?[0;39m | ?[1;33mTest worker?[0;39m | ?[1;32mcom.jiaxin.pda.mapper.RoleMapper.selectRoleByPage?[0;39m | ==> Parameters: 模块管理员(String)
2019-10-24 14:00:20 | ?[39mDEBUG?[0;39m | ?[1;33mTest worker?[0;39m | ?[1;32mcom.jiaxin.pda.mapper.RoleMapper.selectRoleByPage?[0;39m | ==>  Preparing: SELECT tr.id, tr.role_id AS roleId, tr.role_name AS roleName, tr.reversion, tr.delete_flag AS deleteFlag, tr.created_by AS createdBy, tr.created_time AS createdTime, tr.updated_by AS updatedBy, tr.updated_time AS updatedTime FROM tb_role tr WHERE tr.delete_flag = 0 and tr.role_name like concat('%',?,'%') limit 0,10 
2019-10-24 14:00:20 | ?[39mDEBUG?[0;39m | ?[1;33mTest worker?[0;39m | ?[1;32mcom.jiaxin.pda.mapper.RoleMapper.selectRoleByPage?[0;39m | ==> Parameters: 模块管理员(String)
2019-10-24 14:00:20 | ?[39mDEBUG?[0;39m | ?[1;33mTest worker?[0;39m | ?[1;32mcom.jiaxin.pda.mapper.RoleMapper.selectRoleByPage?[0;39m | <==      Total: 0

MockHttpServletRequest:
      HTTP Method = POST
      Request URI = /role/selectRoleByPage
       Parameters = {}
          Headers = {Accept=[application/json], Content-Type=[application/json;charset=utf-8]}

Handler:
             Type = com.jiaxin.pda.controller.RoleController
           Method = public com.jiaxin.pda.entity.ListPageVo com.jiaxin.pda.controller.RoleController.selectRoleByPage(com.jiaxin.pda.entity.dto.RoleDto)

Async:
    Async started = false
     Async result = null

Resolved Exception:
             Type = null

ModelAndView:
        View name = null
             View = null
            Model = null

FlashMap:
       Attributes = null

MockHttpServletResponse:
           Status = 200
    Error message = null
          Headers = {Content-Type=[application/json;charset=UTF-8]}
     Content type = application/json;charset=UTF-8
             Body = {"code":200,"msg":"操作成功","body":{"rows":[],"page":{"offset":10,"current":1,"pages":0,"rows":0}}}
    Forwarded URL = null
   Redirected URL = null
          Cookies = []
]]></system-out>
  <system-err><![CDATA[]]></system-err>
</testsuite>
