<?xml version="1.0" encoding="UTF-8"?>
<testsuite name="com.jiaxin.pad.controller.FinanceDetailControllerTest" tests="4" skipped="0" failures="0" errors="0" timestamp="2019-10-24T06:00:19" hostname="milos-computer.local" time="0.311">
  <properties/>
  <testcase name="insertFinanceDetail" classname="com.jiaxin.pad.controller.FinanceDetailControllerTest" time="0.101"/>
  <testcase name="queryByPage" classname="com.jiaxin.pad.controller.FinanceDetailControllerTest" time="0.073"/>
  <testcase name="deleteFinanceDetail" classname="com.jiaxin.pad.controller.FinanceDetailControllerTest" time="0.064"/>
  <testcase name="updateFinanceDetail" classname="com.jiaxin.pad.controller.FinanceDetailControllerTest" time="0.072"/>
  <system-out><![CDATA[2019-10-24 14:00:19 | ?[34mINFO ?[0;39m | ?[1;33mTest worker?[0;39m | ?[1;32morg.springframework.boot.test.context.SpringBootTestContextBootstrapper?[0;39m | Neither @ContextConfiguration nor @ContextHierarchy found for test class [com.jiaxin.pad.controller.FinanceDetailControllerTest], using SpringBootContextLoader
2019-10-24 14:00:19 | ?[34mINFO ?[0;39m | ?[1;33mTest worker?[0;39m | ?[1;32morg.springframework.test.context.support.AbstractContextLoader?[0;39m | Could not detect default resource locations for test class [com.jiaxin.pad.controller.FinanceDetailControllerTest]: no resource found for suffixes {-context.xml, Context.groovy}.
2019-10-24 14:00:19 | ?[34mINFO ?[0;39m | ?[1;33mTest worker?[0;39m | ?[1;32morg.springframework.boot.test.context.SpringBootTestContextBootstrapper?[0;39m | Loaded default TestExecutionListener class names from location [META-INF/spring.factories]: [org.springframework.boot.test.autoconfigure.restdocs.RestDocsTestExecutionListener, org.springframework.boot.test.autoconfigure.web.client.MockRestServiceServerResetTestExecutionListener, org.springframework.boot.test.autoconfigure.web.servlet.MockMvcPrintOnlyOnFailureTestExecutionListener, org.springframework.boot.test.autoconfigure.web.servlet.WebDriverTestExecutionListener, org.springframework.boot.test.mock.mockito.MockitoTestExecutionListener, org.springframework.boot.test.mock.mockito.ResetMocksTestExecutionListener, org.springframework.test.context.web.ServletTestExecutionListener, org.springframework.test.context.support.DirtiesContextBeforeModesTestExecutionListener, org.springframework.test.context.support.DependencyInjectionTestExecutionListener, org.springframework.test.context.support.DirtiesContextTestExecutionListener, org.springframework.test.context.transaction.TransactionalTestExecutionListener, org.springframework.test.context.jdbc.SqlScriptsTestExecutionListener]
2019-10-24 14:00:19 | ?[34mINFO ?[0;39m | ?[1;33mTest worker?[0;39m | ?[1;32morg.springframework.boot.test.context.SpringBootTestContextBootstrapper?[0;39m | Using TestExecutionListeners: [org.springframework.test.context.web.ServletTestExecutionListener@78c289c6, org.springframework.test.context.support.DirtiesContextBeforeModesTestExecutionListener@10cb02f5, org.springframework.boot.test.autoconfigure.SpringBootDependencyInjectionTestExecutionListener@4d9aac4b, org.springframework.test.context.support.DirtiesContextTestExecutionListener@59b54862, org.springframework.test.context.transaction.TransactionalTestExecutionListener@35d5662b, org.springframework.test.context.jdbc.SqlScriptsTestExecutionListener@7d4116ce, org.springframework.boot.test.autoconfigure.restdocs.RestDocsTestExecutionListener@652115d9, org.springframework.boot.test.autoconfigure.web.servlet.WebDriverTestExecutionListener@16a4a747, org.springframework.boot.test.autoconfigure.web.client.MockRestServiceServerResetTestExecutionListener@8de6f86, org.springframework.boot.test.autoconfigure.web.servlet.MockMvcPrintOnlyOnFailureTestExecutionListener@7d5cff35, org.springframework.boot.test.mock.mockito.MockitoTestExecutionListener@103ea29a, org.springframework.boot.test.mock.mockito.ResetMocksTestExecutionListener@2313b145]
2019-10-24 14:00:19 | ?[34mINFO ?[0;39m | ?[1;33mTest worker?[0;39m | ?[1;32morg.springframework.boot.test.mock.web.SpringBootMockServletContext?[0;39m | Initializing Spring FrameworkServlet ''
2019-10-24 14:00:19 | ?[34mINFO ?[0;39m | ?[1;33mTest worker?[0;39m | ?[1;32morg.springframework.test.web.servlet.TestDispatcherServlet?[0;39m | FrameworkServlet '': initialization started
2019-10-24 14:00:19 | ?[34mINFO ?[0;39m | ?[1;33mTest worker?[0;39m | ?[1;32morg.springframework.test.web.servlet.TestDispatcherServlet?[0;39m | FrameworkServlet '': initialization completed in 5 ms
2019-10-24 14:00:19 | ?[34mINFO ?[0;39m | ?[1;33mTest worker?[0;39m | ?[1;32mcom.jiaxin.pad.controller.DictionaryControllerTest?[0;39m | 插入财务信息
2019-10-24 14:00:19 | ?[34mINFO ?[0;39m | ?[1;33mTest worker?[0;39m | ?[1;32mcom.jiaxin.pad.controller.DictionaryControllerTest?[0;39m | 插入财务信息条件: {"itemId":3,"note":"炒面","costMoney":10}
2019-10-24 14:00:19 | ?[34mINFO ?[0;39m | ?[1;33mTest worker?[0;39m | ?[1;32mcom.jiaxin.pda.controller.BaseController?[0;39m | 插入财务信息，入参为：FinanceDetailVo(id=null, uuid=0, itemId=3, costMoney=10.0, note=炒面)
2019-10-24 14:00:19 | ?[39mDEBUG?[0;39m | ?[1;33mTest worker?[0;39m | ?[1;32mcom.jiaxin.pda.mapper.FinanceDetailMapper.selectMaxUuid?[0;39m | ==>  Preparing: SELECT IFNULL( max( tfd.uuid), 0 ) FROM tb_finance_detail tfd WHERE tfd.delete_flag = 0 
2019-10-24 14:00:19 | ?[39mDEBUG?[0;39m | ?[1;33mTest worker?[0;39m | ?[1;32mcom.jiaxin.pda.mapper.FinanceDetailMapper.selectMaxUuid?[0;39m | ==> Parameters: 
2019-10-24 14:00:19 | ?[39mDEBUG?[0;39m | ?[1;33mTest worker?[0;39m | ?[1;32mcom.jiaxin.pda.mapper.FinanceDetailMapper.selectMaxUuid?[0;39m | <==      Total: 1
2019-10-24 14:00:19 | ?[39mDEBUG?[0;39m | ?[1;33mTest worker?[0;39m | ?[1;32mcom.jiaxin.pda.mapper.FinanceDetailMapper.insertFinanceDetail?[0;39m | ==>  Preparing: INSERT INTO tb_finance_detail ( id, uuid, item_id, cost_money, note, delete_flag, reversion, created_by, created_time, updated_by, updated_time ) VALUES ( ?, ?, ?, ?, ?, ?, ?, ?, ?, ?, ? ) 
2019-10-24 14:00:19 | ?[39mDEBUG?[0;39m | ?[1;33mTest worker?[0;39m | ?[1;32mcom.jiaxin.pda.mapper.FinanceDetailMapper.insertFinanceDetail?[0;39m | ==> Parameters: 4678ba1abbb84391953ea78ada3500eb(String), 7(Integer), 3(Integer), 10.0(Double), 炒面(String), false(Boolean), 1(Integer), -1(Integer), 2019-10-24 14:00:17.523(Timestamp), -1(Integer), 2019-10-24 14:00:17.523(Timestamp)
2019-10-24 14:00:19 | ?[39mDEBUG?[0;39m | ?[1;33mTest worker?[0;39m | ?[1;32mcom.jiaxin.pda.mapper.FinanceDetailMapper.insertFinanceDetail?[0;39m | <==    Updates: 1

MockHttpServletRequest:
      HTTP Method = PUT
      Request URI = /finance/insertFinanceDetail
       Parameters = {}
          Headers = {Accept=[application/json], Content-Type=[application/json;charset=utf-8]}

Handler:
             Type = com.jiaxin.pda.controller.FinanceDetailController
           Method = public com.jiaxin.pda.entity.vo.GeneralVo com.jiaxin.pda.controller.FinanceDetailController.insertFinanceDetail(javax.servlet.http.HttpServletRequest,javax.servlet.http.HttpServletResponse,com.jiaxin.pda.entity.vo.FinanceDetailVo)

Async:
    Async started = false
     Async result = null

Resolved Exception:
             Type = null

ModelAndView:
        View name = null
             View = null
            Model = null

FlashMap:
       Attributes = null

MockHttpServletResponse:
           Status = 200
    Error message = null
          Headers = {Content-Type=[application/json;charset=UTF-8]}
     Content type = application/json;charset=UTF-8
             Body = {"code":200,"msg":"操作成功","body":null}
    Forwarded URL = null
   Redirected URL = null
          Cookies = []
2019-10-24 14:00:19 | ?[34mINFO ?[0;39m | ?[1;33mTest worker?[0;39m | ?[1;32morg.springframework.boot.test.mock.web.SpringBootMockServletContext?[0;39m | Initializing Spring FrameworkServlet ''
2019-10-24 14:00:19 | ?[34mINFO ?[0;39m | ?[1;33mTest worker?[0;39m | ?[1;32morg.springframework.test.web.servlet.TestDispatcherServlet?[0;39m | FrameworkServlet '': initialization started
2019-10-24 14:00:19 | ?[34mINFO ?[0;39m | ?[1;33mTest worker?[0;39m | ?[1;32morg.springframework.test.web.servlet.TestDispatcherServlet?[0;39m | FrameworkServlet '': initialization completed in 5 ms
2019-10-24 14:00:19 | ?[34mINFO ?[0;39m | ?[1;33mTest worker?[0;39m | ?[1;32mcom.jiaxin.pad.controller.DictionaryControllerTest?[0;39m | 分页查询财务信息
2019-10-24 14:00:19 | ?[34mINFO ?[0;39m | ?[1;33mTest worker?[0;39m | ?[1;32mcom.jiaxin.pad.controller.DictionaryControllerTest?[0;39m | 分页查询财务信息 条件: {"current":1,"offset":10,"peopleId":3}
2019-10-24 14:00:19 | ?[39mDEBUG?[0;39m | ?[1;33mTest worker?[0;39m | ?[1;32mcom.jiaxin.pda.mapper.FinanceDetailMapper.queryFinanceDetailByPage?[0;39m | ==>  Preparing: select count(0) from (SELECT tfd.id, tfd.uuid, tfd.item_id AS itemId, tfd.cost_money AS costMoney, tfd.note, tfd.created_by AS createdBy, tfd.created_time AS createdTime, tfd.updated_by AS updatedBy, tfd.updated_time AS updatedTime, tfd.reversion, tfd.delete_flag as deleteFlag FROM tb_finance_detail tfd where tfd.delete_flag = 0 and tfd.updated_by = ?) as total 
2019-10-24 14:00:19 | ?[39mDEBUG?[0;39m | ?[1;33mTest worker?[0;39m | ?[1;32mcom.jiaxin.pda.mapper.FinanceDetailMapper.queryFinanceDetailByPage?[0;39m | ==> Parameters: 3(Integer)
2019-10-24 14:00:19 | ?[39mDEBUG?[0;39m | ?[1;33mTest worker?[0;39m | ?[1;32mcom.jiaxin.pda.mapper.FinanceDetailMapper.queryFinanceDetailByPage?[0;39m | ==>  Preparing: SELECT tfd.id, tfd.uuid, tfd.item_id AS itemId, tfd.cost_money AS costMoney, tfd.note, tfd.created_by AS createdBy, tfd.created_time AS createdTime, tfd.updated_by AS updatedBy, tfd.updated_time AS updatedTime, tfd.reversion, tfd.delete_flag as deleteFlag FROM tb_finance_detail tfd where tfd.delete_flag = 0 and tfd.updated_by = ? limit 0,10 
2019-10-24 14:00:19 | ?[39mDEBUG?[0;39m | ?[1;33mTest worker?[0;39m | ?[1;32mcom.jiaxin.pda.mapper.FinanceDetailMapper.queryFinanceDetailByPage?[0;39m | ==> Parameters: 3(Integer)
2019-10-24 14:00:19 | ?[39mDEBUG?[0;39m | ?[1;33mTest worker?[0;39m | ?[1;32mcom.jiaxin.pda.mapper.FinanceDetailMapper.queryFinanceDetailByPage?[0;39m | <==      Total: 2

MockHttpServletRequest:
      HTTP Method = POST
      Request URI = /finance/queryFinanceDetailByPage
       Parameters = {}
          Headers = {Accept=[application/json], Content-Type=[application/json;charset=utf-8]}

Handler:
             Type = com.jiaxin.pda.controller.FinanceDetailController
           Method = public com.jiaxin.pda.entity.ListPageVo com.jiaxin.pda.controller.FinanceDetailController.queryFinanceDetailByPage(com.jiaxin.pda.entity.dto.FinanceDetailDto)

Async:
    Async started = false
     Async result = null

Resolved Exception:
             Type = null

ModelAndView:
        View name = null
             View = null
            Model = null

FlashMap:
       Attributes = null

MockHttpServletResponse:
           Status = 200
    Error message = null
          Headers = {Content-Type=[application/json;charset=UTF-8]}
     Content type = application/json;charset=UTF-8
             Body = {"code":200,"msg":"操作成功","body":{"rows":[{"createdTime":1569740013000,"createdBy":3,"updatedTime":1569740013000,"updatedBy":3,"reversion":1,"deleteFlag":false,"id":"085a10b9c3974c85a6dc92ca7fc11d11","uuid":2,"itemId":4,"costMoney":3.6,"note":"从咸宁路到延平门"},{"createdTime":1569738604000,"createdBy":3,"updatedTime":1569740414000,"updatedBy":3,"reversion":2,"deleteFlag":false,"id":"085a10b9c3974c85a6dc92ca7fc11d12","uuid":1,"itemId":3,"costMoney":1.0,"note":"坐800路"}],"page":{"offset":10,"current":1,"pages":1,"rows":2}}}
    Forwarded URL = null
   Redirected URL = null
          Cookies = []
2019-10-24 14:00:19 | ?[34mINFO ?[0;39m | ?[1;33mTest worker?[0;39m | ?[1;32morg.springframework.boot.test.mock.web.SpringBootMockServletContext?[0;39m | Initializing Spring FrameworkServlet ''
2019-10-24 14:00:19 | ?[34mINFO ?[0;39m | ?[1;33mTest worker?[0;39m | ?[1;32morg.springframework.test.web.servlet.TestDispatcherServlet?[0;39m | FrameworkServlet '': initialization started
2019-10-24 14:00:19 | ?[34mINFO ?[0;39m | ?[1;33mTest worker?[0;39m | ?[1;32morg.springframework.test.web.servlet.TestDispatcherServlet?[0;39m | FrameworkServlet '': initialization completed in 3 ms
2019-10-24 14:00:19 | ?[34mINFO ?[0;39m | ?[1;33mTest worker?[0;39m | ?[1;32mcom.jiaxin.pad.controller.DictionaryControllerTest?[0;39m | 删除财务信息
2019-10-24 14:00:19 | ?[34mINFO ?[0;39m | ?[1;33mTest worker?[0;39m | ?[1;32mcom.jiaxin.pda.controller.BaseController?[0;39m | 删除财务信息，入参为：FinanceDetailVo(id=fa17977a028a4489ad4e2dae354bff53, uuid=0, itemId=0, costMoney=0.0, note=null)
2019-10-24 14:00:19 | ?[39mDEBUG?[0;39m | ?[1;33mTest worker?[0;39m | ?[1;32mcom.jiaxin.pda.mapper.FinanceDetailMapper.deleteFinanceDetail?[0;39m | ==>  Preparing: UPDATE tb_finance_detail SET delete_flag = ?, reversion = reversion + 1, updated_by = ?, updated_time = ? WHERE id = ? and reversion = ? 
2019-10-24 14:00:19 | ?[39mDEBUG?[0;39m | ?[1;33mTest worker?[0;39m | ?[1;32mcom.jiaxin.pda.mapper.FinanceDetailMapper.deleteFinanceDetail?[0;39m | ==> Parameters: true(Boolean), -1(Integer), 2019-10-24 14:00:17.523(Timestamp), fa17977a028a4489ad4e2dae354bff53(String), 17(Integer)
2019-10-24 14:00:19 | ?[39mDEBUG?[0;39m | ?[1;33mTest worker?[0;39m | ?[1;32mcom.jiaxin.pda.mapper.FinanceDetailMapper.deleteFinanceDetail?[0;39m | <==    Updates: 0

MockHttpServletRequest:
      HTTP Method = DELETE
      Request URI = /finance/deleteFinanceDetail
       Parameters = {}
          Headers = {Accept=[application/json], Content-Type=[application/json;charset=utf-8]}

Handler:
             Type = com.jiaxin.pda.controller.FinanceDetailController
           Method = public com.jiaxin.pda.entity.vo.GeneralVo com.jiaxin.pda.controller.FinanceDetailController.deleteFinanceDetail(javax.servlet.http.HttpServletRequest,javax.servlet.http.HttpServletResponse,com.jiaxin.pda.entity.vo.FinanceDetailVo)

Async:
    Async started = false
     Async result = null

Resolved Exception:
             Type = null

ModelAndView:
        View name = null
             View = null
            Model = null

FlashMap:
       Attributes = null

MockHttpServletResponse:
           Status = 200
    Error message = null
          Headers = {Content-Type=[application/json;charset=UTF-8]}
     Content type = application/json;charset=UTF-8
             Body = {"code":201,"msg":"操作失败","body":null}
    Forwarded URL = null
   Redirected URL = null
          Cookies = []
2019-10-24 14:00:19 | ?[34mINFO ?[0;39m | ?[1;33mTest worker?[0;39m | ?[1;32morg.springframework.boot.test.mock.web.SpringBootMockServletContext?[0;39m | Initializing Spring FrameworkServlet ''
2019-10-24 14:00:19 | ?[34mINFO ?[0;39m | ?[1;33mTest worker?[0;39m | ?[1;32morg.springframework.test.web.servlet.TestDispatcherServlet?[0;39m | FrameworkServlet '': initialization started
2019-10-24 14:00:19 | ?[34mINFO ?[0;39m | ?[1;33mTest worker?[0;39m | ?[1;32morg.springframework.test.web.servlet.TestDispatcherServlet?[0;39m | FrameworkServlet '': initialization completed in 3 ms
2019-10-24 14:00:19 | ?[34mINFO ?[0;39m | ?[1;33mTest worker?[0;39m | ?[1;32mcom.jiaxin.pad.controller.DictionaryControllerTest?[0;39m | 修改财务信息
2019-10-24 14:00:19 | ?[34mINFO ?[0;39m | ?[1;33mTest worker?[0;39m | ?[1;32mcom.jiaxin.pad.controller.DictionaryControllerTest?[0;39m | 修改财务信息条件: {"itemId":3,"note":"扁豆焖面","costMoney":10.0,"id":"fa17977a028a4489ad4e2dae354bff53"}
2019-10-24 14:00:19 | ?[34mINFO ?[0;39m | ?[1;33mTest worker?[0;39m | ?[1;32mcom.jiaxin.pda.controller.BaseController?[0;39m | 修改财务信息，入参为：FinanceDetailVo(id=fa17977a028a4489ad4e2dae354bff53, uuid=0, itemId=3, costMoney=10.0, note=扁豆焖面)
2019-10-24 14:00:19 | ?[39mDEBUG?[0;39m | ?[1;33mTest worker?[0;39m | ?[1;32mcom.jiaxin.pda.mapper.FinanceDetailMapper.updateFinanceDetail?[0;39m | ==>  Preparing: UPDATE tb_finance_detail SET item_id = ?, cost_money = ?, note = ?, reversion = reversion + 1, updated_by = ?, updated_time = ? WHERE id = ? 
2019-10-24 14:00:19 | ?[39mDEBUG?[0;39m | ?[1;33mTest worker?[0;39m | ?[1;32mcom.jiaxin.pda.mapper.FinanceDetailMapper.updateFinanceDetail?[0;39m | ==> Parameters: 3(Integer), 10.0(Double), 扁豆焖面(String), -1(Integer), 2019-10-24 14:00:17.523(Timestamp), fa17977a028a4489ad4e2dae354bff53(String)
2019-10-24 14:00:19 | ?[39mDEBUG?[0;39m | ?[1;33mTest worker?[0;39m | ?[1;32mcom.jiaxin.pda.mapper.FinanceDetailMapper.updateFinanceDetail?[0;39m | <==    Updates: 1

MockHttpServletRequest:
      HTTP Method = PUT
      Request URI = /finance/updateFinanceDetail
       Parameters = {}
          Headers = {Accept=[application/json], Content-Type=[application/json;charset=utf-8]}

Handler:
             Type = com.jiaxin.pda.controller.FinanceDetailController
           Method = public com.jiaxin.pda.entity.vo.GeneralVo com.jiaxin.pda.controller.FinanceDetailController.updateFinanceDetail(javax.servlet.http.HttpServletRequest,javax.servlet.http.HttpServletResponse,com.jiaxin.pda.entity.vo.FinanceDetailVo)

Async:
    Async started = false
     Async result = null

Resolved Exception:
             Type = null

ModelAndView:
        View name = null
             View = null
            Model = null

FlashMap:
       Attributes = null

MockHttpServletResponse:
           Status = 200
    Error message = null
          Headers = {Content-Type=[application/json;charset=UTF-8]}
     Content type = application/json;charset=UTF-8
             Body = {"code":200,"msg":"操作成功","body":null}
    Forwarded URL = null
   Redirected URL = null
          Cookies = []
]]></system-out>
  <system-err><![CDATA[]]></system-err>
</testsuite>
