<?xml version="1.0" encoding="UTF-8"?>
<testsuite name="com.jiaxin.pad.controller.UserControllerTest" tests="1" skipped="0" failures="0" errors="0" timestamp="2019-10-28T07:01:39" hostname="milos-computer.local" time="42.693">
  <properties/>
  <testcase name="queryMenuListByUserToken" classname="com.jiaxin.pad.controller.UserControllerTest" time="42.693"/>
  <system-out><![CDATA[15:01:08.106 [Test worker] DEBUG org.springframework.test.context.junit4.SpringJUnit4ClassRunner - SpringJUnit4ClassRunner constructor called with [class com.jiaxin.pad.controller.UserControllerTest]
15:01:08.121 [Test worker] DEBUG org.springframework.test.context.BootstrapUtils - Instantiating CacheAwareContextLoaderDelegate from class [org.springframework.test.context.cache.DefaultCacheAwareContextLoaderDelegate]
15:01:08.143 [Test worker] DEBUG org.springframework.test.context.BootstrapUtils - Instantiating BootstrapContext using constructor [public org.springframework.test.context.support.DefaultBootstrapContext(java.lang.Class,org.springframework.test.context.CacheAwareContextLoaderDelegate)]
15:01:08.188 [Test worker] DEBUG org.springframework.test.context.BootstrapUtils - Instantiating TestContextBootstrapper for test class [com.jiaxin.pad.controller.UserControllerTest] from class [org.springframework.boot.test.context.SpringBootTestContextBootstrapper]
15:01:08.204 [Test worker] INFO org.springframework.boot.test.context.SpringBootTestContextBootstrapper - Neither @ContextConfiguration nor @ContextHierarchy found for test class [com.jiaxin.pad.controller.UserControllerTest], using SpringBootContextLoader
15:01:08.209 [Test worker] DEBUG org.springframework.test.context.support.AbstractContextLoader - Did not detect default resource location for test class [com.jiaxin.pad.controller.UserControllerTest]: class path resource [com/jiaxin/pad/controller/UserControllerTest-context.xml] does not exist
15:01:08.219 [Test worker] DEBUG org.springframework.test.context.support.AbstractContextLoader - Did not detect default resource location for test class [com.jiaxin.pad.controller.UserControllerTest]: class path resource [com/jiaxin/pad/controller/UserControllerTestContext.groovy] does not exist
15:01:08.219 [Test worker] INFO org.springframework.test.context.support.AbstractContextLoader - Could not detect default resource locations for test class [com.jiaxin.pad.controller.UserControllerTest]: no resource found for suffixes {-context.xml, Context.groovy}.
15:01:08.291 [Test worker] DEBUG org.springframework.test.context.support.ActiveProfilesUtils - Could not find an 'annotation declaring class' for annotation type [org.springframework.test.context.ActiveProfiles] and class [com.jiaxin.pad.controller.UserControllerTest]
15:01:08.365 [Test worker] DEBUG org.springframework.boot.test.context.SpringBootTestContextBootstrapper - @TestExecutionListeners is not present for class [com.jiaxin.pad.controller.UserControllerTest]: using defaults.
15:01:08.381 [Test worker] INFO org.springframework.boot.test.context.SpringBootTestContextBootstrapper - Loaded default TestExecutionListener class names from location [META-INF/spring.factories]: [org.springframework.boot.test.autoconfigure.restdocs.RestDocsTestExecutionListener, org.springframework.boot.test.autoconfigure.web.client.MockRestServiceServerResetTestExecutionListener, org.springframework.boot.test.autoconfigure.web.servlet.MockMvcPrintOnlyOnFailureTestExecutionListener, org.springframework.boot.test.autoconfigure.web.servlet.WebDriverTestExecutionListener, org.springframework.boot.test.mock.mockito.MockitoTestExecutionListener, org.springframework.boot.test.mock.mockito.ResetMocksTestExecutionListener, org.springframework.test.context.web.ServletTestExecutionListener, org.springframework.test.context.support.DirtiesContextBeforeModesTestExecutionListener, org.springframework.test.context.support.DependencyInjectionTestExecutionListener, org.springframework.test.context.support.DirtiesContextTestExecutionListener, org.springframework.test.context.transaction.TransactionalTestExecutionListener, org.springframework.test.context.jdbc.SqlScriptsTestExecutionListener]
15:01:08.416 [Test worker] INFO org.springframework.boot.test.context.SpringBootTestContextBootstrapper - Using TestExecutionListeners: [org.springframework.test.context.web.ServletTestExecutionListener@579cde22, org.springframework.test.context.support.DirtiesContextBeforeModesTestExecutionListener@748946d4, org.springframework.boot.test.autoconfigure.SpringBootDependencyInjectionTestExecutionListener@4c705848, org.springframework.test.context.support.DirtiesContextTestExecutionListener@2f879080, org.springframework.test.context.transaction.TransactionalTestExecutionListener@1e5b269c, org.springframework.test.context.jdbc.SqlScriptsTestExecutionListener@20da7c65, org.springframework.boot.test.mock.mockito.MockitoTestExecutionListener@6ea6d22e, org.springframework.boot.test.autoconfigure.web.client.MockRestServiceServerResetTestExecutionListener@7d365cea, org.springframework.boot.test.mock.mockito.ResetMocksTestExecutionListener@3a9efa16, org.springframework.boot.test.autoconfigure.web.servlet.MockMvcPrintOnlyOnFailureTestExecutionListener@49548074, org.springframework.boot.test.autoconfigure.web.servlet.WebDriverTestExecutionListener@11bb1cd2, org.springframework.boot.test.autoconfigure.restdocs.RestDocsTestExecutionListener@5ea5d303]
15:01:08.422 [Test worker] DEBUG org.springframework.test.annotation.ProfileValueUtils - Retrieved @ProfileValueSourceConfiguration [null] for test class [com.jiaxin.pad.controller.UserControllerTest]
15:01:08.423 [Test worker] DEBUG org.springframework.test.annotation.ProfileValueUtils - Retrieved ProfileValueSource type [class org.springframework.test.annotation.SystemProfileValueSource] for class [com.jiaxin.pad.controller.UserControllerTest]
15:01:08.430 [Test worker] DEBUG org.springframework.test.annotation.ProfileValueUtils - Retrieved @ProfileValueSourceConfiguration [null] for test class [com.jiaxin.pad.controller.UserControllerTest]
15:01:08.430 [Test worker] DEBUG org.springframework.test.annotation.ProfileValueUtils - Retrieved ProfileValueSource type [class org.springframework.test.annotation.SystemProfileValueSource] for class [com.jiaxin.pad.controller.UserControllerTest]
15:01:08.431 [Test worker] DEBUG org.springframework.test.annotation.ProfileValueUtils - Retrieved @ProfileValueSourceConfiguration [null] for test class [com.jiaxin.pad.controller.UserControllerTest]
15:01:08.432 [Test worker] DEBUG org.springframework.test.annotation.ProfileValueUtils - Retrieved ProfileValueSource type [class org.springframework.test.annotation.SystemProfileValueSource] for class [com.jiaxin.pad.controller.UserControllerTest]
15:01:08.441 [Test worker] DEBUG org.springframework.test.context.support.AbstractDirtiesContextTestExecutionListener - Before test class: context [DefaultTestContext@223aa3bc testClass = UserControllerTest, testInstance = [null], testMethod = [null], testException = [null], mergedContextConfiguration = [WebMergedContextConfiguration@503ccf26 testClass = UserControllerTest, locations = '{}', classes = '{class com.jiaxin.pda.PdaApplication, class com.jiaxin.pda.PdaApplication}', contextInitializerClasses = '[]', activeProfiles = '{}', propertySourceLocations = '{}', propertySourceProperties = '{org.springframework.boot.test.context.SpringBootTestContextBootstrapper=true}', contextCustomizers = set[org.springframework.boot.test.autoconfigure.properties.PropertyMappingContextCustomizer@0, org.springframework.boot.test.autoconfigure.web.servlet.WebDriverContextCustomizerFactory$Customizer@744bb321, org.springframework.boot.test.context.SpringBootTestContextCustomizer@5ed6d6ca, org.springframework.boot.test.context.filter.ExcludeFilterContextCustomizer@7a8bf586, org.springframework.boot.test.mock.mockito.MockitoContextCustomizer@0, org.springframework.test.context.web.socket.MockServerContainerContextCustomizer@55d640e7], resourceBasePath = 'src/main/webapp', contextLoader = 'org.springframework.boot.test.context.SpringBootContextLoader', parent = [null]]], class annotated with @DirtiesContext [false] with mode [null].
15:01:08.444 [Test worker] DEBUG org.springframework.test.annotation.ProfileValueUtils - Retrieved @ProfileValueSourceConfiguration [null] for test class [com.jiaxin.pad.controller.UserControllerTest]
15:01:08.444 [Test worker] DEBUG org.springframework.test.annotation.ProfileValueUtils - Retrieved ProfileValueSource type [class org.springframework.test.annotation.SystemProfileValueSource] for class [com.jiaxin.pad.controller.UserControllerTest]
15:01:08.605 [Test worker] DEBUG org.springframework.core.env.StandardEnvironment - Adding [systemProperties] PropertySource with lowest search precedence
15:01:08.607 [Test worker] DEBUG org.springframework.core.env.StandardEnvironment - Adding [systemEnvironment] PropertySource with lowest search precedence
15:01:08.607 [Test worker] DEBUG org.springframework.core.env.StandardEnvironment - Initialized StandardEnvironment with PropertySources [systemProperties,systemEnvironment]
15:01:08.609 [Test worker] DEBUG org.springframework.test.context.support.TestPropertySourceUtils - Adding inlined properties to environment: {spring.jmx.enabled=false, org.springframework.boot.test.context.SpringBootTestContextBootstrapper=true, server.port=-1}
15:01:08.610 [Test worker] DEBUG org.springframework.core.env.StandardEnvironment - Adding [Inlined Test Properties] PropertySource with highest search precedence

  .   ____          _            __ _ _
 /\\ / ___'_ __ _ _(_)_ __  __ _ \ \ \ \
( ( )\___ | '_ | '_| | '_ \/ _` | \ \ \ \
 \\/  ___)| |_)| | | | | || (_| |  ) ) ) )
  '  |____| .__|_| |_|_| |_\__, | / / / /
 =========|_|==============|___/=/_/_/_/
 :: Spring Boot ::        (v1.4.3.RELEASE)

2019-10-28 15:01:29 | ?[34mINFO ?[0;39m | ?[1;33mTest worker?[0;39m | ?[1;32mcom.jiaxin.pad.controller.UserControllerTest?[0;39m | Starting UserControllerTest on milos-computer.local with PID 48175 (started by mac in /Users/mac/gitHubRepository/pda)
2019-10-28 15:01:29 | ?[34mINFO ?[0;39m | ?[1;33mTest worker?[0;39m | ?[1;32mcom.jiaxin.pad.controller.UserControllerTest?[0;39m | No active profile set, falling back to default profiles: default
2019-10-28 15:01:29 | ?[34mINFO ?[0;39m | ?[1;33mTest worker?[0;39m | ?[1;32morg.springframework.web.context.support.GenericWebApplicationContext?[0;39m | Refreshing org.springframework.web.context.support.GenericWebApplicationContext@56c96a00: startup date [Mon Oct 28 15:01:29 CST 2019]; root of context hierarchy
2019-10-28 15:01:31 | ?[34mINFO ?[0;39m | ?[1;33mTest worker?[0;39m | ?[1;32morg.springframework.data.repository.config.RepositoryConfigurationDelegate?[0;39m | Multiple Spring Data modules found, entering strict repository configuration mode!
2019-10-28 15:01:31 | ?[34mINFO ?[0;39m | ?[1;33mTest worker?[0;39m | ?[1;32morg.springframework.context.support.PostProcessorRegistrationDelegate$BeanPostProcessorChecker?[0;39m | Bean 'org.springframework.transaction.annotation.ProxyTransactionManagementConfiguration' of type [class org.springframework.transaction.annotation.ProxyTransactionManagementConfiguration$$EnhancerBySpringCGLIB$$1596630e] is not eligible for getting processed by all BeanPostProcessors (for example: not eligible for auto-proxying)
2019-10-28 15:01:32 | ?[34mINFO ?[0;39m | ?[1;33mTest worker?[0;39m | ?[1;32mcom.alibaba.druid.spring.boot.autoconfigure.DruidDataSourceAutoConfigure?[0;39m | Init DruidDataSource
2019-10-28 15:01:33 | ?[34mINFO ?[0;39m | ?[1;33mTest worker?[0;39m | ?[1;32mcom.alibaba.druid.pool.DruidDataSource?[0;39m | {dataSource-1} inited
2019-10-28 15:01:34 | ?[34mINFO ?[0;39m | ?[1;33mTest worker?[0;39m | ?[1;32morg.springframework.web.servlet.mvc.method.annotation.RequestMappingHandlerMapping?[0;39m | Mapped "{[/dictionary/insertDictionary],methods=[PUT]}" onto public com.jiaxin.pda.entity.vo.GeneralVo com.jiaxin.pda.controller.DictionaryController.insertDictionaryType(javax.servlet.http.HttpServletRequest,javax.servlet.http.HttpServletResponse,com.jiaxin.pda.entity.vo.DictionaryVo)
2019-10-28 15:01:34 | ?[34mINFO ?[0;39m | ?[1;33mTest worker?[0;39m | ?[1;32morg.springframework.web.servlet.mvc.method.annotation.RequestMappingHandlerMapping?[0;39m | Mapped "{[/dictionary/insertDictionaryType],methods=[PUT]}" onto public com.jiaxin.pda.entity.vo.GeneralVo com.jiaxin.pda.controller.DictionaryController.insertDictionaryType(javax.servlet.http.HttpServletRequest,javax.servlet.http.HttpServletResponse,com.jiaxin.pda.entity.vo.DictionaryTypeVo)
2019-10-28 15:01:34 | ?[34mINFO ?[0;39m | ?[1;33mTest worker?[0;39m | ?[1;32morg.springframework.web.servlet.mvc.method.annotation.RequestMappingHandlerMapping?[0;39m | Mapped "{[/dictionary/updateDictionary],methods=[PUT]}" onto public com.jiaxin.pda.entity.vo.GeneralVo com.jiaxin.pda.controller.DictionaryController.updateDictionaryType(javax.servlet.http.HttpServletRequest,javax.servlet.http.HttpServletResponse,com.jiaxin.pda.entity.vo.DictionaryVo)
2019-10-28 15:01:34 | ?[34mINFO ?[0;39m | ?[1;33mTest worker?[0;39m | ?[1;32morg.springframework.web.servlet.mvc.method.annotation.RequestMappingHandlerMapping?[0;39m | Mapped "{[/dictionary/updateDictionaryType],methods=[PUT]}" onto public com.jiaxin.pda.entity.vo.GeneralVo com.jiaxin.pda.controller.DictionaryController.updateDictionaryType(javax.servlet.http.HttpServletRequest,javax.servlet.http.HttpServletResponse,com.jiaxin.pda.entity.vo.DictionaryTypeVo)
2019-10-28 15:01:34 | ?[34mINFO ?[0;39m | ?[1;33mTest worker?[0;39m | ?[1;32morg.springframework.web.servlet.mvc.method.annotation.RequestMappingHandlerMapping?[0;39m | Mapped "{[/dictionary/deleteDictionaryType],methods=[DELETE]}" onto public com.jiaxin.pda.entity.vo.GeneralVo com.jiaxin.pda.controller.DictionaryController.deleteDictionaryType(javax.servlet.http.HttpServletRequest,javax.servlet.http.HttpServletResponse,com.jiaxin.pda.entity.vo.DictionaryTypeVo)
2019-10-28 15:01:34 | ?[34mINFO ?[0;39m | ?[1;33mTest worker?[0;39m | ?[1;32morg.springframework.web.servlet.mvc.method.annotation.RequestMappingHandlerMapping?[0;39m | Mapped "{[/dictionary/queryDictionaryTypeByPage],methods=[POST]}" onto public com.jiaxin.pda.entity.ListPageVo com.jiaxin.pda.controller.DictionaryController.queryDictionaryTypeByPage(com.jiaxin.pda.entity.dto.DictionaryTypeDto)
2019-10-28 15:01:34 | ?[34mINFO ?[0;39m | ?[1;33mTest worker?[0;39m | ?[1;32morg.springframework.web.servlet.mvc.method.annotation.RequestMappingHandlerMapping?[0;39m | Mapped "{[/dictionary/deleteDictionaryItem],methods=[DELETE]}" onto public com.jiaxin.pda.entity.vo.GeneralVo com.jiaxin.pda.controller.DictionaryController.deleteDictionary(javax.servlet.http.HttpServletRequest,javax.servlet.http.HttpServletResponse,com.jiaxin.pda.entity.vo.DictionaryVo)
2019-10-28 15:01:34 | ?[34mINFO ?[0;39m | ?[1;33mTest worker?[0;39m | ?[1;32morg.springframework.web.servlet.mvc.method.annotation.RequestMappingHandlerMapping?[0;39m | Mapped "{[/dictionary/queryDictionaryByTypeId/{typeId}],methods=[GET]}" onto public com.jiaxin.pda.entity.vo.GeneralVo com.jiaxin.pda.controller.DictionaryController.queryDictionaryByPage(java.lang.Integer)
2019-10-28 15:01:34 | ?[34mINFO ?[0;39m | ?[1;33mTest worker?[0;39m | ?[1;32morg.springframework.web.servlet.mvc.method.annotation.RequestMappingHandlerMapping?[0;39m | Mapped "{[/dictionary/queryDictionaryByPage],methods=[POST]}" onto public com.jiaxin.pda.entity.ListPageVo com.jiaxin.pda.controller.DictionaryController.queryDictionaryByPage(com.jiaxin.pda.entity.dto.DictionaryDto)
2019-10-28 15:01:34 | ?[34mINFO ?[0;39m | ?[1;33mTest worker?[0;39m | ?[1;32morg.springframework.web.servlet.mvc.method.annotation.RequestMappingHandlerMapping?[0;39m | Mapped "{[/finance/insertFinanceDetail],methods=[PUT]}" onto public com.jiaxin.pda.entity.vo.GeneralVo com.jiaxin.pda.controller.FinanceDetailController.insertFinanceDetail(javax.servlet.http.HttpServletRequest,javax.servlet.http.HttpServletResponse,com.jiaxin.pda.entity.vo.FinanceDetailVo)
2019-10-28 15:01:34 | ?[34mINFO ?[0;39m | ?[1;33mTest worker?[0;39m | ?[1;32morg.springframework.web.servlet.mvc.method.annotation.RequestMappingHandlerMapping?[0;39m | Mapped "{[/finance/updateFinanceDetail],methods=[PUT]}" onto public com.jiaxin.pda.entity.vo.GeneralVo com.jiaxin.pda.controller.FinanceDetailController.updateFinanceDetail(javax.servlet.http.HttpServletRequest,javax.servlet.http.HttpServletResponse,com.jiaxin.pda.entity.vo.FinanceDetailVo)
2019-10-28 15:01:34 | ?[34mINFO ?[0;39m | ?[1;33mTest worker?[0;39m | ?[1;32morg.springframework.web.servlet.mvc.method.annotation.RequestMappingHandlerMapping?[0;39m | Mapped "{[/finance/deleteFinanceDetail],methods=[DELETE]}" onto public com.jiaxin.pda.entity.vo.GeneralVo com.jiaxin.pda.controller.FinanceDetailController.deleteFinanceDetail(javax.servlet.http.HttpServletRequest,javax.servlet.http.HttpServletResponse,com.jiaxin.pda.entity.vo.FinanceDetailVo)
2019-10-28 15:01:34 | ?[34mINFO ?[0;39m | ?[1;33mTest worker?[0;39m | ?[1;32morg.springframework.web.servlet.mvc.method.annotation.RequestMappingHandlerMapping?[0;39m | Mapped "{[/finance/queryFinanceDetailByPage],methods=[POST]}" onto public com.jiaxin.pda.entity.ListPageVo com.jiaxin.pda.controller.FinanceDetailController.queryFinanceDetailByPage(com.jiaxin.pda.entity.dto.FinanceDetailDto)
2019-10-28 15:01:34 | ?[34mINFO ?[0;39m | ?[1;33mTest worker?[0;39m | ?[1;32morg.springframework.web.servlet.mvc.method.annotation.RequestMappingHandlerMapping?[0;39m | Mapped "{[/menu/insertMenu],methods=[PUT]}" onto public com.jiaxin.pda.entity.vo.GeneralVo com.jiaxin.pda.controller.MenuController.insertMenu(javax.servlet.http.HttpServletRequest,javax.servlet.http.HttpServletResponse,com.jiaxin.pda.entity.vo.MenuVo)
2019-10-28 15:01:34 | ?[34mINFO ?[0;39m | ?[1;33mTest worker?[0;39m | ?[1;32morg.springframework.web.servlet.mvc.method.annotation.RequestMappingHandlerMapping?[0;39m | Mapped "{[/menu/delete],methods=[DELETE]}" onto public com.jiaxin.pda.entity.vo.GeneralVo com.jiaxin.pda.controller.MenuController.deleteMenu(javax.servlet.http.HttpServletRequest,javax.servlet.http.HttpServletResponse,com.jiaxin.pda.entity.vo.MenuVo)
2019-10-28 15:01:34 | ?[34mINFO ?[0;39m | ?[1;33mTest worker?[0;39m | ?[1;32morg.springframework.web.servlet.mvc.method.annotation.RequestMappingHandlerMapping?[0;39m | Mapped "{[/menu/updateMenuName],methods=[POST]}" onto public com.jiaxin.pda.entity.vo.GeneralVo com.jiaxin.pda.controller.MenuController.updateMenuName(javax.servlet.http.HttpServletRequest,javax.servlet.http.HttpServletResponse,com.jiaxin.pda.entity.vo.MenuVo)
2019-10-28 15:01:34 | ?[34mINFO ?[0;39m | ?[1;33mTest worker?[0;39m | ?[1;32morg.springframework.web.servlet.mvc.method.annotation.RequestMappingHandlerMapping?[0;39m | Mapped "{[/menu/queryMenuListByPage],methods=[POST]}" onto public com.jiaxin.pda.entity.ListPageVo com.jiaxin.pda.controller.MenuController.queryMenuListByPage(com.jiaxin.pda.entity.dto.MenuDto)
2019-10-28 15:01:34 | ?[34mINFO ?[0;39m | ?[1;33mTest worker?[0;39m | ?[1;32morg.springframework.web.servlet.mvc.method.annotation.RequestMappingHandlerMapping?[0;39m | Mapped "{[/role/insertRole],methods=[PUT]}" onto public com.jiaxin.pda.entity.vo.GeneralVo com.jiaxin.pda.controller.RoleController.insertRole(javax.servlet.http.HttpServletRequest,javax.servlet.http.HttpServletResponse,com.jiaxin.pda.entity.vo.RoleVo,org.springframework.validation.BindingResult)
2019-10-28 15:01:34 | ?[34mINFO ?[0;39m | ?[1;33mTest worker?[0;39m | ?[1;32morg.springframework.web.servlet.mvc.method.annotation.RequestMappingHandlerMapping?[0;39m | Mapped "{[/role/updateRoleName],methods=[PUT]}" onto public com.jiaxin.pda.entity.vo.GeneralVo com.jiaxin.pda.controller.RoleController.updateRoleName(javax.servlet.http.HttpServletRequest,javax.servlet.http.HttpServletResponse,com.jiaxin.pda.entity.vo.RoleVo,org.springframework.validation.BindingResult)
2019-10-28 15:01:34 | ?[34mINFO ?[0;39m | ?[1;33mTest worker?[0;39m | ?[1;32morg.springframework.web.servlet.mvc.method.annotation.RequestMappingHandlerMapping?[0;39m | Mapped "{[/role/deleteRole],methods=[DELETE]}" onto public com.jiaxin.pda.entity.vo.GeneralVo com.jiaxin.pda.controller.RoleController.deleteRole(javax.servlet.http.HttpServletRequest,javax.servlet.http.HttpServletResponse,com.jiaxin.pda.entity.vo.RoleVo)
2019-10-28 15:01:34 | ?[34mINFO ?[0;39m | ?[1;33mTest worker?[0;39m | ?[1;32morg.springframework.web.servlet.mvc.method.annotation.RequestMappingHandlerMapping?[0;39m | Mapped "{[/role/selectRoleByPage],methods=[POST]}" onto public com.jiaxin.pda.entity.ListPageVo com.jiaxin.pda.controller.RoleController.selectRoleByPage(com.jiaxin.pda.entity.dto.RoleDto)
2019-10-28 15:01:34 | ?[34mINFO ?[0;39m | ?[1;33mTest worker?[0;39m | ?[1;32morg.springframework.web.servlet.mvc.method.annotation.RequestMappingHandlerMapping?[0;39m | Mapped "{[/role/givePrivilege],methods=[POST]}" onto public com.jiaxin.pda.entity.vo.GeneralVo com.jiaxin.pda.controller.RoleController.givePrivilege(javax.servlet.http.HttpServletRequest,javax.servlet.http.HttpServletResponse,com.jiaxin.pda.entity.vo.RolePrivilegeVo)
2019-10-28 15:01:34 | ?[34mINFO ?[0;39m | ?[1;33mTest worker?[0;39m | ?[1;32morg.springframework.web.servlet.mvc.method.annotation.RequestMappingHandlerMapping?[0;39m | Mapped "{[/role/cancelPrivilege],methods=[DELETE]}" onto public com.jiaxin.pda.entity.vo.GeneralVo com.jiaxin.pda.controller.RoleController.cancelPrivilege(javax.servlet.http.HttpServletRequest,javax.servlet.http.HttpServletResponse,com.jiaxin.pda.entity.vo.RolePrivilegeVo)
2019-10-28 15:01:34 | ?[34mINFO ?[0;39m | ?[1;33mTest worker?[0;39m | ?[1;32morg.springframework.web.servlet.mvc.method.annotation.RequestMappingHandlerMapping?[0;39m | Mapped "{[/role/queryPrivilegeByRoleId/{roleId}],methods=[GET]}" onto public com.jiaxin.pda.entity.vo.GeneralVo com.jiaxin.pda.controller.RoleController.queryPrivilegeByRoleId(java.lang.Integer)
2019-10-28 15:01:34 | ?[34mINFO ?[0;39m | ?[1;33mTest worker?[0;39m | ?[1;32morg.springframework.web.servlet.mvc.method.annotation.RequestMappingHandlerMapping?[0;39m | Mapped "{[/user/registerUser],methods=[PUT]}" onto public com.jiaxin.pda.entity.vo.GeneralVo com.jiaxin.pda.controller.UserController.insertUser(javax.servlet.http.HttpServletRequest,javax.servlet.http.HttpServletResponse,com.jiaxin.pda.entity.vo.UserVo)
2019-10-28 15:01:34 | ?[34mINFO ?[0;39m | ?[1;33mTest worker?[0;39m | ?[1;32morg.springframework.web.servlet.mvc.method.annotation.RequestMappingHandlerMapping?[0;39m | Mapped "{[/user/deleteUser],methods=[DELETE]}" onto public com.jiaxin.pda.entity.vo.GeneralVo com.jiaxin.pda.controller.UserController.deleteUser(javax.servlet.http.HttpServletRequest,javax.servlet.http.HttpServletResponse,com.jiaxin.pda.entity.vo.UserVo)
2019-10-28 15:01:34 | ?[34mINFO ?[0;39m | ?[1;33mTest worker?[0;39m | ?[1;32morg.springframework.web.servlet.mvc.method.annotation.RequestMappingHandlerMapping?[0;39m | Mapped "{[/user/updateUserName],methods=[PUT]}" onto public com.jiaxin.pda.entity.vo.GeneralVo com.jiaxin.pda.controller.UserController.updateUserName(javax.servlet.http.HttpServletRequest,javax.servlet.http.HttpServletResponse,com.jiaxin.pda.entity.vo.UserVo,org.springframework.validation.BindingResult)
2019-10-28 15:01:34 | ?[34mINFO ?[0;39m | ?[1;33mTest worker?[0;39m | ?[1;32morg.springframework.web.servlet.mvc.method.annotation.RequestMappingHandlerMapping?[0;39m | Mapped "{[/user/updateUserPassword],methods=[PUT]}" onto public com.jiaxin.pda.entity.vo.GeneralVo com.jiaxin.pda.controller.UserController.updateUserPassword(javax.servlet.http.HttpServletRequest,javax.servlet.http.HttpServletResponse,com.jiaxin.pda.entity.vo.UserVo)
2019-10-28 15:01:34 | ?[34mINFO ?[0;39m | ?[1;33mTest worker?[0;39m | ?[1;32morg.springframework.web.servlet.mvc.method.annotation.RequestMappingHandlerMapping?[0;39m | Mapped "{[/user/queryRoleByUserId/{userId}],methods=[GET]}" onto public com.jiaxin.pda.entity.vo.GeneralVo com.jiaxin.pda.controller.UserController.queryRoleByUserId(int)
2019-10-28 15:01:34 | ?[34mINFO ?[0;39m | ?[1;33mTest worker?[0;39m | ?[1;32morg.springframework.web.servlet.mvc.method.annotation.RequestMappingHandlerMapping?[0;39m | Mapped "{[/user/logout],methods=[POST]}" onto public com.jiaxin.pda.entity.vo.GeneralVo com.jiaxin.pda.controller.UserController.logout(com.jiaxin.pda.entity.vo.UserTokenVo)
2019-10-28 15:01:34 | ?[34mINFO ?[0;39m | ?[1;33mTest worker?[0;39m | ?[1;32morg.springframework.web.servlet.mvc.method.annotation.RequestMappingHandlerMapping?[0;39m | Mapped "{[/user/login],methods=[POST]}" onto public com.jiaxin.pda.entity.vo.GeneralVo com.jiaxin.pda.controller.UserController.login(com.jiaxin.pda.entity.vo.UserVo)
2019-10-28 15:01:34 | ?[34mINFO ?[0;39m | ?[1;33mTest worker?[0;39m | ?[1;32morg.springframework.web.servlet.mvc.method.annotation.RequestMappingHandlerMapping?[0;39m | Mapped "{[/user/findById/{id}],methods=[GET]}" onto public com.jiaxin.pda.entity.vo.GeneralVo com.jiaxin.pda.controller.UserController.findById(java.lang.String)
2019-10-28 15:01:34 | ?[34mINFO ?[0;39m | ?[1;33mTest worker?[0;39m | ?[1;32morg.springframework.web.servlet.mvc.method.annotation.RequestMappingHandlerMapping?[0;39m | Mapped "{[/user/queryUserListByPage],methods=[POST]}" onto public com.jiaxin.pda.entity.ListPageVo com.jiaxin.pda.controller.UserController.queryUserListByPage(com.jiaxin.pda.entity.dto.UserDto)
2019-10-28 15:01:34 | ?[34mINFO ?[0;39m | ?[1;33mTest worker?[0;39m | ?[1;32morg.springframework.web.servlet.mvc.method.annotation.RequestMappingHandlerMapping?[0;39m | Mapped "{[/user/insertUserRole],methods=[PUT]}" onto public com.jiaxin.pda.entity.vo.GeneralVo com.jiaxin.pda.controller.UserController.insertUserRole(javax.servlet.http.HttpServletRequest,javax.servlet.http.HttpServletResponse,com.jiaxin.pda.entity.vo.UserPrivilegeVo)
2019-10-28 15:01:34 | ?[34mINFO ?[0;39m | ?[1;33mTest worker?[0;39m | ?[1;32morg.springframework.web.servlet.mvc.method.annotation.RequestMappingHandlerMapping?[0;39m | Mapped "{[/user/deleteUserRole],methods=[DELETE]}" onto public com.jiaxin.pda.entity.vo.GeneralVo com.jiaxin.pda.controller.UserController.deleteUserRole(javax.servlet.http.HttpServletRequest,javax.servlet.http.HttpServletResponse,com.jiaxin.pda.entity.vo.UserPrivilegeVo)
2019-10-28 15:01:34 | ?[34mINFO ?[0;39m | ?[1;33mTest worker?[0;39m | ?[1;32morg.springframework.web.servlet.mvc.method.annotation.RequestMappingHandlerMapping?[0;39m | Mapped "{[/user/queryUserPrivileges],methods=[GET]}" onto public com.jiaxin.pda.entity.vo.GeneralVo com.jiaxin.pda.controller.UserController.queryUserPrivileges(javax.servlet.http.HttpServletRequest,javax.servlet.http.HttpServletResponse)
2019-10-28 15:01:34 | ?[34mINFO ?[0;39m | ?[1;33mTest worker?[0;39m | ?[1;32morg.springframework.web.servlet.mvc.method.annotation.RequestMappingHandlerMapping?[0;39m | Mapped "{[/v2/api-docs],methods=[GET],produces=[application/json || application/hal+json]}" onto public org.springframework.http.ResponseEntity<springfox.documentation.spring.web.json.Json> springfox.documentation.swagger2.web.Swagger2Controller.getDocumentation(java.lang.String,javax.servlet.http.HttpServletRequest)
2019-10-28 15:01:34 | ?[34mINFO ?[0;39m | ?[1;33mTest worker?[0;39m | ?[1;32morg.springframework.web.servlet.mvc.method.annotation.RequestMappingHandlerMapping?[0;39m | Mapped "{[/swagger-resources/configuration/ui]}" onto org.springframework.http.ResponseEntity<springfox.documentation.swagger.web.UiConfiguration> springfox.documentation.swagger.web.ApiResourceController.uiConfiguration()
2019-10-28 15:01:34 | ?[34mINFO ?[0;39m | ?[1;33mTest worker?[0;39m | ?[1;32morg.springframework.web.servlet.mvc.method.annotation.RequestMappingHandlerMapping?[0;39m | Mapped "{[/swagger-resources/configuration/security]}" onto org.springframework.http.ResponseEntity<springfox.documentation.swagger.web.SecurityConfiguration> springfox.documentation.swagger.web.ApiResourceController.securityConfiguration()
2019-10-28 15:01:34 | ?[34mINFO ?[0;39m | ?[1;33mTest worker?[0;39m | ?[1;32morg.springframework.web.servlet.mvc.method.annotation.RequestMappingHandlerMapping?[0;39m | Mapped "{[/swagger-resources]}" onto org.springframework.http.ResponseEntity<java.util.List<springfox.documentation.swagger.web.SwaggerResource>> springfox.documentation.swagger.web.ApiResourceController.swaggerResources()
2019-10-28 15:01:34 | ?[34mINFO ?[0;39m | ?[1;33mTest worker?[0;39m | ?[1;32morg.springframework.web.servlet.mvc.method.annotation.RequestMappingHandlerMapping?[0;39m | Mapped "{[/error]}" onto public org.springframework.http.ResponseEntity<java.util.Map<java.lang.String, java.lang.Object>> org.springframework.boot.autoconfigure.web.BasicErrorController.error(javax.servlet.http.HttpServletRequest)
2019-10-28 15:01:34 | ?[34mINFO ?[0;39m | ?[1;33mTest worker?[0;39m | ?[1;32morg.springframework.web.servlet.mvc.method.annotation.RequestMappingHandlerMapping?[0;39m | Mapped "{[/error],produces=[text/html]}" onto public org.springframework.web.servlet.ModelAndView org.springframework.boot.autoconfigure.web.BasicErrorController.errorHtml(javax.servlet.http.HttpServletRequest,javax.servlet.http.HttpServletResponse)
2019-10-28 15:01:36 | ?[34mINFO ?[0;39m | ?[1;33mTest worker?[0;39m | ?[1;32mliquibase.executor.jvm.JdbcExecutor?[0;39m | SELECT COUNT(*) FROM pda.DATABASECHANGELOGLOCK
2019-10-28 15:01:36 | ?[34mINFO ?[0;39m | ?[1;33mTest worker?[0;39m | ?[1;32mliquibase.executor.jvm.JdbcExecutor?[0;39m | SELECT COUNT(*) FROM pda.DATABASECHANGELOGLOCK
2019-10-28 15:01:36 | ?[34mINFO ?[0;39m | ?[1;33mTest worker?[0;39m | ?[1;32mliquibase.executor.jvm.JdbcExecutor?[0;39m | SELECT `LOCKED` FROM pda.DATABASECHANGELOGLOCK WHERE ID=1
2019-10-28 15:01:36 | ?[34mINFO ?[0;39m | ?[1;33mTest worker?[0;39m | ?[1;32mliquibase.lockservice.StandardLockService?[0;39m | Successfully acquired change log lock
2019-10-28 15:01:37 | ?[34mINFO ?[0;39m | ?[1;33mTest worker?[0;39m | ?[1;32mliquibase.executor.jvm.JdbcExecutor?[0;39m | SELECT MD5SUM FROM pda.DATABASECHANGELOG WHERE MD5SUM IS NOT NULL LIMIT 1
2019-10-28 15:01:37 | ?[34mINFO ?[0;39m | ?[1;33mTest worker?[0;39m | ?[1;32mliquibase.executor.jvm.JdbcExecutor?[0;39m | SELECT COUNT(*) FROM pda.DATABASECHANGELOG
2019-10-28 15:01:37 | ?[34mINFO ?[0;39m | ?[1;33mTest worker?[0;39m | ?[1;32mliquibase.changelog.StandardChangeLogHistoryService?[0;39m | Reading from pda.DATABASECHANGELOG
2019-10-28 15:01:37 | ?[34mINFO ?[0;39m | ?[1;33mTest worker?[0;39m | ?[1;32mliquibase.executor.jvm.JdbcExecutor?[0;39m | SELECT * FROM pda.DATABASECHANGELOG ORDER BY DATEEXECUTED ASC, ORDEREXECUTED ASC
2019-10-28 15:01:37 | ?[34mINFO ?[0;39m | ?[1;33mTest worker?[0;39m | ?[1;32mliquibase.lockservice.StandardLockService?[0;39m | Successfully released change log lock
2019-10-28 15:01:37 | ?[34mINFO ?[0;39m | ?[1;33mTest worker?[0;39m | ?[1;32morg.springframework.boot.actuate.endpoint.mvc.EndpointHandlerMapping?[0;39m | Mapped "{[/env/{name:.*}],methods=[GET],produces=[application/json]}" onto public java.lang.Object org.springframework.boot.actuate.endpoint.mvc.EnvironmentMvcEndpoint.value(java.lang.String)
2019-10-28 15:01:37 | ?[34mINFO ?[0;39m | ?[1;33mTest worker?[0;39m | ?[1;32morg.springframework.boot.actuate.endpoint.mvc.EndpointHandlerMapping?[0;39m | Mapped "{[/env || /env.json],methods=[GET],produces=[application/json]}" onto public java.lang.Object org.springframework.boot.actuate.endpoint.mvc.EndpointMvcAdapter.invoke()
2019-10-28 15:01:37 | ?[34mINFO ?[0;39m | ?[1;33mTest worker?[0;39m | ?[1;32morg.springframework.boot.actuate.endpoint.mvc.EndpointHandlerMapping?[0;39m | Mapped "{[/heapdump || /heapdump.json],methods=[GET],produces=[application/octet-stream]}" onto public void org.springframework.boot.actuate.endpoint.mvc.HeapdumpMvcEndpoint.invoke(boolean,javax.servlet.http.HttpServletRequest,javax.servlet.http.HttpServletResponse) throws java.io.IOException,javax.servlet.ServletException
2019-10-28 15:01:37 | ?[34mINFO ?[0;39m | ?[1;33mTest worker?[0;39m | ?[1;32morg.springframework.boot.actuate.endpoint.mvc.EndpointHandlerMapping?[0;39m | Mapped "{[/beans || /beans.json],methods=[GET],produces=[application/json]}" onto public java.lang.Object org.springframework.boot.actuate.endpoint.mvc.EndpointMvcAdapter.invoke()
2019-10-28 15:01:37 | ?[34mINFO ?[0;39m | ?[1;33mTest worker?[0;39m | ?[1;32morg.springframework.boot.actuate.endpoint.mvc.EndpointHandlerMapping?[0;39m | Mapped "{[/configprops || /configprops.json],methods=[GET],produces=[application/json]}" onto public java.lang.Object org.springframework.boot.actuate.endpoint.mvc.EndpointMvcAdapter.invoke()
2019-10-28 15:01:37 | ?[34mINFO ?[0;39m | ?[1;33mTest worker?[0;39m | ?[1;32morg.springframework.boot.actuate.endpoint.mvc.EndpointHandlerMapping?[0;39m | Mapped "{[/info || /info.json],methods=[GET],produces=[application/json]}" onto public java.lang.Object org.springframework.boot.actuate.endpoint.mvc.EndpointMvcAdapter.invoke()
2019-10-28 15:01:37 | ?[34mINFO ?[0;39m | ?[1;33mTest worker?[0;39m | ?[1;32morg.springframework.boot.actuate.endpoint.mvc.EndpointHandlerMapping?[0;39m | Mapped "{[/metrics/{name:.*}],methods=[GET],produces=[application/json]}" onto public java.lang.Object org.springframework.boot.actuate.endpoint.mvc.MetricsMvcEndpoint.value(java.lang.String)
2019-10-28 15:01:37 | ?[34mINFO ?[0;39m | ?[1;33mTest worker?[0;39m | ?[1;32morg.springframework.boot.actuate.endpoint.mvc.EndpointHandlerMapping?[0;39m | Mapped "{[/metrics || /metrics.json],methods=[GET],produces=[application/json]}" onto public java.lang.Object org.springframework.boot.actuate.endpoint.mvc.EndpointMvcAdapter.invoke()
2019-10-28 15:01:37 | ?[34mINFO ?[0;39m | ?[1;33mTest worker?[0;39m | ?[1;32morg.springframework.boot.actuate.endpoint.mvc.EndpointHandlerMapping?[0;39m | Mapped "{[/liquibase || /liquibase.json],methods=[GET],produces=[application/json]}" onto public java.lang.Object org.springframework.boot.actuate.endpoint.mvc.EndpointMvcAdapter.invoke()
2019-10-28 15:01:37 | ?[34mINFO ?[0;39m | ?[1;33mTest worker?[0;39m | ?[1;32morg.springframework.boot.actuate.endpoint.mvc.EndpointHandlerMapping?[0;39m | Mapped "{[/trace || /trace.json],methods=[GET],produces=[application/json]}" onto public java.lang.Object org.springframework.boot.actuate.endpoint.mvc.EndpointMvcAdapter.invoke()
2019-10-28 15:01:37 | ?[34mINFO ?[0;39m | ?[1;33mTest worker?[0;39m | ?[1;32morg.springframework.boot.actuate.endpoint.mvc.EndpointHandlerMapping?[0;39m | Mapped "{[/health || /health.json],produces=[application/json]}" onto public java.lang.Object org.springframework.boot.actuate.endpoint.mvc.HealthMvcEndpoint.invoke(java.security.Principal)
2019-10-28 15:01:37 | ?[34mINFO ?[0;39m | ?[1;33mTest worker?[0;39m | ?[1;32morg.springframework.boot.actuate.endpoint.mvc.EndpointHandlerMapping?[0;39m | Mapped "{[/mappings || /mappings.json],methods=[GET],produces=[application/json]}" onto public java.lang.Object org.springframework.boot.actuate.endpoint.mvc.EndpointMvcAdapter.invoke()
2019-10-28 15:01:37 | ?[34mINFO ?[0;39m | ?[1;33mTest worker?[0;39m | ?[1;32morg.springframework.boot.actuate.endpoint.mvc.EndpointHandlerMapping?[0;39m | Mapped "{[/dump || /dump.json],methods=[GET],produces=[application/json]}" onto public java.lang.Object org.springframework.boot.actuate.endpoint.mvc.EndpointMvcAdapter.invoke()
2019-10-28 15:01:37 | ?[34mINFO ?[0;39m | ?[1;33mTest worker?[0;39m | ?[1;32morg.springframework.boot.actuate.endpoint.mvc.EndpointHandlerMapping?[0;39m | Mapped "{[/autoconfig || /autoconfig.json],methods=[GET],produces=[application/json]}" onto public java.lang.Object org.springframework.boot.actuate.endpoint.mvc.EndpointMvcAdapter.invoke()
2019-10-28 15:01:38 | ?[34mINFO ?[0;39m | ?[1;33mTest worker?[0;39m | ?[1;32morg.springframework.web.servlet.mvc.method.annotation.RequestMappingHandlerAdapter?[0;39m | Looking for @ControllerAdvice: org.springframework.web.context.support.GenericWebApplicationContext@56c96a00: startup date [Mon Oct 28 15:01:29 CST 2019]; root of context hierarchy
2019-10-28 15:01:38 | ?[34mINFO ?[0;39m | ?[1;33mTest worker?[0;39m | ?[1;32morg.springframework.web.servlet.handler.SimpleUrlHandlerMapping?[0;39m | Mapped URL path [/webjars/**] onto handler of type [class org.springframework.web.servlet.resource.ResourceHttpRequestHandler]
2019-10-28 15:01:38 | ?[34mINFO ?[0;39m | ?[1;33mTest worker?[0;39m | ?[1;32morg.springframework.web.servlet.handler.SimpleUrlHandlerMapping?[0;39m | Mapped URL path [/**] onto handler of type [class org.springframework.web.servlet.resource.ResourceHttpRequestHandler]
2019-10-28 15:01:38 | ?[34mINFO ?[0;39m | ?[1;33mTest worker?[0;39m | ?[1;32morg.springframework.web.servlet.handler.SimpleUrlHandlerMapping?[0;39m | Mapped URL path [/**/favicon.ico] onto handler of type [class org.springframework.web.servlet.resource.ResourceHttpRequestHandler]
2019-10-28 15:01:38 | ?[34mINFO ?[0;39m | ?[1;33mTest worker?[0;39m | ?[1;32morg.springframework.ui.freemarker.SpringTemplateLoader?[0;39m | SpringTemplateLoader for FreeMarker: using resource loader [org.springframework.web.context.support.GenericWebApplicationContext@56c96a00: startup date [Mon Oct 28 15:01:29 CST 2019]; root of context hierarchy] and template loader path [classpath:/templates/]
2019-10-28 15:01:38 | ?[34mINFO ?[0;39m | ?[1;33mTest worker?[0;39m | ?[1;32morg.springframework.web.servlet.view.freemarker.FreeMarkerConfigurer?[0;39m | ClassTemplateLoader for Spring macros added to FreeMarker configuration
2019-10-28 15:01:38 | ?[31mWARN ?[0;39m | ?[1;33mTest worker?[0;39m | ?[1;32morg.springframework.boot.autoconfigure.freemarker.FreeMarkerAutoConfiguration?[0;39m | Cannot find template location(s): [classpath:/templates/] (please add some templates, check your FreeMarker configuration, or set spring.freemarker.checkTemplateLocation=false)
2019-10-28 15:01:39 | ?[34mINFO ?[0;39m | ?[1;33mTest worker?[0;39m | ?[1;32morg.springframework.context.support.DefaultLifecycleProcessor?[0;39m | Starting beans in phase 2147483647
2019-10-28 15:01:39 | ?[34mINFO ?[0;39m | ?[1;33mTest worker?[0;39m | ?[1;32mspringfox.documentation.spring.web.plugins.DocumentationPluginsBootstrapper?[0;39m | Context refreshed
2019-10-28 15:01:39 | ?[34mINFO ?[0;39m | ?[1;33mTest worker?[0;39m | ?[1;32mspringfox.documentation.spring.web.plugins.DocumentationPluginsBootstrapper?[0;39m | Found 1 custom documentation plugin(s)
2019-10-28 15:01:39 | ?[34mINFO ?[0;39m | ?[1;33mTest worker?[0;39m | ?[1;32mspringfox.documentation.spring.web.scanners.ApiListingReferenceScanner?[0;39m | Scanning for api listing references
2019-10-28 15:01:39 | ?[31mWARN ?[0;39m | ?[1;33mTest worker?[0;39m | ?[1;32mspringfox.documentation.swagger.readers.operation.OperationImplicitParameterReader?[0;39m | Coercing to be of type string. This may not even be a scalar type in actuality
2019-10-28 15:01:39 | ?[31mWARN ?[0;39m | ?[1;33mTest worker?[0;39m | ?[1;32mspringfox.documentation.swagger.readers.operation.OperationImplicitParameterReader?[0;39m | Coercing to be of type string. This may not even be a scalar type in actuality
2019-10-28 15:01:39 | ?[31mWARN ?[0;39m | ?[1;33mTest worker?[0;39m | ?[1;32mspringfox.documentation.swagger.readers.operation.OperationImplicitParameterReader?[0;39m | Coercing to be of type string. This may not even be a scalar type in actuality
2019-10-28 15:01:39 | ?[31mWARN ?[0;39m | ?[1;33mTest worker?[0;39m | ?[1;32mspringfox.documentation.swagger.readers.operation.OperationImplicitParameterReader?[0;39m | Coercing to be of type string. This may not even be a scalar type in actuality
2019-10-28 15:01:39 | ?[34mINFO ?[0;39m | ?[1;33mTest worker?[0;39m | ?[1;32mspringfox.documentation.spring.web.readers.operation.CachingOperationNameGenerator?[0;39m | Generating unique operation named: insertDictionaryTypeUsingPUT_1
2019-10-28 15:01:39 | ?[31mWARN ?[0;39m | ?[1;33mTest worker?[0;39m | ?[1;32mspringfox.documentation.swagger.readers.operation.OperationImplicitParameterReader?[0;39m | Coercing to be of type string. This may not even be a scalar type in actuality
2019-10-28 15:01:39 | ?[31mWARN ?[0;39m | ?[1;33mTest worker?[0;39m | ?[1;32mspringfox.documentation.swagger.readers.operation.OperationImplicitParameterReader?[0;39m | Coercing to be of type string. This may not even be a scalar type in actuality
2019-10-28 15:01:39 | ?[31mWARN ?[0;39m | ?[1;33mTest worker?[0;39m | ?[1;32mspringfox.documentation.swagger.readers.operation.OperationImplicitParameterReader?[0;39m | Coercing to be of type string. This may not even be a scalar type in actuality
2019-10-28 15:01:39 | ?[31mWARN ?[0;39m | ?[1;33mTest worker?[0;39m | ?[1;32mspringfox.documentation.swagger.readers.operation.OperationImplicitParameterReader?[0;39m | Coercing to be of type string. This may not even be a scalar type in actuality
2019-10-28 15:01:39 | ?[34mINFO ?[0;39m | ?[1;33mTest worker?[0;39m | ?[1;32mspringfox.documentation.spring.web.readers.operation.CachingOperationNameGenerator?[0;39m | Generating unique operation named: updateDictionaryTypeUsingPUT_1
2019-10-28 15:01:39 | ?[31mWARN ?[0;39m | ?[1;33mTest worker?[0;39m | ?[1;32mspringfox.documentation.swagger.readers.operation.OperationImplicitParameterReader?[0;39m | Coercing to be of type string. This may not even be a scalar type in actuality
2019-10-28 15:01:39 | ?[31mWARN ?[0;39m | ?[1;33mTest worker?[0;39m | ?[1;32mspringfox.documentation.swagger.readers.operation.OperationImplicitParameterReader?[0;39m | Coercing to be of type string. This may not even be a scalar type in actuality
2019-10-28 15:01:39 | ?[31mWARN ?[0;39m | ?[1;33mTest worker?[0;39m | ?[1;32mspringfox.documentation.swagger.readers.operation.OperationImplicitParameterReader?[0;39m | Coercing to be of type string. This may not even be a scalar type in actuality
2019-10-28 15:01:39 | ?[31mWARN ?[0;39m | ?[1;33mTest worker?[0;39m | ?[1;32mspringfox.documentation.swagger.readers.operation.OperationImplicitParameterReader?[0;39m | Coercing to be of type string. This may not even be a scalar type in actuality
2019-10-28 15:01:39 | ?[31mWARN ?[0;39m | ?[1;33mTest worker?[0;39m | ?[1;32mspringfox.documentation.swagger.readers.operation.OperationImplicitParameterReader?[0;39m | Coercing to be of type string. This may not even be a scalar type in actuality
2019-10-28 15:01:39 | ?[31mWARN ?[0;39m | ?[1;33mTest worker?[0;39m | ?[1;32mspringfox.documentation.swagger.readers.operation.OperationImplicitParameterReader?[0;39m | Coercing to be of type string. This may not even be a scalar type in actuality
2019-10-28 15:01:39 | ?[31mWARN ?[0;39m | ?[1;33mTest worker?[0;39m | ?[1;32mspringfox.documentation.swagger.readers.operation.OperationImplicitParameterReader?[0;39m | Coercing to be of type string. This may not even be a scalar type in actuality
2019-10-28 15:01:39 | ?[31mWARN ?[0;39m | ?[1;33mTest worker?[0;39m | ?[1;32mspringfox.documentation.swagger.readers.operation.OperationImplicitParameterReader?[0;39m | Coercing to be of type string. This may not even be a scalar type in actuality
2019-10-28 15:01:39 | ?[31mWARN ?[0;39m | ?[1;33mTest worker?[0;39m | ?[1;32mspringfox.documentation.swagger.readers.operation.OperationImplicitParameterReader?[0;39m | Coercing to be of type string. This may not even be a scalar type in actuality
2019-10-28 15:01:39 | ?[31mWARN ?[0;39m | ?[1;33mTest worker?[0;39m | ?[1;32mspringfox.documentation.swagger.readers.operation.OperationImplicitParameterReader?[0;39m | Coercing to be of type string. This may not even be a scalar type in actuality
2019-10-28 15:01:39 | ?[31mWARN ?[0;39m | ?[1;33mTest worker?[0;39m | ?[1;32mspringfox.documentation.swagger.readers.operation.OperationImplicitParameterReader?[0;39m | Coercing to be of type string. This may not even be a scalar type in actuality
2019-10-28 15:01:39 | ?[31mWARN ?[0;39m | ?[1;33mTest worker?[0;39m | ?[1;32mspringfox.documentation.swagger.readers.operation.OperationImplicitParameterReader?[0;39m | Coercing to be of type string. This may not even be a scalar type in actuality
2019-10-28 15:01:39 | ?[31mWARN ?[0;39m | ?[1;33mTest worker?[0;39m | ?[1;32mspringfox.documentation.swagger.readers.operation.OperationImplicitParameterReader?[0;39m | Coercing to be of type string. This may not even be a scalar type in actuality
2019-10-28 15:01:39 | ?[31mWARN ?[0;39m | ?[1;33mTest worker?[0;39m | ?[1;32mspringfox.documentation.swagger.readers.operation.OperationImplicitParameterReader?[0;39m | Coercing to be of type string. This may not even be a scalar type in actuality
2019-10-28 15:01:39 | ?[31mWARN ?[0;39m | ?[1;33mTest worker?[0;39m | ?[1;32mspringfox.documentation.swagger.readers.operation.OperationImplicitParameterReader?[0;39m | Coercing to be of type string. This may not even be a scalar type in actuality
2019-10-28 15:01:39 | ?[31mWARN ?[0;39m | ?[1;33mTest worker?[0;39m | ?[1;32mspringfox.documentation.swagger.readers.operation.OperationImplicitParameterReader?[0;39m | Coercing to be of type string. This may not even be a scalar type in actuality
2019-10-28 15:01:39 | ?[31mWARN ?[0;39m | ?[1;33mTest worker?[0;39m | ?[1;32mspringfox.documentation.swagger.readers.operation.OperationImplicitParameterReader?[0;39m | Coercing to be of type string. This may not even be a scalar type in actuality
2019-10-28 15:01:39 | ?[31mWARN ?[0;39m | ?[1;33mTest worker?[0;39m | ?[1;32mspringfox.documentation.swagger.readers.operation.OperationImplicitParameterReader?[0;39m | Coercing to be of type string. This may not even be a scalar type in actuality
2019-10-28 15:01:39 | ?[31mWARN ?[0;39m | ?[1;33mTest worker?[0;39m | ?[1;32mspringfox.documentation.swagger.readers.operation.OperationImplicitParameterReader?[0;39m | Coercing to be of type string. This may not even be a scalar type in actuality
2019-10-28 15:01:39 | ?[34mINFO ?[0;39m | ?[1;33mTest worker?[0;39m | ?[1;32mcom.jiaxin.pad.controller.UserControllerTest?[0;39m | Started UserControllerTest in 31.122 seconds (JVM running for 32.634)
2019-10-28 15:01:39 | ?[34mINFO ?[0;39m | ?[1;33mTest worker?[0;39m | ?[1;32morg.springframework.boot.test.mock.web.SpringBootMockServletContext?[0;39m | Initializing Spring FrameworkServlet ''
2019-10-28 15:01:39 | ?[34mINFO ?[0;39m | ?[1;33mTest worker?[0;39m | ?[1;32morg.springframework.test.web.servlet.TestDispatcherServlet?[0;39m | FrameworkServlet '': initialization started
2019-10-28 15:01:39 | ?[34mINFO ?[0;39m | ?[1;33mTest worker?[0;39m | ?[1;32morg.springframework.test.web.servlet.TestDispatcherServlet?[0;39m | FrameworkServlet '': initialization completed in 22 ms
2019-10-28 15:01:40 | ?[34mINFO ?[0;39m | ?[1;33mTest worker?[0;39m | ?[1;32mcom.jiaxin.pda.service.impl.UserServiceImpl?[0;39m | 从mysql中获得数据
2019-10-28 15:01:40 | ?[39mDEBUG?[0;39m | ?[1;33mTest worker?[0;39m | ?[1;32mcom.jiaxin.pda.mapper.UserMapper.findUserById?[0;39m | ==>  Preparing: SELECT tu.id, tu.user_id AS userId, tu.`password`, tu.reversion, tu.user_name AS userName, tu.delete_flag as deleteFlag, tu.created_by AS createdBy, tu.created_time AS createdTime, tu.updated_by AS updatedBy, tu.updated_time AS updatedTime FROM tb_user tu WHERE tu.id = ? 
2019-10-28 15:01:40 | ?[39mDEBUG?[0;39m | ?[1;33mTest worker?[0;39m | ?[1;32mcom.jiaxin.pda.mapper.UserMapper.findUserById?[0;39m | ==> Parameters: 8f36a8f2f44f46da81749fb8fa26869e(String)
2019-10-28 15:01:41 | ?[39mDEBUG?[0;39m | ?[1;33mTest worker?[0;39m | ?[1;32mcom.jiaxin.pda.mapper.UserMapper.findUserById?[0;39m | <==      Total: 1
2019-10-28 15:01:41 | ?[34mINFO ?[0;39m | ?[1;33mTest worker?[0;39m | ?[1;32mcom.jiaxin.pda.component.RequestIntercept?[0;39m | http://localhost/user/queryUserPrivileges没有被拦截......
2019-10-28 15:01:59 | ?[39mDEBUG?[0;39m | ?[1;33mTest worker?[0;39m | ?[1;32mcom.jiaxin.pda.mapper.UserPrivilegeMapper.selectByUserId?[0;39m | ==>  Preparing: SELECT id, role_id AS roleId, user_id AS userId, created_by AS createdBy, created_time AS createdTime, updated_by AS updatedBy, updated_time AS updatedTime FROM tb_role_user WHERE user_id = ? 
2019-10-28 15:01:59 | ?[39mDEBUG?[0;39m | ?[1;33mTest worker?[0;39m | ?[1;32mcom.jiaxin.pda.mapper.UserPrivilegeMapper.selectByUserId?[0;39m | ==> Parameters: 4(Integer)
2019-10-28 15:01:59 | ?[39mDEBUG?[0;39m | ?[1;33mTest worker?[0;39m | ?[1;32mcom.jiaxin.pda.mapper.UserPrivilegeMapper.selectByUserId?[0;39m | <==      Total: 1
2019-10-28 15:02:11 | ?[39mDEBUG?[0;39m | ?[1;33mTest worker?[0;39m | ?[1;32mcom.jiaxin.pda.mapper.RolePrivilegeMapper.selectByRoleId?[0;39m | ==>  Preparing: SELECT id, role_id AS roleId, menu_id AS menuId, created_by AS createdBy, created_time AS createdTime, updated_by AS updatedBy, updated_time AS updatedTime FROM tb_menu_role WHERE role_id = ? 
2019-10-28 15:02:11 | ?[39mDEBUG?[0;39m | ?[1;33mTest worker?[0;39m | ?[1;32mcom.jiaxin.pda.mapper.RolePrivilegeMapper.selectByRoleId?[0;39m | ==> Parameters: 10(Integer)
2019-10-28 15:02:11 | ?[39mDEBUG?[0;39m | ?[1;33mTest worker?[0;39m | ?[1;32mcom.jiaxin.pda.mapper.RolePrivilegeMapper.selectByRoleId?[0;39m | <==      Total: 1
2019-10-28 15:02:19 | ?[39mDEBUG?[0;39m | ?[1;33mTest worker?[0;39m | ?[1;32mcom.jiaxin.pda.mapper.MenuMapper.queryMenuListByMenuIdList?[0;39m | ==>  Preparing: SELECT tm.id, tm.menu_id AS menuId, tm.menu_name AS menuName, tm.menu_level AS menuLevel, tm.parent_menu_id AS parentMenuId, tm.delete_flag AS deleteFlag, tm.reversion, tm.created_by AS createdBy, tm.created_time AS createdTime, tm.updated_by AS updatedBy, tm.updated_time AS updatedTime FROM tb_menu tm WHERE tm.delete_flag = 0 and tm.menu_id in ( ? ) 
2019-10-28 15:02:19 | ?[39mDEBUG?[0;39m | ?[1;33mTest worker?[0;39m | ?[1;32mcom.jiaxin.pda.mapper.MenuMapper.queryMenuListByMenuIdList?[0;39m | ==> Parameters: 3(String)
2019-10-28 15:02:19 | ?[39mDEBUG?[0;39m | ?[1;33mTest worker?[0;39m | ?[1;32mcom.jiaxin.pda.mapper.MenuMapper.queryMenuListByMenuIdList?[0;39m | <==      Total: 1
2019-10-28 15:02:22 | ?[34mINFO ?[0;39m | ?[1;33mTest worker?[0;39m | ?[1;32mcom.jiaxin.pda.component.RequestIntercept?[0;39m | postHandle...
2019-10-28 15:02:22 | ?[34mINFO ?[0;39m | ?[1;33mTest worker?[0;39m | ?[1;32mcom.jiaxin.pda.component.RequestIntercept?[0;39m | afterCompletion...

MockHttpServletRequest:
      HTTP Method = GET
      Request URI = /user/queryUserPrivileges
       Parameters = {}
          Headers = {token=[eyJ0eXAiOiJKV1QiLCJhbGciOiJIUzI1NiJ9.eyJleHAiOjE1NzI4Mzg5OTEyMTMsInBheWxvYWQiOiJcIjhmMzZhOGYyZjQ0ZjQ2ZGE4MTc0OWZiOGZhMjY4NjllXCIifQ.g9kVX6VvQNxEy6s-i0fwR-uhKvBRYIL9-s6Jdf0uOxY], Accept=[application/json], Content-Type=[application/json]}

Handler:
             Type = com.jiaxin.pda.controller.UserController
           Method = public com.jiaxin.pda.entity.vo.GeneralVo com.jiaxin.pda.controller.UserController.queryUserPrivileges(javax.servlet.http.HttpServletRequest,javax.servlet.http.HttpServletResponse)

Async:
    Async started = false
     Async result = null

Resolved Exception:
             Type = null

ModelAndView:
        View name = null
             View = null
            Model = null

FlashMap:
       Attributes = null

MockHttpServletResponse:
           Status = 200
    Error message = null
          Headers = {Content-Type=[text/json;charset=utf-8]}
     Content type = text/json
             Body = {"code":200,"msg":"操作成功","body":[{"createdTime":1567763727000,"createdBy":-1,"updatedTime":1567763727000,"updatedBy":-1,"reversion":1,"deleteFlag":false,"id":"652109ac26aa46c78da0b0b505b5fd26","menuId":3,"menuName":"角色","parentMenuId":0,"menuLevel":1}]}
    Forwarded URL = null
   Redirected URL = null
          Cookies = []
]]></system-out>
  <system-err><![CDATA[]]></system-err>
</testsuite>
