<?xml version="1.0" encoding="UTF-8"?>
<testsuite name="com.jiaxin.pad.controller.MenuControllerTest" tests="4" skipped="0" failures="0" errors="0" timestamp="2019-10-24T06:00:20" hostname="milos-computer.local" time="0.266">
  <properties/>
  <testcase name="queryByPage" classname="com.jiaxin.pad.controller.MenuControllerTest" time="0.07"/>
  <testcase name="updateMenuName" classname="com.jiaxin.pad.controller.MenuControllerTest" time="0.09"/>
  <testcase name="insertMenu" classname="com.jiaxin.pad.controller.MenuControllerTest" time="0.038"/>
  <testcase name="deleteMenu" classname="com.jiaxin.pad.controller.MenuControllerTest" time="0.066"/>
  <system-out><![CDATA[2019-10-24 14:00:20 | ?[34mINFO ?[0;39m | ?[1;33mTest worker?[0;39m | ?[1;32morg.springframework.boot.test.context.SpringBootTestContextBootstrapper?[0;39m | Neither @ContextConfiguration nor @ContextHierarchy found for test class [com.jiaxin.pad.controller.MenuControllerTest], using SpringBootContextLoader
2019-10-24 14:00:20 | ?[34mINFO ?[0;39m | ?[1;33mTest worker?[0;39m | ?[1;32morg.springframework.test.context.support.AbstractContextLoader?[0;39m | Could not detect default resource locations for test class [com.jiaxin.pad.controller.MenuControllerTest]: no resource found for suffixes {-context.xml, Context.groovy}.
2019-10-24 14:00:20 | ?[34mINFO ?[0;39m | ?[1;33mTest worker?[0;39m | ?[1;32morg.springframework.boot.test.context.SpringBootTestContextBootstrapper?[0;39m | Loaded default TestExecutionListener class names from location [META-INF/spring.factories]: [org.springframework.boot.test.autoconfigure.restdocs.RestDocsTestExecutionListener, org.springframework.boot.test.autoconfigure.web.client.MockRestServiceServerResetTestExecutionListener, org.springframework.boot.test.autoconfigure.web.servlet.MockMvcPrintOnlyOnFailureTestExecutionListener, org.springframework.boot.test.autoconfigure.web.servlet.WebDriverTestExecutionListener, org.springframework.boot.test.mock.mockito.MockitoTestExecutionListener, org.springframework.boot.test.mock.mockito.ResetMocksTestExecutionListener, org.springframework.test.context.web.ServletTestExecutionListener, org.springframework.test.context.support.DirtiesContextBeforeModesTestExecutionListener, org.springframework.test.context.support.DependencyInjectionTestExecutionListener, org.springframework.test.context.support.DirtiesContextTestExecutionListener, org.springframework.test.context.transaction.TransactionalTestExecutionListener, org.springframework.test.context.jdbc.SqlScriptsTestExecutionListener]
2019-10-24 14:00:20 | ?[34mINFO ?[0;39m | ?[1;33mTest worker?[0;39m | ?[1;32morg.springframework.boot.test.context.SpringBootTestContextBootstrapper?[0;39m | Using TestExecutionListeners: [org.springframework.test.context.web.ServletTestExecutionListener@404437b1, org.springframework.test.context.support.DirtiesContextBeforeModesTestExecutionListener@193247b8, org.springframework.boot.test.autoconfigure.SpringBootDependencyInjectionTestExecutionListener@2321d1a8, org.springframework.test.context.support.DirtiesContextTestExecutionListener@7bceb71a, org.springframework.test.context.transaction.TransactionalTestExecutionListener@1a56fe6d, org.springframework.test.context.jdbc.SqlScriptsTestExecutionListener@11527518, org.springframework.boot.test.autoconfigure.restdocs.RestDocsTestExecutionListener@3cd34a0b, org.springframework.boot.test.autoconfigure.web.servlet.WebDriverTestExecutionListener@32ab5cec, org.springframework.boot.test.autoconfigure.web.client.MockRestServiceServerResetTestExecutionListener@1fa36942, org.springframework.boot.test.autoconfigure.web.servlet.MockMvcPrintOnlyOnFailureTestExecutionListener@1ddb351b, org.springframework.boot.test.mock.mockito.MockitoTestExecutionListener@3bfea7b9, org.springframework.boot.test.mock.mockito.ResetMocksTestExecutionListener@53dac016]
2019-10-24 14:00:20 | ?[34mINFO ?[0;39m | ?[1;33mTest worker?[0;39m | ?[1;32morg.springframework.boot.test.mock.web.SpringBootMockServletContext?[0;39m | Initializing Spring FrameworkServlet ''
2019-10-24 14:00:20 | ?[34mINFO ?[0;39m | ?[1;33mTest worker?[0;39m | ?[1;32morg.springframework.test.web.servlet.TestDispatcherServlet?[0;39m | FrameworkServlet '': initialization started
2019-10-24 14:00:20 | ?[34mINFO ?[0;39m | ?[1;33mTest worker?[0;39m | ?[1;32morg.springframework.test.web.servlet.TestDispatcherServlet?[0;39m | FrameworkServlet '': initialization completed in 2 ms
2019-10-24 14:00:20 | ?[34mINFO ?[0;39m | ?[1;33mTest worker?[0;39m | ?[1;32mcom.jiaxin.pad.controller.MenuControllerTest?[0;39m | 分页查询菜单对象
2019-10-24 14:00:20 | ?[34mINFO ?[0;39m | ?[1;33mTest worker?[0;39m | ?[1;32mcom.jiaxin.pad.controller.MenuControllerTest?[0;39m | 分页查询菜对象 条件: {"current":1,"offset":10}
2019-10-24 14:00:20 | ?[34mINFO ?[0;39m | ?[1;33mTest worker?[0;39m | ?[1;32mcom.jiaxin.pda.controller.BaseController?[0;39m | 分页查询菜单信息，入参为：MenuDto(id=null, menuName=null)
2019-10-24 14:00:20 | ?[39mDEBUG?[0;39m | ?[1;33mTest worker?[0;39m | ?[1;32mcom.jiaxin.pda.mapper.MenuMapper.queryMenuListByPage?[0;39m | ==>  Preparing: select count(0) from (SELECT tm.id, tm.menu_id AS menuId, tm.menu_name AS menuName, tm.menu_level AS menuLevel, tm.parent_menu_id AS parentMenuId, tm.delete_flag AS deleteFlag, tm.reversion, tm.created_by AS createdBy, tm.created_time AS createdTime, tm.updated_by AS updatedBy, tm.updated_time AS updatedTime FROM tb_menu tm WHERE tm.delete_flag = 0) as total 
2019-10-24 14:00:20 | ?[39mDEBUG?[0;39m | ?[1;33mTest worker?[0;39m | ?[1;32mcom.jiaxin.pda.mapper.MenuMapper.queryMenuListByPage?[0;39m | ==> Parameters: 
2019-10-24 14:00:20 | ?[39mDEBUG?[0;39m | ?[1;33mTest worker?[0;39m | ?[1;32mcom.jiaxin.pda.mapper.MenuMapper.queryMenuListByPage?[0;39m | ==>  Preparing: SELECT tm.id, tm.menu_id AS menuId, tm.menu_name AS menuName, tm.menu_level AS menuLevel, tm.parent_menu_id AS parentMenuId, tm.delete_flag AS deleteFlag, tm.reversion, tm.created_by AS createdBy, tm.created_time AS createdTime, tm.updated_by AS updatedBy, tm.updated_time AS updatedTime FROM tb_menu tm WHERE tm.delete_flag = 0 limit 0,10 
2019-10-24 14:00:20 | ?[39mDEBUG?[0;39m | ?[1;33mTest worker?[0;39m | ?[1;32mcom.jiaxin.pda.mapper.MenuMapper.queryMenuListByPage?[0;39m | ==> Parameters: 
2019-10-24 14:00:20 | ?[39mDEBUG?[0;39m | ?[1;33mTest worker?[0;39m | ?[1;32mcom.jiaxin.pda.mapper.MenuMapper.queryMenuListByPage?[0;39m | <==      Total: 5

MockHttpServletRequest:
      HTTP Method = POST
      Request URI = /menu/queryMenuListByPage
       Parameters = {}
          Headers = {Accept=[application/json], Content-Type=[application/json;charset=utf-8]}

Handler:
             Type = com.jiaxin.pda.controller.MenuController
           Method = public com.jiaxin.pda.entity.ListPageVo com.jiaxin.pda.controller.MenuController.queryMenuListByPage(com.jiaxin.pda.entity.dto.MenuDto)

Async:
    Async started = false
     Async result = null

Resolved Exception:
             Type = null

ModelAndView:
        View name = null
             View = null
            Model = null

FlashMap:
       Attributes = null

MockHttpServletResponse:
           Status = 200
    Error message = null
          Headers = {Content-Type=[application/json;charset=UTF-8]}
     Content type = application/json;charset=UTF-8
             Body = {"code":200,"msg":"操作成功","body":{"rows":[{"createdTime":1569309899000,"createdBy":-1,"updatedTime":1569309899000,"updatedBy":-1,"reversion":1,"deleteFlag":false,"id":"0ddccac437fe4165abbba417cfdb8823","menuId":4,"menuName":"用户","parentMenuId":0,"menuLevel":1},{"createdTime":1571220658000,"createdBy":-1,"updatedTime":1571220658000,"updatedBy":-1,"reversion":1,"deleteFlag":false,"id":"25ae16faaf784929a912df9379563b9f","menuId":5,"menuName":"大看版","parentMenuId":0,"menuLevel":1},{"createdTime":1567763727000,"createdBy":-1,"updatedTime":1567763727000,"updatedBy":-1,"reversion":1,"deleteFlag":false,"id":"652109ac26aa46c78da0b0b505b5fd26","menuId":3,"menuName":"角色","parentMenuId":0,"menuLevel":1},{"createdTime":1567763654000,"createdBy":-1,"updatedTime":1567763654000,"updatedBy":-1,"reversion":1,"deleteFlag":false,"id":"72a53a3c66324d1ab83e2ea329e2a989","menuId":2,"menuName":"菜单","parentMenuId":0,"menuLevel":1},{"createdTime":1567762921000,"createdBy":-1,"updatedTime":1571219946000,"updatedBy":-1,"reversion":2,"deleteFlag":false,"id":"bb6d90c3778b46e6b67f8748966a15b0","menuId":1,"menuName":"小看版","parentMenuId":0,"menuLevel":1}],"page":{"offset":10,"current":1,"pages":1,"rows":5}}}
    Forwarded URL = null
   Redirected URL = null
          Cookies = []
2019-10-24 14:00:20 | ?[34mINFO ?[0;39m | ?[1;33mTest worker?[0;39m | ?[1;32morg.springframework.boot.test.mock.web.SpringBootMockServletContext?[0;39m | Initializing Spring FrameworkServlet ''
2019-10-24 14:00:20 | ?[34mINFO ?[0;39m | ?[1;33mTest worker?[0;39m | ?[1;32morg.springframework.test.web.servlet.TestDispatcherServlet?[0;39m | FrameworkServlet '': initialization started
2019-10-24 14:00:20 | ?[34mINFO ?[0;39m | ?[1;33mTest worker?[0;39m | ?[1;32morg.springframework.test.web.servlet.TestDispatcherServlet?[0;39m | FrameworkServlet '': initialization completed in 2 ms
2019-10-24 14:00:20 | ?[34mINFO ?[0;39m | ?[1;33mTest worker?[0;39m | ?[1;32mcom.jiaxin.pad.controller.MenuControllerTest?[0;39m | 修改菜单名称
2019-10-24 14:00:20 | ?[34mINFO ?[0;39m | ?[1;33mTest worker?[0;39m | ?[1;32mcom.jiaxin.pad.controller.MenuControllerTest?[0;39m | 修改菜单名称条件: {"reversion":1,"menuName":"小看版","id":"bb6d90c3778b46e6b67f8748966a15b0"}
2019-10-24 14:00:20 | ?[34mINFO ?[0;39m | ?[1;33mTest worker?[0;39m | ?[1;32mcom.jiaxin.pda.controller.BaseController?[0;39m | 修改菜单名称，入参为:MenuVo(id=bb6d90c3778b46e6b67f8748966a15b0, menuId=0, menuName=小看版, parentMenuId=0, menuLevel=0)
2019-10-24 14:00:20 | ?[39mDEBUG?[0;39m | ?[1;33mTest worker?[0;39m | ?[1;32mcom.jiaxin.pda.mapper.MenuMapper.queryMenuInfoByMenuName?[0;39m | ==>  Preparing: SELECT tm.id, tm.menu_id AS menuId, tm.menu_name AS menuName, tm.menu_level AS menuLevel, tm.parent_menu_id AS parentMenuId, tm.delete_flag AS deleteFlag, tm.reversion, tm.created_by AS createdBy, tm.created_time AS createdTime, tm.updated_by AS updatedBy, tm.updated_time AS updatedTime FROM tb_menu tm WHERE tm.delete_flag = 0 and tm.menu_name = ? 
2019-10-24 14:00:20 | ?[39mDEBUG?[0;39m | ?[1;33mTest worker?[0;39m | ?[1;32mcom.jiaxin.pda.mapper.MenuMapper.queryMenuInfoByMenuName?[0;39m | ==> Parameters: 小看版(String)
2019-10-24 14:00:20 | ?[39mDEBUG?[0;39m | ?[1;33mTest worker?[0;39m | ?[1;32mcom.jiaxin.pda.mapper.MenuMapper.queryMenuInfoByMenuName?[0;39m | <==      Total: 1
2019-10-24 14:00:20 | ?[39mDEBUG?[0;39m | ?[1;33mTest worker?[0;39m | ?[1;32mcom.jiaxin.pda.mapper.MenuMapper.updateMenuName?[0;39m | ==>  Preparing: UPDATE tb_menu SET updated_by = ?, updated_time = ?, menu_name = ?, reversion = reversion + 1 WHERE id = ? AND reversion = ? 
2019-10-24 14:00:20 | ?[39mDEBUG?[0;39m | ?[1;33mTest worker?[0;39m | ?[1;32mcom.jiaxin.pda.mapper.MenuMapper.updateMenuName?[0;39m | ==> Parameters: -1(Integer), 2019-10-24 14:00:17.523(Timestamp), 小看版(String), bb6d90c3778b46e6b67f8748966a15b0(String), 1(Integer)
2019-10-24 14:00:20 | ?[39mDEBUG?[0;39m | ?[1;33mTest worker?[0;39m | ?[1;32mcom.jiaxin.pda.mapper.MenuMapper.updateMenuName?[0;39m | <==    Updates: 0

MockHttpServletRequest:
      HTTP Method = POST
      Request URI = /menu/updateMenuName
       Parameters = {}
          Headers = {Accept=[application/json], Content-Type=[application/json;charset=utf-8]}

Handler:
             Type = com.jiaxin.pda.controller.MenuController
           Method = public com.jiaxin.pda.entity.vo.GeneralVo com.jiaxin.pda.controller.MenuController.updateMenuName(javax.servlet.http.HttpServletRequest,javax.servlet.http.HttpServletResponse,com.jiaxin.pda.entity.vo.MenuVo)

Async:
    Async started = false
     Async result = null

Resolved Exception:
             Type = null

ModelAndView:
        View name = null
             View = null
            Model = null

FlashMap:
       Attributes = null

MockHttpServletResponse:
           Status = 200
    Error message = null
          Headers = {Content-Type=[application/json;charset=UTF-8]}
     Content type = application/json;charset=UTF-8
             Body = {"code":201,"msg":"操作失败","body":null}
    Forwarded URL = null
   Redirected URL = null
          Cookies = []
2019-10-24 14:00:20 | ?[34mINFO ?[0;39m | ?[1;33mTest worker?[0;39m | ?[1;32morg.springframework.boot.test.mock.web.SpringBootMockServletContext?[0;39m | Initializing Spring FrameworkServlet ''
2019-10-24 14:00:20 | ?[34mINFO ?[0;39m | ?[1;33mTest worker?[0;39m | ?[1;32morg.springframework.test.web.servlet.TestDispatcherServlet?[0;39m | FrameworkServlet '': initialization started
2019-10-24 14:00:20 | ?[34mINFO ?[0;39m | ?[1;33mTest worker?[0;39m | ?[1;32morg.springframework.test.web.servlet.TestDispatcherServlet?[0;39m | FrameworkServlet '': initialization completed in 4 ms
2019-10-24 14:00:20 | ?[34mINFO ?[0;39m | ?[1;33mTest worker?[0;39m | ?[1;32mcom.jiaxin.pad.controller.MenuControllerTest?[0;39m | 插入菜单信息
2019-10-24 14:00:20 | ?[34mINFO ?[0;39m | ?[1;33mTest worker?[0;39m | ?[1;32mcom.jiaxin.pad.controller.MenuControllerTest?[0;39m | 插入菜单信息条件: {"parentMenuId":0,"menuLevel":1,"menuName":"大看版"}
2019-10-24 14:00:20 | ?[34mINFO ?[0;39m | ?[1;33mTest worker?[0;39m | ?[1;32mcom.jiaxin.pda.controller.BaseController?[0;39m | 菜单信息：MenuVo(id=null, menuId=0, menuName=大看版, parentMenuId=0, menuLevel=1)
2019-10-24 14:00:20 | ?[39mDEBUG?[0;39m | ?[1;33mTest worker?[0;39m | ?[1;32mcom.jiaxin.pda.mapper.MenuMapper.queryMenuCountByMenuName?[0;39m | ==>  Preparing: SELECT ifnull(count(tm.id),0) FROM tb_menu tm WHERE tm.delete_flag = 0 and tm.menu_name =? 
2019-10-24 14:00:20 | ?[39mDEBUG?[0;39m | ?[1;33mTest worker?[0;39m | ?[1;32mcom.jiaxin.pda.mapper.MenuMapper.queryMenuCountByMenuName?[0;39m | ==> Parameters: 大看版(String)
2019-10-24 14:00:20 | ?[39mDEBUG?[0;39m | ?[1;33mTest worker?[0;39m | ?[1;32mcom.jiaxin.pda.mapper.MenuMapper.queryMenuCountByMenuName?[0;39m | <==      Total: 1

MockHttpServletRequest:
      HTTP Method = PUT
      Request URI = /menu/insertMenu
       Parameters = {}
          Headers = {Accept=[application/json], Content-Type=[application/json;charset=utf-8]}

Handler:
             Type = com.jiaxin.pda.controller.MenuController
           Method = public com.jiaxin.pda.entity.vo.GeneralVo com.jiaxin.pda.controller.MenuController.insertMenu(javax.servlet.http.HttpServletRequest,javax.servlet.http.HttpServletResponse,com.jiaxin.pda.entity.vo.MenuVo)

Async:
    Async started = false
     Async result = null

Resolved Exception:
             Type = null

ModelAndView:
        View name = null
             View = null
            Model = null

FlashMap:
       Attributes = null

MockHttpServletResponse:
           Status = 200
    Error message = null
          Headers = {Content-Type=[application/json;charset=UTF-8]}
     Content type = application/json;charset=UTF-8
             Body = {"code":214,"msg":"菜单名称重复","body":null}
    Forwarded URL = null
   Redirected URL = null
          Cookies = []
2019-10-24 14:00:20 | ?[34mINFO ?[0;39m | ?[1;33mTest worker?[0;39m | ?[1;32morg.springframework.boot.test.mock.web.SpringBootMockServletContext?[0;39m | Initializing Spring FrameworkServlet ''
2019-10-24 14:00:20 | ?[34mINFO ?[0;39m | ?[1;33mTest worker?[0;39m | ?[1;32morg.springframework.test.web.servlet.TestDispatcherServlet?[0;39m | FrameworkServlet '': initialization started
2019-10-24 14:00:20 | ?[34mINFO ?[0;39m | ?[1;33mTest worker?[0;39m | ?[1;32morg.springframework.test.web.servlet.TestDispatcherServlet?[0;39m | FrameworkServlet '': initialization completed in 4 ms
2019-10-24 14:00:20 | ?[34mINFO ?[0;39m | ?[1;33mTest worker?[0;39m | ?[1;32mcom.jiaxin.pad.controller.MenuControllerTest?[0;39m | 删除菜单
2019-10-24 14:00:20 | ?[34mINFO ?[0;39m | ?[1;33mTest worker?[0;39m | ?[1;32mcom.jiaxin.pda.controller.BaseController?[0;39m | 删除菜单，入参为：MenuVo(id=ccecd5d6b0294c7d97a6aa6654dd0390, menuId=0, menuName=null, parentMenuId=0, menuLevel=0)
2019-10-24 14:00:20 | ?[39mDEBUG?[0;39m | ?[1;33mTest worker?[0;39m | ?[1;32mcom.jiaxin.pda.mapper.MenuMapper.deleteMenu?[0;39m | ==>  Preparing: UPDATE tb_menu SET updated_by = ?, updated_time = ?, delete_flag = ?, reversion = reversion + 1 WHERE id = ? AND reversion = ? 
2019-10-24 14:00:20 | ?[39mDEBUG?[0;39m | ?[1;33mTest worker?[0;39m | ?[1;32mcom.jiaxin.pda.mapper.MenuMapper.deleteMenu?[0;39m | ==> Parameters: -1(Integer), 2019-10-24 14:00:17.523(Timestamp), true(Boolean), ccecd5d6b0294c7d97a6aa6654dd0390(String), 16(Integer)
2019-10-24 14:00:20 | ?[39mDEBUG?[0;39m | ?[1;33mTest worker?[0;39m | ?[1;32mcom.jiaxin.pda.mapper.MenuMapper.deleteMenu?[0;39m | <==    Updates: 0

MockHttpServletRequest:
      HTTP Method = DELETE
      Request URI = /menu/delete
       Parameters = {}
          Headers = {Accept=[application/json], Content-Type=[application/json;charset=utf-8]}

Handler:
             Type = com.jiaxin.pda.controller.MenuController
           Method = public com.jiaxin.pda.entity.vo.GeneralVo com.jiaxin.pda.controller.MenuController.deleteMenu(javax.servlet.http.HttpServletRequest,javax.servlet.http.HttpServletResponse,com.jiaxin.pda.entity.vo.MenuVo)

Async:
    Async started = false
     Async result = null

Resolved Exception:
             Type = null

ModelAndView:
        View name = null
             View = null
            Model = null

FlashMap:
       Attributes = null

MockHttpServletResponse:
           Status = 200
    Error message = null
          Headers = {Content-Type=[application/json;charset=UTF-8]}
     Content type = application/json;charset=UTF-8
             Body = {"code":201,"msg":"操作失败","body":null}
    Forwarded URL = null
   Redirected URL = null
          Cookies = []
]]></system-out>
  <system-err><![CDATA[]]></system-err>
</testsuite>
