<?xml version="1.0" encoding="UTF-8"?>
<testsuite name="com.jiaxin.pad.controller.FinanceDetailControllerTest" tests="3" skipped="0" failures="0" errors="0" timestamp="2019-10-12T03:41:59" hostname="milos-computer.local" time="0.256">
  <properties/>
  <testcase name="thirdCase" classname="com.jiaxin.pad.controller.FinanceDetailControllerTest" time="0.08"/>
  <testcase name="firstCase" classname="com.jiaxin.pad.controller.FinanceDetailControllerTest" time="0.102"/>
  <testcase name="secondCase" classname="com.jiaxin.pad.controller.FinanceDetailControllerTest" time="0.071"/>
  <system-out><![CDATA[2019-10-12 11:41:59 | ?[34mINFO ?[0;39m | ?[1;33mTest worker?[0;39m | ?[1;32morg.springframework.boot.test.context.SpringBootTestContextBootstrapper?[0;39m | Neither @ContextConfiguration nor @ContextHierarchy found for test class [com.jiaxin.pad.controller.FinanceDetailControllerTest], using SpringBootContextLoader
2019-10-12 11:41:59 | ?[34mINFO ?[0;39m | ?[1;33mTest worker?[0;39m | ?[1;32morg.springframework.test.context.support.AbstractContextLoader?[0;39m | Could not detect default resource locations for test class [com.jiaxin.pad.controller.FinanceDetailControllerTest]: no resource found for suffixes {-context.xml, Context.groovy}.
2019-10-12 11:41:59 | ?[34mINFO ?[0;39m | ?[1;33mTest worker?[0;39m | ?[1;32morg.springframework.boot.test.context.SpringBootTestContextBootstrapper?[0;39m | Loaded default TestExecutionListener class names from location [META-INF/spring.factories]: [org.springframework.boot.test.autoconfigure.restdocs.RestDocsTestExecutionListener, org.springframework.boot.test.autoconfigure.web.client.MockRestServiceServerResetTestExecutionListener, org.springframework.boot.test.autoconfigure.web.servlet.MockMvcPrintOnlyOnFailureTestExecutionListener, org.springframework.boot.test.autoconfigure.web.servlet.WebDriverTestExecutionListener, org.springframework.boot.test.mock.mockito.MockitoTestExecutionListener, org.springframework.boot.test.mock.mockito.ResetMocksTestExecutionListener, org.springframework.test.context.web.ServletTestExecutionListener, org.springframework.test.context.support.DirtiesContextBeforeModesTestExecutionListener, org.springframework.test.context.support.DependencyInjectionTestExecutionListener, org.springframework.test.context.support.DirtiesContextTestExecutionListener, org.springframework.test.context.transaction.TransactionalTestExecutionListener, org.springframework.test.context.jdbc.SqlScriptsTestExecutionListener]
2019-10-12 11:41:59 | ?[34mINFO ?[0;39m | ?[1;33mTest worker?[0;39m | ?[1;32morg.springframework.boot.test.context.SpringBootTestContextBootstrapper?[0;39m | Using TestExecutionListeners: [org.springframework.test.context.web.ServletTestExecutionListener@5fdb43cd, org.springframework.test.context.support.DirtiesContextBeforeModesTestExecutionListener@5d4f9fbe, org.springframework.boot.test.autoconfigure.SpringBootDependencyInjectionTestExecutionListener@469cc407, org.springframework.test.context.support.DirtiesContextTestExecutionListener@689e9943, org.springframework.test.context.transaction.TransactionalTestExecutionListener@6d5e6ab6, org.springframework.test.context.jdbc.SqlScriptsTestExecutionListener@4c4daacc, org.springframework.boot.test.mock.mockito.MockitoTestExecutionListener@6c51e3be, org.springframework.boot.test.autoconfigure.restdocs.RestDocsTestExecutionListener@70192bf6, org.springframework.boot.test.autoconfigure.web.servlet.MockMvcPrintOnlyOnFailureTestExecutionListener@6e0ce499, org.springframework.boot.test.mock.mockito.ResetMocksTestExecutionListener@4f36285e, org.springframework.boot.test.autoconfigure.web.servlet.WebDriverTestExecutionListener@2c196e15, org.springframework.boot.test.autoconfigure.web.client.MockRestServiceServerResetTestExecutionListener@1566a6fb]
2019-10-12 11:41:59 | ?[34mINFO ?[0;39m | ?[1;33mTest worker?[0;39m | ?[1;32morg.springframework.boot.test.mock.web.SpringBootMockServletContext?[0;39m | Initializing Spring FrameworkServlet ''
2019-10-12 11:41:59 | ?[34mINFO ?[0;39m | ?[1;33mTest worker?[0;39m | ?[1;32morg.springframework.test.web.servlet.TestDispatcherServlet?[0;39m | FrameworkServlet '': initialization started
2019-10-12 11:41:59 | ?[34mINFO ?[0;39m | ?[1;33mTest worker?[0;39m | ?[1;32morg.springframework.test.web.servlet.TestDispatcherServlet?[0;39m | FrameworkServlet '': initialization completed in 5 ms
2019-10-12 11:41:59 | ?[34mINFO ?[0;39m | ?[1;33mTest worker?[0;39m | ?[1;32mcom.jiaxin.pad.controller.DictionaryControllerTest?[0;39m | 分页查询财务信息
2019-10-12 11:41:59 | ?[34mINFO ?[0;39m | ?[1;33mTest worker?[0;39m | ?[1;32mcom.jiaxin.pad.controller.DictionaryControllerTest?[0;39m | 分页查询财务信息 条件: {"current":1,"offset":10,"peopleId":3}
2019-10-12 11:41:59 | ?[39mDEBUG?[0;39m | ?[1;33mTest worker?[0;39m | ?[1;32mcom.jiaxin.pda.mapper.FinanceDetailMapper.queryFinanceDetailByPage?[0;39m | ==>  Preparing: select count(0) from (SELECT tfd.id, tfd.uuid, tfd.item_id AS itemId, tfd.cost_money AS costMoney, tfd.note, tfd.created_by AS createdBy, tfd.created_time AS createdTime, tfd.updated_by AS updatedBy, tfd.updated_time AS updatedTime, tfd.reversion, tfd.delete_flag as deleteFlag FROM tb_finance_detail tfd where tfd.delete_flag = 0 and tfd.updated_by = ?) as total 
2019-10-12 11:41:59 | ?[39mDEBUG?[0;39m | ?[1;33mTest worker?[0;39m | ?[1;32mcom.jiaxin.pda.mapper.FinanceDetailMapper.queryFinanceDetailByPage?[0;39m | ==> Parameters: 3(Integer)
2019-10-12 11:41:59 | ?[39mDEBUG?[0;39m | ?[1;33mTest worker?[0;39m | ?[1;32mcom.jiaxin.pda.mapper.FinanceDetailMapper.queryFinanceDetailByPage?[0;39m | ==>  Preparing: SELECT tfd.id, tfd.uuid, tfd.item_id AS itemId, tfd.cost_money AS costMoney, tfd.note, tfd.created_by AS createdBy, tfd.created_time AS createdTime, tfd.updated_by AS updatedBy, tfd.updated_time AS updatedTime, tfd.reversion, tfd.delete_flag as deleteFlag FROM tb_finance_detail tfd where tfd.delete_flag = 0 and tfd.updated_by = ? limit 0,10 
2019-10-12 11:41:59 | ?[39mDEBUG?[0;39m | ?[1;33mTest worker?[0;39m | ?[1;32mcom.jiaxin.pda.mapper.FinanceDetailMapper.queryFinanceDetailByPage?[0;39m | ==> Parameters: 3(Integer)
2019-10-12 11:41:59 | ?[39mDEBUG?[0;39m | ?[1;33mTest worker?[0;39m | ?[1;32mcom.jiaxin.pda.mapper.FinanceDetailMapper.queryFinanceDetailByPage?[0;39m | <==      Total: 2

MockHttpServletRequest:
      HTTP Method = POST
      Request URI = /finance/queryFinanceDetailByPage
       Parameters = {}
          Headers = {Accept=[application/json], Content-Type=[application/json;charset=utf-8]}

Handler:
             Type = com.jiaxin.pda.controller.FinanceDetailController
           Method = public com.jiaxin.pda.entity.ListPageVo com.jiaxin.pda.controller.FinanceDetailController.queryFinanceDetailByPage(com.jiaxin.pda.entity.dto.FinanceDetailDto)

Async:
    Async started = false
     Async result = null

Resolved Exception:
             Type = null

ModelAndView:
        View name = null
             View = null
            Model = null

FlashMap:
       Attributes = null

MockHttpServletResponse:
           Status = 200
    Error message = null
          Headers = {Content-Type=[application/json;charset=UTF-8]}
     Content type = application/json;charset=UTF-8
             Body = {"code":200,"msg":"操作成功","body":{"rows":[{"createdTime":1569740013000,"createdBy":3,"updatedTime":1569740013000,"updatedBy":3,"reversion":1,"deleteFlag":false,"id":"085a10b9c3974c85a6dc92ca7fc11d11","uuid":2,"itemId":4,"costMoney":3.6,"note":"从咸宁路到延平门"},{"createdTime":1569738604000,"createdBy":3,"updatedTime":1569740414000,"updatedBy":3,"reversion":2,"deleteFlag":false,"id":"085a10b9c3974c85a6dc92ca7fc11d12","uuid":1,"itemId":3,"costMoney":1.0,"note":"坐800路"}],"page":{"offset":10,"current":1,"pages":1,"rows":2}}}
    Forwarded URL = null
   Redirected URL = null
          Cookies = []
2019-10-12 11:41:59 | ?[34mINFO ?[0;39m | ?[1;33mTest worker?[0;39m | ?[1;32morg.springframework.boot.test.mock.web.SpringBootMockServletContext?[0;39m | Initializing Spring FrameworkServlet ''
2019-10-12 11:41:59 | ?[34mINFO ?[0;39m | ?[1;33mTest worker?[0;39m | ?[1;32morg.springframework.test.web.servlet.TestDispatcherServlet?[0;39m | FrameworkServlet '': initialization started
2019-10-12 11:41:59 | ?[34mINFO ?[0;39m | ?[1;33mTest worker?[0;39m | ?[1;32morg.springframework.test.web.servlet.TestDispatcherServlet?[0;39m | FrameworkServlet '': initialization completed in 6 ms
2019-10-12 11:41:59 | ?[34mINFO ?[0;39m | ?[1;33mTest worker?[0;39m | ?[1;32mcom.jiaxin.pad.controller.DictionaryControllerTest?[0;39m | 插入财务信息
2019-10-12 11:41:59 | ?[34mINFO ?[0;39m | ?[1;33mTest worker?[0;39m | ?[1;32mcom.jiaxin.pad.controller.DictionaryControllerTest?[0;39m | 插入财务信息条件: {"itemId":3,"note":"炒面","costMoney":10}
2019-10-12 11:41:59 | ?[39mDEBUG?[0;39m | ?[1;33mTest worker?[0;39m | ?[1;32mcom.jiaxin.pda.mapper.FinanceDetailMapper.selectMaxUuid?[0;39m | ==>  Preparing: SELECT IFNULL( max( tfd.uuid), 0 ) FROM tb_finance_detail tfd WHERE tfd.delete_flag = 0 
2019-10-12 11:41:59 | ?[39mDEBUG?[0;39m | ?[1;33mTest worker?[0;39m | ?[1;32mcom.jiaxin.pda.mapper.FinanceDetailMapper.selectMaxUuid?[0;39m | ==> Parameters: 
2019-10-12 11:41:59 | ?[39mDEBUG?[0;39m | ?[1;33mTest worker?[0;39m | ?[1;32mcom.jiaxin.pda.mapper.FinanceDetailMapper.selectMaxUuid?[0;39m | <==      Total: 1
2019-10-12 11:41:59 | ?[39mDEBUG?[0;39m | ?[1;33mTest worker?[0;39m | ?[1;32mcom.jiaxin.pda.mapper.FinanceDetailMapper.insertFinanceDetail?[0;39m | ==>  Preparing: INSERT INTO tb_finance_detail ( id, uuid, item_id, cost_money, note, delete_flag, reversion, created_by, created_time, updated_by, updated_time ) VALUES ( ?, ?, ?, ?, ?, ?, ?, ?, ?, ?, ? ) 
2019-10-12 11:41:59 | ?[39mDEBUG?[0;39m | ?[1;33mTest worker?[0;39m | ?[1;32mcom.jiaxin.pda.mapper.FinanceDetailMapper.insertFinanceDetail?[0;39m | ==> Parameters: 57c2215bb1e5477d831e39d739bb03b3(String), 14(Integer), 3(Integer), 10.0(Double), 炒面(String), false(Boolean), 1(Integer), -1(Integer), 2019-10-12 11:41:57.051(Timestamp), -1(Integer), 2019-10-12 11:41:57.051(Timestamp)
2019-10-12 11:41:59 | ?[39mDEBUG?[0;39m | ?[1;33mTest worker?[0;39m | ?[1;32mcom.jiaxin.pda.mapper.FinanceDetailMapper.insertFinanceDetail?[0;39m | <==    Updates: 1

MockHttpServletRequest:
      HTTP Method = PUT
      Request URI = /finance/insertFinanceDetail
       Parameters = {}
          Headers = {Accept=[application/json], Content-Type=[application/json;charset=utf-8]}

Handler:
             Type = com.jiaxin.pda.controller.FinanceDetailController
           Method = public com.jiaxin.pda.entity.vo.GeneralVo com.jiaxin.pda.controller.FinanceDetailController.insertFinanceDetail(com.jiaxin.pda.entity.vo.FinanceDetailVo)

Async:
    Async started = false
     Async result = null

Resolved Exception:
             Type = null

ModelAndView:
        View name = null
             View = null
            Model = null

FlashMap:
       Attributes = null

MockHttpServletResponse:
           Status = 200
    Error message = null
          Headers = {Content-Type=[application/json;charset=UTF-8]}
     Content type = application/json;charset=UTF-8
             Body = {"code":200,"msg":"操作成功","body":null}
    Forwarded URL = null
   Redirected URL = null
          Cookies = []
2019-10-12 11:41:59 | ?[34mINFO ?[0;39m | ?[1;33mTest worker?[0;39m | ?[1;32morg.springframework.boot.test.mock.web.SpringBootMockServletContext?[0;39m | Initializing Spring FrameworkServlet ''
2019-10-12 11:41:59 | ?[34mINFO ?[0;39m | ?[1;33mTest worker?[0;39m | ?[1;32morg.springframework.test.web.servlet.TestDispatcherServlet?[0;39m | FrameworkServlet '': initialization started
2019-10-12 11:41:59 | ?[34mINFO ?[0;39m | ?[1;33mTest worker?[0;39m | ?[1;32morg.springframework.test.web.servlet.TestDispatcherServlet?[0;39m | FrameworkServlet '': initialization completed in 3 ms
2019-10-12 11:41:59 | ?[34mINFO ?[0;39m | ?[1;33mTest worker?[0;39m | ?[1;32mcom.jiaxin.pad.controller.DictionaryControllerTest?[0;39m | 修改财务信息
2019-10-12 11:41:59 | ?[34mINFO ?[0;39m | ?[1;33mTest worker?[0;39m | ?[1;32mcom.jiaxin.pad.controller.DictionaryControllerTest?[0;39m | 修改财务信息条件: {"itemId":3,"note":"扁豆焖面","costMoney":10.0,"id":"fa17977a028a4489ad4e2dae354bff53"}
2019-10-12 11:41:59 | ?[39mDEBUG?[0;39m | ?[1;33mTest worker?[0;39m | ?[1;32mcom.jiaxin.pda.mapper.FinanceDetailMapper.updateFinanceDetail?[0;39m | ==>  Preparing: UPDATE tb_finance_detail SET item_id = ?, cost_money = ?, note = ?, reversion = reversion + 1, updated_by = ?, updated_time = ? WHERE id = ? 
2019-10-12 11:41:59 | ?[39mDEBUG?[0;39m | ?[1;33mTest worker?[0;39m | ?[1;32mcom.jiaxin.pda.mapper.FinanceDetailMapper.updateFinanceDetail?[0;39m | ==> Parameters: 3(Integer), 10.0(Double), 扁豆焖面(String), -1(Integer), 2019-10-12 11:41:57.051(Timestamp), fa17977a028a4489ad4e2dae354bff53(String)
2019-10-12 11:41:59 | ?[39mDEBUG?[0;39m | ?[1;33mTest worker?[0;39m | ?[1;32mcom.jiaxin.pda.mapper.FinanceDetailMapper.updateFinanceDetail?[0;39m | <==    Updates: 1

MockHttpServletRequest:
      HTTP Method = PUT
      Request URI = /finance/updateFinanceDetail
       Parameters = {}
          Headers = {Accept=[application/json], Content-Type=[application/json;charset=utf-8]}

Handler:
             Type = com.jiaxin.pda.controller.FinanceDetailController
           Method = public com.jiaxin.pda.entity.vo.GeneralVo com.jiaxin.pda.controller.FinanceDetailController.updateFinanceDetail(com.jiaxin.pda.entity.vo.FinanceDetailVo)

Async:
    Async started = false
     Async result = null

Resolved Exception:
             Type = null

ModelAndView:
        View name = null
             View = null
            Model = null

FlashMap:
       Attributes = null

MockHttpServletResponse:
           Status = 200
    Error message = null
          Headers = {Content-Type=[application/json;charset=UTF-8]}
     Content type = application/json;charset=UTF-8
             Body = {"code":200,"msg":"操作成功","body":null}
    Forwarded URL = null
   Redirected URL = null
          Cookies = []
]]></system-out>
  <system-err><![CDATA[]]></system-err>
</testsuite>
