<?xml version="1.0" encoding="UTF-8"?>
<testsuite name="com.jiaxin.pad.controller.UserControllerTest" tests="1" skipped="0" failures="0" errors="0" timestamp="2019-12-16T09:30:05" hostname="milos-computer.local" time="1.305">
  <properties/>
  <testcase name="queryMenuListByUserToken" classname="com.jiaxin.pad.controller.UserControllerTest" time="1.305"/>
  <system-out><![CDATA[17:29:32.390 [Test worker] DEBUG org.springframework.test.context.support.AbstractDirtiesContextTestExecutionListener - Before test class: context [DefaultTestContext@33d3718 testClass = UserControllerTest, testInstance = [null], testMethod = [null], testException = [null], mergedContextConfiguration = [WebMergedContextConfiguration@68e77c94 testClass = UserControllerTest, locations = '{}', classes = '{class com.jiaxin.pda.PdaApplication, class com.jiaxin.pda.PdaApplication}', contextInitializerClasses = '[]', activeProfiles = '{}', propertySourceLocations = '{}', propertySourceProperties = '{org.springframework.boot.test.context.SpringBootTestContextBootstrapper=true}', contextCustomizers = set[org.springframework.boot.test.autoconfigure.properties.PropertyMappingContextCustomizer@0, org.springframework.boot.test.autoconfigure.web.servlet.WebDriverContextCustomizerFactory$Customizer@5afef06c, org.springframework.boot.test.context.SpringBootTestContextCustomizer@670adf83, org.springframework.boot.test.context.filter.ExcludeFilterContextCustomizer@718b7c6b, org.springframework.boot.test.mock.mockito.MockitoContextCustomizer@0, org.springframework.test.context.web.socket.MockServerContainerContextCustomizer@313c7201], resourceBasePath = 'src/main/webapp', contextLoader = 'org.springframework.boot.test.context.SpringBootContextLoader', parent = [null]]], class annotated with @DirtiesContext [false] with mode [null].
17:29:32.478 [Test worker] DEBUG org.springframework.core.env.StandardEnvironment - Adding [systemProperties] PropertySource with lowest search precedence
17:29:32.480 [Test worker] DEBUG org.springframework.core.env.StandardEnvironment - Adding [systemEnvironment] PropertySource with lowest search precedence
17:29:32.481 [Test worker] DEBUG org.springframework.core.env.StandardEnvironment - Initialized StandardEnvironment with PropertySources [systemProperties,systemEnvironment]
17:29:32.483 [Test worker] DEBUG org.springframework.test.context.support.TestPropertySourceUtils - Adding inlined properties to environment: {spring.jmx.enabled=false, org.springframework.boot.test.context.SpringBootTestContextBootstrapper=true, server.port=-1}
17:29:32.485 [Test worker] DEBUG org.springframework.core.env.StandardEnvironment - Adding [Inlined Test Properties] PropertySource with highest search precedence

  .   ____          _            __ _ _
 /\\ / ___'_ __ _ _(_)_ __  __ _ \ \ \ \
( ( )\___ | '_ | '_| | '_ \/ _` | \ \ \ \
 \\/  ___)| |_)| | | | | || (_| |  ) ) ) )
  '  |____| .__|_| |_|_| |_\__, | / / / /
 =========|_|==============|___/=/_/_/_/
 :: Spring Boot ::        (v1.4.3.RELEASE)

2019-12-16 17:29:53 | ?[34mINFO ?[0;39m | ?[1;33mTest worker?[0;39m | ?[1;32mcom.jiaxin.pad.controller.UserControllerTest?[0;39m | Starting UserControllerTest on milos-computer.local with PID 72804 (/Users/mac/gitHubRepository/pda/build/classes/java/test started by mac in /Users/mac/gitHubRepository/pda)
2019-12-16 17:29:53 | ?[34mINFO ?[0;39m | ?[1;33mTest worker?[0;39m | ?[1;32mcom.jiaxin.pad.controller.UserControllerTest?[0;39m | The following profiles are active: dev
2019-12-16 17:29:53 | ?[34mINFO ?[0;39m | ?[1;33mTest worker?[0;39m | ?[1;32morg.springframework.web.context.support.GenericWebApplicationContext?[0;39m | Refreshing org.springframework.web.context.support.GenericWebApplicationContext@585aa99d: startup date [Mon Dec 16 17:29:53 CST 2019]; root of context hierarchy
2019-12-16 17:29:55 | ?[34mINFO ?[0;39m | ?[1;33mTest worker?[0;39m | ?[1;32morg.springframework.data.repository.config.RepositoryConfigurationDelegate?[0;39m | Multiple Spring Data modules found, entering strict repository configuration mode!
2019-12-16 17:29:56 | ?[34mINFO ?[0;39m | ?[1;33mTest worker?[0;39m | ?[1;32morg.springframework.context.support.PostProcessorRegistrationDelegate$BeanPostProcessorChecker?[0;39m | Bean 'org.springframework.transaction.annotation.ProxyTransactionManagementConfiguration' of type [class org.springframework.transaction.annotation.ProxyTransactionManagementConfiguration$$EnhancerBySpringCGLIB$$6d895e91] is not eligible for getting processed by all BeanPostProcessors (for example: not eligible for auto-proxying)
2019-12-16 17:29:56 | ?[34mINFO ?[0;39m | ?[1;33mTest worker?[0;39m | ?[1;32mcom.alibaba.druid.spring.boot.autoconfigure.DruidDataSourceAutoConfigure?[0;39m | Init DruidDataSource
2019-12-16 17:29:57 | ?[34mINFO ?[0;39m | ?[1;33mTest worker?[0;39m | ?[1;32mcom.alibaba.druid.pool.DruidDataSource?[0;39m | {dataSource-1} inited
2019-12-16 17:29:59 | ?[34mINFO ?[0;39m | ?[1;33mTest worker?[0;39m | ?[1;32morg.springframework.web.servlet.mvc.method.annotation.RequestMappingHandlerMapping?[0;39m | Mapped "{[/dictionary/insertDictionary],methods=[PUT]}" onto public com.jiaxin.pda.entity.vo.GeneralVo com.jiaxin.pda.controller.DictionaryController.insertDictionaryType(javax.servlet.http.HttpServletRequest,javax.servlet.http.HttpServletResponse,com.jiaxin.pda.entity.vo.DictionaryVo)
2019-12-16 17:29:59 | ?[34mINFO ?[0;39m | ?[1;33mTest worker?[0;39m | ?[1;32morg.springframework.web.servlet.mvc.method.annotation.RequestMappingHandlerMapping?[0;39m | Mapped "{[/dictionary/insertDictionaryType],methods=[PUT]}" onto public com.jiaxin.pda.entity.vo.GeneralVo com.jiaxin.pda.controller.DictionaryController.insertDictionaryType(javax.servlet.http.HttpServletRequest,javax.servlet.http.HttpServletResponse,com.jiaxin.pda.entity.vo.DictionaryTypeVo)
2019-12-16 17:29:59 | ?[34mINFO ?[0;39m | ?[1;33mTest worker?[0;39m | ?[1;32morg.springframework.web.servlet.mvc.method.annotation.RequestMappingHandlerMapping?[0;39m | Mapped "{[/dictionary/updateDictionary],methods=[PUT]}" onto public com.jiaxin.pda.entity.vo.GeneralVo com.jiaxin.pda.controller.DictionaryController.updateDictionaryType(javax.servlet.http.HttpServletRequest,javax.servlet.http.HttpServletResponse,com.jiaxin.pda.entity.vo.DictionaryVo)
2019-12-16 17:29:59 | ?[34mINFO ?[0;39m | ?[1;33mTest worker?[0;39m | ?[1;32morg.springframework.web.servlet.mvc.method.annotation.RequestMappingHandlerMapping?[0;39m | Mapped "{[/dictionary/updateDictionaryType],methods=[PUT]}" onto public com.jiaxin.pda.entity.vo.GeneralVo com.jiaxin.pda.controller.DictionaryController.updateDictionaryType(javax.servlet.http.HttpServletRequest,javax.servlet.http.HttpServletResponse,com.jiaxin.pda.entity.vo.DictionaryTypeVo)
2019-12-16 17:29:59 | ?[34mINFO ?[0;39m | ?[1;33mTest worker?[0;39m | ?[1;32morg.springframework.web.servlet.mvc.method.annotation.RequestMappingHandlerMapping?[0;39m | Mapped "{[/dictionary/deleteDictionaryType],methods=[DELETE]}" onto public com.jiaxin.pda.entity.vo.GeneralVo com.jiaxin.pda.controller.DictionaryController.deleteDictionaryType(javax.servlet.http.HttpServletRequest,javax.servlet.http.HttpServletResponse,com.jiaxin.pda.entity.vo.DictionaryTypeVo)
2019-12-16 17:29:59 | ?[34mINFO ?[0;39m | ?[1;33mTest worker?[0;39m | ?[1;32morg.springframework.web.servlet.mvc.method.annotation.RequestMappingHandlerMapping?[0;39m | Mapped "{[/dictionary/queryDictionaryTypeByPage],methods=[POST]}" onto public com.jiaxin.pda.entity.ListPageVo com.jiaxin.pda.controller.DictionaryController.queryDictionaryTypeByPage(com.jiaxin.pda.entity.dto.DictionaryTypeDto)
2019-12-16 17:29:59 | ?[34mINFO ?[0;39m | ?[1;33mTest worker?[0;39m | ?[1;32morg.springframework.web.servlet.mvc.method.annotation.RequestMappingHandlerMapping?[0;39m | Mapped "{[/dictionary/deleteDictionaryItem],methods=[DELETE]}" onto public com.jiaxin.pda.entity.vo.GeneralVo com.jiaxin.pda.controller.DictionaryController.deleteDictionary(javax.servlet.http.HttpServletRequest,javax.servlet.http.HttpServletResponse,com.jiaxin.pda.entity.vo.DictionaryVo)
2019-12-16 17:29:59 | ?[34mINFO ?[0;39m | ?[1;33mTest worker?[0;39m | ?[1;32morg.springframework.web.servlet.mvc.method.annotation.RequestMappingHandlerMapping?[0;39m | Mapped "{[/dictionary/queryDictionaryByTypeId/{typeId}],methods=[GET]}" onto public com.jiaxin.pda.entity.vo.GeneralVo com.jiaxin.pda.controller.DictionaryController.queryDictionaryByPage(java.lang.Integer)
2019-12-16 17:29:59 | ?[34mINFO ?[0;39m | ?[1;33mTest worker?[0;39m | ?[1;32morg.springframework.web.servlet.mvc.method.annotation.RequestMappingHandlerMapping?[0;39m | Mapped "{[/dictionary/queryDictionaryByPage],methods=[POST]}" onto public com.jiaxin.pda.entity.ListPageVo com.jiaxin.pda.controller.DictionaryController.queryDictionaryByPage(com.jiaxin.pda.entity.dto.DictionaryDto)
2019-12-16 17:29:59 | ?[34mINFO ?[0;39m | ?[1;33mTest worker?[0;39m | ?[1;32morg.springframework.web.servlet.mvc.method.annotation.RequestMappingHandlerMapping?[0;39m | Mapped "{[/finance/insertFinanceDetail],methods=[PUT]}" onto public com.jiaxin.pda.entity.vo.GeneralVo com.jiaxin.pda.controller.FinanceDetailController.insertFinanceDetail(javax.servlet.http.HttpServletRequest,javax.servlet.http.HttpServletResponse,com.jiaxin.pda.entity.vo.FinanceDetailVo)
2019-12-16 17:29:59 | ?[34mINFO ?[0;39m | ?[1;33mTest worker?[0;39m | ?[1;32morg.springframework.web.servlet.mvc.method.annotation.RequestMappingHandlerMapping?[0;39m | Mapped "{[/finance/updateFinanceDetail],methods=[PUT]}" onto public com.jiaxin.pda.entity.vo.GeneralVo com.jiaxin.pda.controller.FinanceDetailController.updateFinanceDetail(javax.servlet.http.HttpServletRequest,javax.servlet.http.HttpServletResponse,com.jiaxin.pda.entity.vo.FinanceDetailVo)
2019-12-16 17:29:59 | ?[34mINFO ?[0;39m | ?[1;33mTest worker?[0;39m | ?[1;32morg.springframework.web.servlet.mvc.method.annotation.RequestMappingHandlerMapping?[0;39m | Mapped "{[/finance/deleteFinanceDetail],methods=[DELETE]}" onto public com.jiaxin.pda.entity.vo.GeneralVo com.jiaxin.pda.controller.FinanceDetailController.deleteFinanceDetail(javax.servlet.http.HttpServletRequest,javax.servlet.http.HttpServletResponse,com.jiaxin.pda.entity.vo.FinanceDetailVo)
2019-12-16 17:29:59 | ?[34mINFO ?[0;39m | ?[1;33mTest worker?[0;39m | ?[1;32morg.springframework.web.servlet.mvc.method.annotation.RequestMappingHandlerMapping?[0;39m | Mapped "{[/finance/queryFinanceDetailByPage],methods=[POST]}" onto public com.jiaxin.pda.entity.ListPageVo com.jiaxin.pda.controller.FinanceDetailController.queryFinanceDetailByPage(com.jiaxin.pda.entity.dto.FinanceDetailDto)
2019-12-16 17:29:59 | ?[34mINFO ?[0;39m | ?[1;33mTest worker?[0;39m | ?[1;32morg.springframework.web.servlet.mvc.method.annotation.RequestMappingHandlerMapping?[0;39m | Mapped "{[/menu/insertMenu],methods=[PUT]}" onto public com.jiaxin.pda.entity.vo.GeneralVo com.jiaxin.pda.controller.MenuController.insertMenu(javax.servlet.http.HttpServletRequest,javax.servlet.http.HttpServletResponse,com.jiaxin.pda.entity.vo.MenuVo)
2019-12-16 17:29:59 | ?[34mINFO ?[0;39m | ?[1;33mTest worker?[0;39m | ?[1;32morg.springframework.web.servlet.mvc.method.annotation.RequestMappingHandlerMapping?[0;39m | Mapped "{[/menu/delete],methods=[DELETE]}" onto public com.jiaxin.pda.entity.vo.GeneralVo com.jiaxin.pda.controller.MenuController.deleteMenu(javax.servlet.http.HttpServletRequest,javax.servlet.http.HttpServletResponse,com.jiaxin.pda.entity.vo.MenuVo)
2019-12-16 17:29:59 | ?[34mINFO ?[0;39m | ?[1;33mTest worker?[0;39m | ?[1;32morg.springframework.web.servlet.mvc.method.annotation.RequestMappingHandlerMapping?[0;39m | Mapped "{[/menu/updateMenuName],methods=[POST]}" onto public com.jiaxin.pda.entity.vo.GeneralVo com.jiaxin.pda.controller.MenuController.updateMenuName(javax.servlet.http.HttpServletRequest,javax.servlet.http.HttpServletResponse,com.jiaxin.pda.entity.vo.MenuVo)
2019-12-16 17:29:59 | ?[34mINFO ?[0;39m | ?[1;33mTest worker?[0;39m | ?[1;32morg.springframework.web.servlet.mvc.method.annotation.RequestMappingHandlerMapping?[0;39m | Mapped "{[/menu/queryMenuListByPage],methods=[POST]}" onto public com.jiaxin.pda.entity.ListPageVo com.jiaxin.pda.controller.MenuController.queryMenuListByPage(com.jiaxin.pda.entity.dto.MenuDto)
2019-12-16 17:29:59 | ?[34mINFO ?[0;39m | ?[1;33mTest worker?[0;39m | ?[1;32morg.springframework.web.servlet.mvc.method.annotation.RequestMappingHandlerMapping?[0;39m | Mapped "{[/role/insertRole],methods=[PUT]}" onto public com.jiaxin.pda.entity.vo.GeneralVo com.jiaxin.pda.controller.RoleController.insertRole(javax.servlet.http.HttpServletRequest,javax.servlet.http.HttpServletResponse,com.jiaxin.pda.entity.vo.RoleVo,org.springframework.validation.BindingResult)
2019-12-16 17:29:59 | ?[34mINFO ?[0;39m | ?[1;33mTest worker?[0;39m | ?[1;32morg.springframework.web.servlet.mvc.method.annotation.RequestMappingHandlerMapping?[0;39m | Mapped "{[/role/updateRoleName],methods=[PUT]}" onto public com.jiaxin.pda.entity.vo.GeneralVo com.jiaxin.pda.controller.RoleController.updateRoleName(javax.servlet.http.HttpServletRequest,javax.servlet.http.HttpServletResponse,com.jiaxin.pda.entity.vo.RoleVo,org.springframework.validation.BindingResult)
2019-12-16 17:29:59 | ?[34mINFO ?[0;39m | ?[1;33mTest worker?[0;39m | ?[1;32morg.springframework.web.servlet.mvc.method.annotation.RequestMappingHandlerMapping?[0;39m | Mapped "{[/role/deleteRole],methods=[DELETE]}" onto public com.jiaxin.pda.entity.vo.GeneralVo com.jiaxin.pda.controller.RoleController.deleteRole(javax.servlet.http.HttpServletRequest,javax.servlet.http.HttpServletResponse,com.jiaxin.pda.entity.vo.RoleVo)
2019-12-16 17:29:59 | ?[34mINFO ?[0;39m | ?[1;33mTest worker?[0;39m | ?[1;32morg.springframework.web.servlet.mvc.method.annotation.RequestMappingHandlerMapping?[0;39m | Mapped "{[/role/selectRoleByPage],methods=[POST]}" onto public com.jiaxin.pda.entity.ListPageVo com.jiaxin.pda.controller.RoleController.selectRoleByPage(com.jiaxin.pda.entity.dto.RoleDto)
2019-12-16 17:29:59 | ?[34mINFO ?[0;39m | ?[1;33mTest worker?[0;39m | ?[1;32morg.springframework.web.servlet.mvc.method.annotation.RequestMappingHandlerMapping?[0;39m | Mapped "{[/role/givePrivilege],methods=[POST]}" onto public com.jiaxin.pda.entity.vo.GeneralVo com.jiaxin.pda.controller.RoleController.givePrivilege(javax.servlet.http.HttpServletRequest,javax.servlet.http.HttpServletResponse,com.jiaxin.pda.entity.vo.RolePrivilegeVo)
2019-12-16 17:29:59 | ?[34mINFO ?[0;39m | ?[1;33mTest worker?[0;39m | ?[1;32morg.springframework.web.servlet.mvc.method.annotation.RequestMappingHandlerMapping?[0;39m | Mapped "{[/role/cancelPrivilege],methods=[DELETE]}" onto public com.jiaxin.pda.entity.vo.GeneralVo com.jiaxin.pda.controller.RoleController.cancelPrivilege(javax.servlet.http.HttpServletRequest,javax.servlet.http.HttpServletResponse,com.jiaxin.pda.entity.vo.RolePrivilegeVo)
2019-12-16 17:29:59 | ?[34mINFO ?[0;39m | ?[1;33mTest worker?[0;39m | ?[1;32morg.springframework.web.servlet.mvc.method.annotation.RequestMappingHandlerMapping?[0;39m | Mapped "{[/role/queryPrivilegeByRoleId/{roleId}],methods=[GET]}" onto public com.jiaxin.pda.entity.vo.GeneralVo com.jiaxin.pda.controller.RoleController.queryPrivilegeByRoleId(java.lang.Integer)
2019-12-16 17:29:59 | ?[34mINFO ?[0;39m | ?[1;33mTest worker?[0;39m | ?[1;32morg.springframework.web.servlet.mvc.method.annotation.RequestMappingHandlerMapping?[0;39m | Mapped "{[/user/registerUser],methods=[PUT]}" onto public com.jiaxin.pda.entity.vo.GeneralVo com.jiaxin.pda.controller.UserController.insertUser(javax.servlet.http.HttpServletRequest,javax.servlet.http.HttpServletResponse,com.jiaxin.pda.entity.vo.UserVo)
2019-12-16 17:29:59 | ?[34mINFO ?[0;39m | ?[1;33mTest worker?[0;39m | ?[1;32morg.springframework.web.servlet.mvc.method.annotation.RequestMappingHandlerMapping?[0;39m | Mapped "{[/user/deleteUser],methods=[DELETE]}" onto public com.jiaxin.pda.entity.vo.GeneralVo com.jiaxin.pda.controller.UserController.deleteUser(javax.servlet.http.HttpServletRequest,javax.servlet.http.HttpServletResponse,com.jiaxin.pda.entity.vo.UserVo)
2019-12-16 17:29:59 | ?[34mINFO ?[0;39m | ?[1;33mTest worker?[0;39m | ?[1;32morg.springframework.web.servlet.mvc.method.annotation.RequestMappingHandlerMapping?[0;39m | Mapped "{[/user/updateUserName],methods=[PUT]}" onto public com.jiaxin.pda.entity.vo.GeneralVo com.jiaxin.pda.controller.UserController.updateUserName(javax.servlet.http.HttpServletRequest,javax.servlet.http.HttpServletResponse,com.jiaxin.pda.entity.vo.UserVo,org.springframework.validation.BindingResult)
2019-12-16 17:29:59 | ?[34mINFO ?[0;39m | ?[1;33mTest worker?[0;39m | ?[1;32morg.springframework.web.servlet.mvc.method.annotation.RequestMappingHandlerMapping?[0;39m | Mapped "{[/user/updateUserPassword],methods=[PUT]}" onto public com.jiaxin.pda.entity.vo.GeneralVo com.jiaxin.pda.controller.UserController.updateUserPassword(javax.servlet.http.HttpServletRequest,javax.servlet.http.HttpServletResponse,com.jiaxin.pda.entity.vo.UserVo)
2019-12-16 17:29:59 | ?[34mINFO ?[0;39m | ?[1;33mTest worker?[0;39m | ?[1;32morg.springframework.web.servlet.mvc.method.annotation.RequestMappingHandlerMapping?[0;39m | Mapped "{[/user/queryRoleByUserId/{userId}],methods=[GET]}" onto public com.jiaxin.pda.entity.vo.GeneralVo com.jiaxin.pda.controller.UserController.queryRoleByUserId(int)
2019-12-16 17:29:59 | ?[34mINFO ?[0;39m | ?[1;33mTest worker?[0;39m | ?[1;32morg.springframework.web.servlet.mvc.method.annotation.RequestMappingHandlerMapping?[0;39m | Mapped "{[/user/logout],methods=[GET]}" onto public com.jiaxin.pda.entity.vo.GeneralVo com.jiaxin.pda.controller.UserController.logout(java.lang.String)
2019-12-16 17:29:59 | ?[34mINFO ?[0;39m | ?[1;33mTest worker?[0;39m | ?[1;32morg.springframework.web.servlet.mvc.method.annotation.RequestMappingHandlerMapping?[0;39m | Mapped "{[/user/login],methods=[POST]}" onto public com.jiaxin.pda.entity.vo.GeneralVo com.jiaxin.pda.controller.UserController.login(com.jiaxin.pda.entity.vo.UserVo)
2019-12-16 17:29:59 | ?[34mINFO ?[0;39m | ?[1;33mTest worker?[0;39m | ?[1;32morg.springframework.web.servlet.mvc.method.annotation.RequestMappingHandlerMapping?[0;39m | Mapped "{[/user/findById/{id}],methods=[GET]}" onto public com.jiaxin.pda.entity.vo.GeneralVo com.jiaxin.pda.controller.UserController.findById(java.lang.String)
2019-12-16 17:29:59 | ?[34mINFO ?[0;39m | ?[1;33mTest worker?[0;39m | ?[1;32morg.springframework.web.servlet.mvc.method.annotation.RequestMappingHandlerMapping?[0;39m | Mapped "{[/user/queryUserListByPage],methods=[POST]}" onto public com.jiaxin.pda.entity.ListPageVo com.jiaxin.pda.controller.UserController.queryUserListByPage(com.jiaxin.pda.entity.dto.UserDto)
2019-12-16 17:29:59 | ?[34mINFO ?[0;39m | ?[1;33mTest worker?[0;39m | ?[1;32morg.springframework.web.servlet.mvc.method.annotation.RequestMappingHandlerMapping?[0;39m | Mapped "{[/user/insertUserRole],methods=[PUT]}" onto public com.jiaxin.pda.entity.vo.GeneralVo com.jiaxin.pda.controller.UserController.insertUserRole(javax.servlet.http.HttpServletRequest,javax.servlet.http.HttpServletResponse,com.jiaxin.pda.entity.vo.UserPrivilegeVo)
2019-12-16 17:29:59 | ?[34mINFO ?[0;39m | ?[1;33mTest worker?[0;39m | ?[1;32morg.springframework.web.servlet.mvc.method.annotation.RequestMappingHandlerMapping?[0;39m | Mapped "{[/user/deleteUserRole],methods=[DELETE]}" onto public com.jiaxin.pda.entity.vo.GeneralVo com.jiaxin.pda.controller.UserController.deleteUserRole(javax.servlet.http.HttpServletRequest,javax.servlet.http.HttpServletResponse,com.jiaxin.pda.entity.vo.UserPrivilegeVo)
2019-12-16 17:29:59 | ?[34mINFO ?[0;39m | ?[1;33mTest worker?[0;39m | ?[1;32morg.springframework.web.servlet.mvc.method.annotation.RequestMappingHandlerMapping?[0;39m | Mapped "{[/user/queryUserPrivileges],methods=[GET]}" onto public com.jiaxin.pda.entity.vo.GeneralVo com.jiaxin.pda.controller.UserController.queryUserPrivileges(java.lang.String)
2019-12-16 17:29:59 | ?[34mINFO ?[0;39m | ?[1;33mTest worker?[0;39m | ?[1;32morg.springframework.web.servlet.mvc.method.annotation.RequestMappingHandlerMapping?[0;39m | Mapped "{[/v2/api-docs],methods=[GET],produces=[application/json || application/hal+json]}" onto public org.springframework.http.ResponseEntity<springfox.documentation.spring.web.json.Json> springfox.documentation.swagger2.web.Swagger2Controller.getDocumentation(java.lang.String,javax.servlet.http.HttpServletRequest)
2019-12-16 17:29:59 | ?[34mINFO ?[0;39m | ?[1;33mTest worker?[0;39m | ?[1;32morg.springframework.web.servlet.mvc.method.annotation.RequestMappingHandlerMapping?[0;39m | Mapped "{[/swagger-resources/configuration/security]}" onto org.springframework.http.ResponseEntity<springfox.documentation.swagger.web.SecurityConfiguration> springfox.documentation.swagger.web.ApiResourceController.securityConfiguration()
2019-12-16 17:29:59 | ?[34mINFO ?[0;39m | ?[1;33mTest worker?[0;39m | ?[1;32morg.springframework.web.servlet.mvc.method.annotation.RequestMappingHandlerMapping?[0;39m | Mapped "{[/swagger-resources/configuration/ui]}" onto org.springframework.http.ResponseEntity<springfox.documentation.swagger.web.UiConfiguration> springfox.documentation.swagger.web.ApiResourceController.uiConfiguration()
2019-12-16 17:29:59 | ?[34mINFO ?[0;39m | ?[1;33mTest worker?[0;39m | ?[1;32morg.springframework.web.servlet.mvc.method.annotation.RequestMappingHandlerMapping?[0;39m | Mapped "{[/swagger-resources]}" onto org.springframework.http.ResponseEntity<java.util.List<springfox.documentation.swagger.web.SwaggerResource>> springfox.documentation.swagger.web.ApiResourceController.swaggerResources()
2019-12-16 17:29:59 | ?[34mINFO ?[0;39m | ?[1;33mTest worker?[0;39m | ?[1;32morg.springframework.web.servlet.mvc.method.annotation.RequestMappingHandlerMapping?[0;39m | Mapped "{[/error]}" onto public org.springframework.http.ResponseEntity<java.util.Map<java.lang.String, java.lang.Object>> org.springframework.boot.autoconfigure.web.BasicErrorController.error(javax.servlet.http.HttpServletRequest)
2019-12-16 17:29:59 | ?[34mINFO ?[0;39m | ?[1;33mTest worker?[0;39m | ?[1;32morg.springframework.web.servlet.mvc.method.annotation.RequestMappingHandlerMapping?[0;39m | Mapped "{[/error],produces=[text/html]}" onto public org.springframework.web.servlet.ModelAndView org.springframework.boot.autoconfigure.web.BasicErrorController.errorHtml(javax.servlet.http.HttpServletRequest,javax.servlet.http.HttpServletResponse)
2019-12-16 17:30:01 | ?[34mINFO ?[0;39m | ?[1;33mTest worker?[0;39m | ?[1;32mliquibase.executor.jvm.JdbcExecutor?[0;39m | SELECT COUNT(*) FROM pda.DATABASECHANGELOGLOCK
2019-12-16 17:30:01 | ?[34mINFO ?[0;39m | ?[1;33mTest worker?[0;39m | ?[1;32mliquibase.executor.jvm.JdbcExecutor?[0;39m | SELECT COUNT(*) FROM pda.DATABASECHANGELOGLOCK
2019-12-16 17:30:01 | ?[34mINFO ?[0;39m | ?[1;33mTest worker?[0;39m | ?[1;32mliquibase.executor.jvm.JdbcExecutor?[0;39m | SELECT `LOCKED` FROM pda.DATABASECHANGELOGLOCK WHERE ID=1
2019-12-16 17:30:01 | ?[34mINFO ?[0;39m | ?[1;33mTest worker?[0;39m | ?[1;32mliquibase.lockservice.StandardLockService?[0;39m | Successfully acquired change log lock
2019-12-16 17:30:02 | ?[34mINFO ?[0;39m | ?[1;33mTest worker?[0;39m | ?[1;32mliquibase.executor.jvm.JdbcExecutor?[0;39m | SELECT MD5SUM FROM pda.DATABASECHANGELOG WHERE MD5SUM IS NOT NULL LIMIT 1
2019-12-16 17:30:02 | ?[34mINFO ?[0;39m | ?[1;33mTest worker?[0;39m | ?[1;32mliquibase.executor.jvm.JdbcExecutor?[0;39m | SELECT COUNT(*) FROM pda.DATABASECHANGELOG
2019-12-16 17:30:02 | ?[34mINFO ?[0;39m | ?[1;33mTest worker?[0;39m | ?[1;32mliquibase.changelog.StandardChangeLogHistoryService?[0;39m | Reading from pda.DATABASECHANGELOG
2019-12-16 17:30:02 | ?[34mINFO ?[0;39m | ?[1;33mTest worker?[0;39m | ?[1;32mliquibase.executor.jvm.JdbcExecutor?[0;39m | SELECT * FROM pda.DATABASECHANGELOG ORDER BY DATEEXECUTED ASC, ORDEREXECUTED ASC
2019-12-16 17:30:02 | ?[34mINFO ?[0;39m | ?[1;33mTest worker?[0;39m | ?[1;32mliquibase.lockservice.StandardLockService?[0;39m | Successfully released change log lock
2019-12-16 17:30:02 | ?[34mINFO ?[0;39m | ?[1;33mTest worker?[0;39m | ?[1;32morg.springframework.boot.actuate.endpoint.mvc.EndpointHandlerMapping?[0;39m | Mapped "{[/metrics/{name:.*}],methods=[GET],produces=[application/json]}" onto public java.lang.Object org.springframework.boot.actuate.endpoint.mvc.MetricsMvcEndpoint.value(java.lang.String)
2019-12-16 17:30:02 | ?[34mINFO ?[0;39m | ?[1;33mTest worker?[0;39m | ?[1;32morg.springframework.boot.actuate.endpoint.mvc.EndpointHandlerMapping?[0;39m | Mapped "{[/metrics || /metrics.json],methods=[GET],produces=[application/json]}" onto public java.lang.Object org.springframework.boot.actuate.endpoint.mvc.EndpointMvcAdapter.invoke()
2019-12-16 17:30:02 | ?[34mINFO ?[0;39m | ?[1;33mTest worker?[0;39m | ?[1;32morg.springframework.boot.actuate.endpoint.mvc.EndpointHandlerMapping?[0;39m | Mapped "{[/info || /info.json],methods=[GET],produces=[application/json]}" onto public java.lang.Object org.springframework.boot.actuate.endpoint.mvc.EndpointMvcAdapter.invoke()
2019-12-16 17:30:02 | ?[34mINFO ?[0;39m | ?[1;33mTest worker?[0;39m | ?[1;32morg.springframework.boot.actuate.endpoint.mvc.EndpointHandlerMapping?[0;39m | Mapped "{[/autoconfig || /autoconfig.json],methods=[GET],produces=[application/json]}" onto public java.lang.Object org.springframework.boot.actuate.endpoint.mvc.EndpointMvcAdapter.invoke()
2019-12-16 17:30:02 | ?[34mINFO ?[0;39m | ?[1;33mTest worker?[0;39m | ?[1;32morg.springframework.boot.actuate.endpoint.mvc.EndpointHandlerMapping?[0;39m | Mapped "{[/health || /health.json],produces=[application/json]}" onto public java.lang.Object org.springframework.boot.actuate.endpoint.mvc.HealthMvcEndpoint.invoke(java.security.Principal)
2019-12-16 17:30:02 | ?[34mINFO ?[0;39m | ?[1;33mTest worker?[0;39m | ?[1;32morg.springframework.boot.actuate.endpoint.mvc.EndpointHandlerMapping?[0;39m | Mapped "{[/liquibase || /liquibase.json],methods=[GET],produces=[application/json]}" onto public java.lang.Object org.springframework.boot.actuate.endpoint.mvc.EndpointMvcAdapter.invoke()
2019-12-16 17:30:02 | ?[34mINFO ?[0;39m | ?[1;33mTest worker?[0;39m | ?[1;32morg.springframework.boot.actuate.endpoint.mvc.EndpointHandlerMapping?[0;39m | Mapped "{[/dump || /dump.json],methods=[GET],produces=[application/json]}" onto public java.lang.Object org.springframework.boot.actuate.endpoint.mvc.EndpointMvcAdapter.invoke()
2019-12-16 17:30:02 | ?[34mINFO ?[0;39m | ?[1;33mTest worker?[0;39m | ?[1;32morg.springframework.boot.actuate.endpoint.mvc.EndpointHandlerMapping?[0;39m | Mapped "{[/heapdump || /heapdump.json],methods=[GET],produces=[application/octet-stream]}" onto public void org.springframework.boot.actuate.endpoint.mvc.HeapdumpMvcEndpoint.invoke(boolean,javax.servlet.http.HttpServletRequest,javax.servlet.http.HttpServletResponse) throws java.io.IOException,javax.servlet.ServletException
2019-12-16 17:30:02 | ?[34mINFO ?[0;39m | ?[1;33mTest worker?[0;39m | ?[1;32morg.springframework.boot.actuate.endpoint.mvc.EndpointHandlerMapping?[0;39m | Mapped "{[/env/{name:.*}],methods=[GET],produces=[application/json]}" onto public java.lang.Object org.springframework.boot.actuate.endpoint.mvc.EnvironmentMvcEndpoint.value(java.lang.String)
2019-12-16 17:30:02 | ?[34mINFO ?[0;39m | ?[1;33mTest worker?[0;39m | ?[1;32morg.springframework.boot.actuate.endpoint.mvc.EndpointHandlerMapping?[0;39m | Mapped "{[/env || /env.json],methods=[GET],produces=[application/json]}" onto public java.lang.Object org.springframework.boot.actuate.endpoint.mvc.EndpointMvcAdapter.invoke()
2019-12-16 17:30:02 | ?[34mINFO ?[0;39m | ?[1;33mTest worker?[0;39m | ?[1;32morg.springframework.boot.actuate.endpoint.mvc.EndpointHandlerMapping?[0;39m | Mapped "{[/mappings || /mappings.json],methods=[GET],produces=[application/json]}" onto public java.lang.Object org.springframework.boot.actuate.endpoint.mvc.EndpointMvcAdapter.invoke()
2019-12-16 17:30:02 | ?[34mINFO ?[0;39m | ?[1;33mTest worker?[0;39m | ?[1;32morg.springframework.boot.actuate.endpoint.mvc.EndpointHandlerMapping?[0;39m | Mapped "{[/beans || /beans.json],methods=[GET],produces=[application/json]}" onto public java.lang.Object org.springframework.boot.actuate.endpoint.mvc.EndpointMvcAdapter.invoke()
2019-12-16 17:30:02 | ?[34mINFO ?[0;39m | ?[1;33mTest worker?[0;39m | ?[1;32morg.springframework.boot.actuate.endpoint.mvc.EndpointHandlerMapping?[0;39m | Mapped "{[/trace || /trace.json],methods=[GET],produces=[application/json]}" onto public java.lang.Object org.springframework.boot.actuate.endpoint.mvc.EndpointMvcAdapter.invoke()
2019-12-16 17:30:02 | ?[34mINFO ?[0;39m | ?[1;33mTest worker?[0;39m | ?[1;32morg.springframework.boot.actuate.endpoint.mvc.EndpointHandlerMapping?[0;39m | Mapped "{[/configprops || /configprops.json],methods=[GET],produces=[application/json]}" onto public java.lang.Object org.springframework.boot.actuate.endpoint.mvc.EndpointMvcAdapter.invoke()
2019-12-16 17:30:03 | ?[34mINFO ?[0;39m | ?[1;33mTest worker?[0;39m | ?[1;32morg.springframework.web.servlet.mvc.method.annotation.RequestMappingHandlerAdapter?[0;39m | Looking for @ControllerAdvice: org.springframework.web.context.support.GenericWebApplicationContext@585aa99d: startup date [Mon Dec 16 17:29:53 CST 2019]; root of context hierarchy
2019-12-16 17:30:03 | ?[34mINFO ?[0;39m | ?[1;33mTest worker?[0;39m | ?[1;32morg.springframework.web.servlet.handler.SimpleUrlHandlerMapping?[0;39m | Mapped URL path [/webjars/**] onto handler of type [class org.springframework.web.servlet.resource.ResourceHttpRequestHandler]
2019-12-16 17:30:03 | ?[34mINFO ?[0;39m | ?[1;33mTest worker?[0;39m | ?[1;32morg.springframework.web.servlet.handler.SimpleUrlHandlerMapping?[0;39m | Mapped URL path [/**] onto handler of type [class org.springframework.web.servlet.resource.ResourceHttpRequestHandler]
2019-12-16 17:30:03 | ?[34mINFO ?[0;39m | ?[1;33mTest worker?[0;39m | ?[1;32morg.springframework.web.servlet.handler.SimpleUrlHandlerMapping?[0;39m | Mapped URL path [/**/favicon.ico] onto handler of type [class org.springframework.web.servlet.resource.ResourceHttpRequestHandler]
2019-12-16 17:30:04 | ?[34mINFO ?[0;39m | ?[1;33mTest worker?[0;39m | ?[1;32morg.springframework.ui.freemarker.SpringTemplateLoader?[0;39m | SpringTemplateLoader for FreeMarker: using resource loader [org.springframework.web.context.support.GenericWebApplicationContext@585aa99d: startup date [Mon Dec 16 17:29:53 CST 2019]; root of context hierarchy] and template loader path [classpath:/templates/]
2019-12-16 17:30:04 | ?[34mINFO ?[0;39m | ?[1;33mTest worker?[0;39m | ?[1;32morg.springframework.web.servlet.view.freemarker.FreeMarkerConfigurer?[0;39m | ClassTemplateLoader for Spring macros added to FreeMarker configuration
2019-12-16 17:30:04 | ?[31mWARN ?[0;39m | ?[1;33mTest worker?[0;39m | ?[1;32morg.springframework.boot.autoconfigure.freemarker.FreeMarkerAutoConfiguration?[0;39m | Cannot find template location(s): [classpath:/templates/] (please add some templates, check your FreeMarker configuration, or set spring.freemarker.checkTemplateLocation=false)
2019-12-16 17:30:04 | ?[34mINFO ?[0;39m | ?[1;33mTest worker?[0;39m | ?[1;32morg.springframework.context.support.DefaultLifecycleProcessor?[0;39m | Starting beans in phase 2147483647
2019-12-16 17:30:04 | ?[34mINFO ?[0;39m | ?[1;33mTest worker?[0;39m | ?[1;32mspringfox.documentation.spring.web.plugins.DocumentationPluginsBootstrapper?[0;39m | Context refreshed
2019-12-16 17:30:04 | ?[34mINFO ?[0;39m | ?[1;33mTest worker?[0;39m | ?[1;32mspringfox.documentation.spring.web.plugins.DocumentationPluginsBootstrapper?[0;39m | Found 1 custom documentation plugin(s)
2019-12-16 17:30:04 | ?[34mINFO ?[0;39m | ?[1;33mTest worker?[0;39m | ?[1;32mspringfox.documentation.spring.web.scanners.ApiListingReferenceScanner?[0;39m | Scanning for api listing references
2019-12-16 17:30:04 | ?[31mWARN ?[0;39m | ?[1;33mTest worker?[0;39m | ?[1;32mspringfox.documentation.swagger.readers.operation.OperationImplicitParameterReader?[0;39m | Coercing to be of type string. This may not even be a scalar type in actuality
2019-12-16 17:30:05 | ?[31mWARN ?[0;39m | ?[1;33mTest worker?[0;39m | ?[1;32mspringfox.documentation.swagger.readers.operation.OperationImplicitParameterReader?[0;39m | Coercing to be of type string. This may not even be a scalar type in actuality
2019-12-16 17:30:05 | ?[31mWARN ?[0;39m | ?[1;33mTest worker?[0;39m | ?[1;32mspringfox.documentation.swagger.readers.operation.OperationImplicitParameterReader?[0;39m | Coercing to be of type string. This may not even be a scalar type in actuality
2019-12-16 17:30:05 | ?[31mWARN ?[0;39m | ?[1;33mTest worker?[0;39m | ?[1;32mspringfox.documentation.swagger.readers.operation.OperationImplicitParameterReader?[0;39m | Coercing to be of type string. This may not even be a scalar type in actuality
2019-12-16 17:30:05 | ?[34mINFO ?[0;39m | ?[1;33mTest worker?[0;39m | ?[1;32mspringfox.documentation.spring.web.readers.operation.CachingOperationNameGenerator?[0;39m | Generating unique operation named: insertDictionaryTypeUsingPUT_1
2019-12-16 17:30:05 | ?[31mWARN ?[0;39m | ?[1;33mTest worker?[0;39m | ?[1;32mspringfox.documentation.swagger.readers.operation.OperationImplicitParameterReader?[0;39m | Coercing to be of type string. This may not even be a scalar type in actuality
2019-12-16 17:30:05 | ?[31mWARN ?[0;39m | ?[1;33mTest worker?[0;39m | ?[1;32mspringfox.documentation.swagger.readers.operation.OperationImplicitParameterReader?[0;39m | Coercing to be of type string. This may not even be a scalar type in actuality
2019-12-16 17:30:05 | ?[31mWARN ?[0;39m | ?[1;33mTest worker?[0;39m | ?[1;32mspringfox.documentation.swagger.readers.operation.OperationImplicitParameterReader?[0;39m | Coercing to be of type string. This may not even be a scalar type in actuality
2019-12-16 17:30:05 | ?[31mWARN ?[0;39m | ?[1;33mTest worker?[0;39m | ?[1;32mspringfox.documentation.swagger.readers.operation.OperationImplicitParameterReader?[0;39m | Coercing to be of type string. This may not even be a scalar type in actuality
2019-12-16 17:30:05 | ?[34mINFO ?[0;39m | ?[1;33mTest worker?[0;39m | ?[1;32mspringfox.documentation.spring.web.readers.operation.CachingOperationNameGenerator?[0;39m | Generating unique operation named: updateDictionaryTypeUsingPUT_1
2019-12-16 17:30:05 | ?[31mWARN ?[0;39m | ?[1;33mTest worker?[0;39m | ?[1;32mspringfox.documentation.swagger.readers.operation.OperationImplicitParameterReader?[0;39m | Coercing to be of type string. This may not even be a scalar type in actuality
2019-12-16 17:30:05 | ?[31mWARN ?[0;39m | ?[1;33mTest worker?[0;39m | ?[1;32mspringfox.documentation.swagger.readers.operation.OperationImplicitParameterReader?[0;39m | Coercing to be of type string. This may not even be a scalar type in actuality
2019-12-16 17:30:05 | ?[31mWARN ?[0;39m | ?[1;33mTest worker?[0;39m | ?[1;32mspringfox.documentation.swagger.readers.operation.OperationImplicitParameterReader?[0;39m | Coercing to be of type string. This may not even be a scalar type in actuality
2019-12-16 17:30:05 | ?[31mWARN ?[0;39m | ?[1;33mTest worker?[0;39m | ?[1;32mspringfox.documentation.swagger.readers.operation.OperationImplicitParameterReader?[0;39m | Coercing to be of type string. This may not even be a scalar type in actuality
2019-12-16 17:30:05 | ?[31mWARN ?[0;39m | ?[1;33mTest worker?[0;39m | ?[1;32mspringfox.documentation.swagger.readers.operation.OperationImplicitParameterReader?[0;39m | Coercing to be of type string. This may not even be a scalar type in actuality
2019-12-16 17:30:05 | ?[31mWARN ?[0;39m | ?[1;33mTest worker?[0;39m | ?[1;32mspringfox.documentation.swagger.readers.operation.OperationImplicitParameterReader?[0;39m | Coercing to be of type string. This may not even be a scalar type in actuality
2019-12-16 17:30:05 | ?[31mWARN ?[0;39m | ?[1;33mTest worker?[0;39m | ?[1;32mspringfox.documentation.swagger.readers.operation.OperationImplicitParameterReader?[0;39m | Coercing to be of type string. This may not even be a scalar type in actuality
2019-12-16 17:30:05 | ?[31mWARN ?[0;39m | ?[1;33mTest worker?[0;39m | ?[1;32mspringfox.documentation.swagger.readers.operation.OperationImplicitParameterReader?[0;39m | Coercing to be of type string. This may not even be a scalar type in actuality
2019-12-16 17:30:05 | ?[31mWARN ?[0;39m | ?[1;33mTest worker?[0;39m | ?[1;32mspringfox.documentation.swagger.readers.operation.OperationImplicitParameterReader?[0;39m | Coercing to be of type string. This may not even be a scalar type in actuality
2019-12-16 17:30:05 | ?[31mWARN ?[0;39m | ?[1;33mTest worker?[0;39m | ?[1;32mspringfox.documentation.swagger.readers.operation.OperationImplicitParameterReader?[0;39m | Coercing to be of type string. This may not even be a scalar type in actuality
2019-12-16 17:30:05 | ?[31mWARN ?[0;39m | ?[1;33mTest worker?[0;39m | ?[1;32mspringfox.documentation.swagger.readers.operation.OperationImplicitParameterReader?[0;39m | Coercing to be of type string. This may not even be a scalar type in actuality
2019-12-16 17:30:05 | ?[31mWARN ?[0;39m | ?[1;33mTest worker?[0;39m | ?[1;32mspringfox.documentation.swagger.readers.operation.OperationImplicitParameterReader?[0;39m | Coercing to be of type string. This may not even be a scalar type in actuality
2019-12-16 17:30:05 | ?[31mWARN ?[0;39m | ?[1;33mTest worker?[0;39m | ?[1;32mspringfox.documentation.swagger.readers.operation.OperationImplicitParameterReader?[0;39m | Coercing to be of type string. This may not even be a scalar type in actuality
2019-12-16 17:30:05 | ?[31mWARN ?[0;39m | ?[1;33mTest worker?[0;39m | ?[1;32mspringfox.documentation.swagger.readers.operation.OperationImplicitParameterReader?[0;39m | Coercing to be of type string. This may not even be a scalar type in actuality
2019-12-16 17:30:05 | ?[31mWARN ?[0;39m | ?[1;33mTest worker?[0;39m | ?[1;32mspringfox.documentation.swagger.readers.operation.OperationImplicitParameterReader?[0;39m | Coercing to be of type string. This may not even be a scalar type in actuality
2019-12-16 17:30:05 | ?[31mWARN ?[0;39m | ?[1;33mTest worker?[0;39m | ?[1;32mspringfox.documentation.swagger.readers.operation.OperationImplicitParameterReader?[0;39m | Coercing to be of type string. This may not even be a scalar type in actuality
2019-12-16 17:30:05 | ?[31mWARN ?[0;39m | ?[1;33mTest worker?[0;39m | ?[1;32mspringfox.documentation.swagger.readers.operation.OperationImplicitParameterReader?[0;39m | Coercing to be of type string. This may not even be a scalar type in actuality
2019-12-16 17:30:05 | ?[31mWARN ?[0;39m | ?[1;33mTest worker?[0;39m | ?[1;32mspringfox.documentation.swagger.readers.operation.OperationImplicitParameterReader?[0;39m | Coercing to be of type string. This may not even be a scalar type in actuality
2019-12-16 17:30:05 | ?[34mINFO ?[0;39m | ?[1;33mTest worker?[0;39m | ?[1;32mcom.jiaxin.pad.controller.UserControllerTest?[0;39m | Started UserControllerTest in 32.873 seconds (JVM running for 34.317)
2019-12-16 17:30:05 | ?[34mINFO ?[0;39m | ?[1;33mTest worker?[0;39m | ?[1;32morg.springframework.boot.test.mock.web.SpringBootMockServletContext?[0;39m | Initializing Spring FrameworkServlet ''
2019-12-16 17:30:05 | ?[34mINFO ?[0;39m | ?[1;33mTest worker?[0;39m | ?[1;32morg.springframework.test.web.servlet.TestDispatcherServlet?[0;39m | FrameworkServlet '': initialization started
2019-12-16 17:30:05 | ?[34mINFO ?[0;39m | ?[1;33mTest worker?[0;39m | ?[1;32morg.springframework.test.web.servlet.TestDispatcherServlet?[0;39m | FrameworkServlet '': initialization completed in 21 ms
2019-12-16 17:30:06 | ?[34mINFO ?[0;39m | ?[1;33mTest worker?[0;39m | ?[1;32mcom.jiaxin.pda.service.impl.UserServiceImpl?[0;39m | 从mysql中获得数据
2019-12-16 17:30:06 | ?[39mDEBUG?[0;39m | ?[1;33mTest worker?[0;39m | ?[1;32mcom.jiaxin.pda.mapper.UserMapper.findUserById?[0;39m | ==>  Preparing: SELECT tu.id, tu.user_id AS userId, tu.`password`, tu.reversion, tu.user_name AS userName, tu.delete_flag as deleteFlag, tu.created_by AS createdBy, tu.created_time AS createdTime, tu.updated_by AS updatedBy, tu.updated_time AS updatedTime FROM tb_user tu WHERE tu.id = ? 
2019-12-16 17:30:06 | ?[39mDEBUG?[0;39m | ?[1;33mTest worker?[0;39m | ?[1;32mcom.jiaxin.pda.mapper.UserMapper.findUserById?[0;39m | ==> Parameters: 8f36a8f2f44f46da81749fb8fa26869e(String)
2019-12-16 17:30:06 | ?[39mDEBUG?[0;39m | ?[1;33mTest worker?[0;39m | ?[1;32mcom.jiaxin.pda.mapper.UserMapper.findUserById?[0;39m | <==      Total: 1
2019-12-16 17:30:06 | ?[34mINFO ?[0;39m | ?[1;33mTest worker?[0;39m | ?[1;32mcom.jiaxin.pda.component.RequestIntercept?[0;39m | http://localhost/user/queryUserPrivileges没有被拦截......
2019-12-16 17:30:06 | ?[34mINFO ?[0;39m | ?[1;33mTest worker?[0;39m | ?[1;32mcom.jiaxin.pda.service.impl.UserServiceImpl?[0;39m | 从redis中获得数据
2019-12-16 17:30:06 | ?[39mDEBUG?[0;39m | ?[1;33mTest worker?[0;39m | ?[1;32mcom.jiaxin.pda.mapper.UserPrivilegeMapper.selectByUserId?[0;39m | ==>  Preparing: SELECT id, role_id AS roleId, user_id AS userId, created_by AS createdBy, created_time AS createdTime, updated_by AS updatedBy, updated_time AS updatedTime FROM tb_role_user WHERE user_id = ? 
2019-12-16 17:30:06 | ?[39mDEBUG?[0;39m | ?[1;33mTest worker?[0;39m | ?[1;32mcom.jiaxin.pda.mapper.UserPrivilegeMapper.selectByUserId?[0;39m | ==> Parameters: 4(Integer)
2019-12-16 17:30:06 | ?[39mDEBUG?[0;39m | ?[1;33mTest worker?[0;39m | ?[1;32mcom.jiaxin.pda.mapper.UserPrivilegeMapper.selectByUserId?[0;39m | <==      Total: 1
2019-12-16 17:30:06 | ?[39mDEBUG?[0;39m | ?[1;33mTest worker?[0;39m | ?[1;32mcom.jiaxin.pda.mapper.RolePrivilegeMapper.selectByRoleId?[0;39m | ==>  Preparing: SELECT id, role_id AS roleId, menu_id AS menuId, created_by AS createdBy, created_time AS createdTime, updated_by AS updatedBy, updated_time AS updatedTime FROM tb_menu_role WHERE role_id = ? 
2019-12-16 17:30:06 | ?[39mDEBUG?[0;39m | ?[1;33mTest worker?[0;39m | ?[1;32mcom.jiaxin.pda.mapper.RolePrivilegeMapper.selectByRoleId?[0;39m | ==> Parameters: 1(Integer)
2019-12-16 17:30:06 | ?[39mDEBUG?[0;39m | ?[1;33mTest worker?[0;39m | ?[1;32mcom.jiaxin.pda.mapper.RolePrivilegeMapper.selectByRoleId?[0;39m | <==      Total: 1
2019-12-16 17:30:06 | ?[39mDEBUG?[0;39m | ?[1;33mTest worker?[0;39m | ?[1;32mcom.jiaxin.pda.mapper.MenuMapper.queryMenuListByMenuIdList?[0;39m | ==>  Preparing: SELECT tm.id, tm.menu_id AS menuId, tm.menu_name AS menuName, tm.menu_level AS menuLevel, tm.parent_menu_id AS parentMenuId, tm.delete_flag AS deleteFlag, tm.reversion, tm.created_by AS createdBy, tm.created_time AS createdTime, tm.updated_by AS updatedBy, tm.updated_time AS updatedTime FROM tb_menu tm WHERE tm.delete_flag = 0 and tm.menu_id in ( ? ) 
2019-12-16 17:30:06 | ?[39mDEBUG?[0;39m | ?[1;33mTest worker?[0;39m | ?[1;32mcom.jiaxin.pda.mapper.MenuMapper.queryMenuListByMenuIdList?[0;39m | ==> Parameters: 3(String)
2019-12-16 17:30:06 | ?[39mDEBUG?[0;39m | ?[1;33mTest worker?[0;39m | ?[1;32mcom.jiaxin.pda.mapper.MenuMapper.queryMenuListByMenuIdList?[0;39m | <==      Total: 1
2019-12-16 17:30:06 | ?[34mINFO ?[0;39m | ?[1;33mTest worker?[0;39m | ?[1;32mcom.jiaxin.pda.component.RequestIntercept?[0;39m | postHandle...
2019-12-16 17:30:06 | ?[34mINFO ?[0;39m | ?[1;33mTest worker?[0;39m | ?[1;32mcom.jiaxin.pda.component.RequestIntercept?[0;39m | afterCompletion...

MockHttpServletRequest:
      HTTP Method = GET
      Request URI = /user/queryUserPrivileges
       Parameters = {}
          Headers = {token=[eyJ0eXAiOiJKV1QiLCJhbGciOiJIUzI1NiJ9.eyJleHAiOjE1NzcwOTMwMjcxMzIsInBheWxvYWQiOiJcIjhmMzZhOGYyZjQ0ZjQ2ZGE4MTc0OWZiOGZhMjY4NjllXCIifQ.W0mqGcoAJBrLlPV2keIC473EQrv8W25A-cRuzPUxaJE], Accept=[application/json], Content-Type=[application/json]}

Handler:
             Type = com.jiaxin.pda.controller.UserController
           Method = public com.jiaxin.pda.entity.vo.GeneralVo com.jiaxin.pda.controller.UserController.queryUserPrivileges(java.lang.String)

Async:
    Async started = false
     Async result = null

Resolved Exception:
             Type = null

ModelAndView:
        View name = null
             View = null
            Model = null

FlashMap:
       Attributes = null

MockHttpServletResponse:
           Status = 200
    Error message = null
          Headers = {Content-Type=[text/json;charset=utf-8]}
     Content type = text/json
             Body = {"code":200,"msg":"操作成功","body":[{"createdTime":1567763727000,"createdBy":-1,"updatedTime":1567763727000,"updatedBy":-1,"reversion":1,"deleteFlag":false,"id":"652109ac26aa46c78da0b0b505b5fd26","menuId":3,"menuName":"角色","parentMenuId":0,"menuLevel":1}]}
    Forwarded URL = null
   Redirected URL = null
          Cookies = []
]]></system-out>
  <system-err><![CDATA[]]></system-err>
</testsuite>
