<?xml version="1.0" encoding="UTF-8"?>
<testsuite name="com.jiaxin.pad.controller.RoleControllerTest" tests="1" skipped="0" failures="1" errors="0" timestamp="2019-10-24T05:49:42" hostname="milos-computer.local" time="0.474">
  <properties/>
  <testcase name="cancelPrivilege" classname="com.jiaxin.pad.controller.RoleControllerTest" time="0.474">
    <failure message="java.lang.AssertionError: Status expected:&lt;200&gt; but was:&lt;404&gt;" type="java.lang.AssertionError">java.lang.AssertionError: Status expected:&lt;200&gt; but was:&lt;404&gt;
	at org.springframework.test.util.AssertionErrors.fail(AssertionErrors.java:54)
	at org.springframework.test.util.AssertionErrors.assertEquals(AssertionErrors.java:81)
	at org.springframework.test.web.servlet.result.StatusResultMatchers$10.match(StatusResultMatchers.java:664)
	at org.springframework.test.web.servlet.MockMvc$1.andExpect(MockMvc.java:171)
	at com.jiaxin.pad.controller.RoleControllerTest.cancelPrivilege(RoleControllerTest.java:142)
	at sun.reflect.NativeMethodAccessorImpl.invoke0(Native Method)
	at sun.reflect.NativeMethodAccessorImpl.invoke(NativeMethodAccessorImpl.java:62)
	at sun.reflect.DelegatingMethodAccessorImpl.invoke(DelegatingMethodAccessorImpl.java:43)
	at java.lang.reflect.Method.invoke(Method.java:498)
	at org.junit.runners.model.FrameworkMethod$1.runReflectiveCall(FrameworkMethod.java:50)
	at org.junit.internal.runners.model.ReflectiveCallable.run(ReflectiveCallable.java:12)
	at org.junit.runners.model.FrameworkMethod.invokeExplosively(FrameworkMethod.java:47)
	at org.junit.internal.runners.statements.InvokeMethod.evaluate(InvokeMethod.java:17)
	at org.junit.internal.runners.statements.RunBefores.evaluate(RunBefores.java:26)
	at org.springframework.test.context.junit4.statements.RunBeforeTestMethodCallbacks.evaluate(RunBeforeTestMethodCallbacks.java:75)
	at org.springframework.test.context.junit4.statements.RunAfterTestMethodCallbacks.evaluate(RunAfterTestMethodCallbacks.java:86)
	at org.springframework.test.context.junit4.statements.SpringRepeat.evaluate(SpringRepeat.java:84)
	at org.junit.runners.ParentRunner.runLeaf(ParentRunner.java:325)
	at org.springframework.test.context.junit4.SpringJUnit4ClassRunner.runChild(SpringJUnit4ClassRunner.java:252)
	at org.springframework.test.context.junit4.SpringJUnit4ClassRunner.runChild(SpringJUnit4ClassRunner.java:94)
	at org.junit.runners.ParentRunner$3.run(ParentRunner.java:290)
	at org.junit.runners.ParentRunner$1.schedule(ParentRunner.java:71)
	at org.junit.runners.ParentRunner.runChildren(ParentRunner.java:288)
	at org.junit.runners.ParentRunner.access$000(ParentRunner.java:58)
	at org.junit.runners.ParentRunner$2.evaluate(ParentRunner.java:268)
	at org.springframework.test.context.junit4.statements.RunBeforeTestClassCallbacks.evaluate(RunBeforeTestClassCallbacks.java:61)
	at org.springframework.test.context.junit4.statements.RunAfterTestClassCallbacks.evaluate(RunAfterTestClassCallbacks.java:70)
	at org.junit.runners.ParentRunner.run(ParentRunner.java:363)
	at org.springframework.test.context.junit4.SpringJUnit4ClassRunner.run(SpringJUnit4ClassRunner.java:191)
	at org.gradle.api.internal.tasks.testing.junit.JUnitTestClassExecutor.runTestClass(JUnitTestClassExecutor.java:106)
	at org.gradle.api.internal.tasks.testing.junit.JUnitTestClassExecutor.execute(JUnitTestClassExecutor.java:58)
	at org.gradle.api.internal.tasks.testing.junit.JUnitTestClassExecutor.execute(JUnitTestClassExecutor.java:38)
	at org.gradle.api.internal.tasks.testing.junit.AbstractJUnitTestClassProcessor.processTestClass(AbstractJUnitTestClassProcessor.java:66)
	at org.gradle.api.internal.tasks.testing.SuiteTestClassProcessor.processTestClass(SuiteTestClassProcessor.java:51)
	at sun.reflect.NativeMethodAccessorImpl.invoke0(Native Method)
	at sun.reflect.NativeMethodAccessorImpl.invoke(NativeMethodAccessorImpl.java:62)
	at sun.reflect.DelegatingMethodAccessorImpl.invoke(DelegatingMethodAccessorImpl.java:43)
	at java.lang.reflect.Method.invoke(Method.java:498)
	at org.gradle.internal.dispatch.ReflectionDispatch.dispatch(ReflectionDispatch.java:35)
	at org.gradle.internal.dispatch.ReflectionDispatch.dispatch(ReflectionDispatch.java:24)
	at org.gradle.internal.dispatch.ContextClassLoaderDispatch.dispatch(ContextClassLoaderDispatch.java:32)
	at org.gradle.internal.dispatch.ProxyDispatchAdapter$DispatchingInvocationHandler.invoke(ProxyDispatchAdapter.java:93)
	at com.sun.proxy.$Proxy2.processTestClass(Unknown Source)
	at org.gradle.api.internal.tasks.testing.worker.TestWorker.processTestClass(TestWorker.java:117)
	at sun.reflect.NativeMethodAccessorImpl.invoke0(Native Method)
	at sun.reflect.NativeMethodAccessorImpl.invoke(NativeMethodAccessorImpl.java:62)
	at sun.reflect.DelegatingMethodAccessorImpl.invoke(DelegatingMethodAccessorImpl.java:43)
	at java.lang.reflect.Method.invoke(Method.java:498)
	at org.gradle.internal.dispatch.ReflectionDispatch.dispatch(ReflectionDispatch.java:35)
	at org.gradle.internal.dispatch.ReflectionDispatch.dispatch(ReflectionDispatch.java:24)
	at org.gradle.internal.remote.internal.hub.MessageHubBackedObjectConnection$DispatchWrapper.dispatch(MessageHubBackedObjectConnection.java:155)
	at org.gradle.internal.remote.internal.hub.MessageHubBackedObjectConnection$DispatchWrapper.dispatch(MessageHubBackedObjectConnection.java:137)
	at org.gradle.internal.remote.internal.hub.MessageHub$Handler.run(MessageHub.java:404)
	at org.gradle.internal.concurrent.ExecutorPolicy$CatchAndRecordFailures.onExecute(ExecutorPolicy.java:63)
	at org.gradle.internal.concurrent.ManagedExecutorImpl$1.run(ManagedExecutorImpl.java:46)
	at java.util.concurrent.ThreadPoolExecutor.runWorker(ThreadPoolExecutor.java:1149)
	at java.util.concurrent.ThreadPoolExecutor$Worker.run(ThreadPoolExecutor.java:624)
	at org.gradle.internal.concurrent.ThreadFactoryImpl$ManagedThreadRunnable.run(ThreadFactoryImpl.java:55)
	at java.lang.Thread.run(Thread.java:748)
</failure>
  </testcase>
  <system-out><![CDATA[13:49:04.520 [Test worker] DEBUG org.springframework.test.context.junit4.SpringJUnit4ClassRunner - SpringJUnit4ClassRunner constructor called with [class com.jiaxin.pad.controller.RoleControllerTest]
13:49:04.530 [Test worker] DEBUG org.springframework.test.context.BootstrapUtils - Instantiating CacheAwareContextLoaderDelegate from class [org.springframework.test.context.cache.DefaultCacheAwareContextLoaderDelegate]
13:49:04.544 [Test worker] DEBUG org.springframework.test.context.BootstrapUtils - Instantiating BootstrapContext using constructor [public org.springframework.test.context.support.DefaultBootstrapContext(java.lang.Class,org.springframework.test.context.CacheAwareContextLoaderDelegate)]
13:49:04.567 [Test worker] DEBUG org.springframework.test.context.BootstrapUtils - Instantiating TestContextBootstrapper for test class [com.jiaxin.pad.controller.RoleControllerTest] from class [org.springframework.boot.test.context.SpringBootTestContextBootstrapper]
13:49:04.586 [Test worker] INFO org.springframework.boot.test.context.SpringBootTestContextBootstrapper - Neither @ContextConfiguration nor @ContextHierarchy found for test class [com.jiaxin.pad.controller.RoleControllerTest], using SpringBootContextLoader
13:49:04.590 [Test worker] DEBUG org.springframework.test.context.support.AbstractContextLoader - Did not detect default resource location for test class [com.jiaxin.pad.controller.RoleControllerTest]: class path resource [com/jiaxin/pad/controller/RoleControllerTest-context.xml] does not exist
13:49:04.590 [Test worker] DEBUG org.springframework.test.context.support.AbstractContextLoader - Did not detect default resource location for test class [com.jiaxin.pad.controller.RoleControllerTest]: class path resource [com/jiaxin/pad/controller/RoleControllerTestContext.groovy] does not exist
13:49:04.591 [Test worker] INFO org.springframework.test.context.support.AbstractContextLoader - Could not detect default resource locations for test class [com.jiaxin.pad.controller.RoleControllerTest]: no resource found for suffixes {-context.xml, Context.groovy}.
13:49:04.637 [Test worker] DEBUG org.springframework.test.context.support.ActiveProfilesUtils - Could not find an 'annotation declaring class' for annotation type [org.springframework.test.context.ActiveProfiles] and class [com.jiaxin.pad.controller.RoleControllerTest]
13:49:04.659 [Test worker] DEBUG org.springframework.boot.test.context.SpringBootTestContextBootstrapper - @TestExecutionListeners is not present for class [com.jiaxin.pad.controller.RoleControllerTest]: using defaults.
13:49:04.665 [Test worker] INFO org.springframework.boot.test.context.SpringBootTestContextBootstrapper - Loaded default TestExecutionListener class names from location [META-INF/spring.factories]: [org.springframework.boot.test.autoconfigure.restdocs.RestDocsTestExecutionListener, org.springframework.boot.test.autoconfigure.web.client.MockRestServiceServerResetTestExecutionListener, org.springframework.boot.test.autoconfigure.web.servlet.MockMvcPrintOnlyOnFailureTestExecutionListener, org.springframework.boot.test.autoconfigure.web.servlet.WebDriverTestExecutionListener, org.springframework.boot.test.mock.mockito.MockitoTestExecutionListener, org.springframework.boot.test.mock.mockito.ResetMocksTestExecutionListener, org.springframework.test.context.web.ServletTestExecutionListener, org.springframework.test.context.support.DirtiesContextBeforeModesTestExecutionListener, org.springframework.test.context.support.DependencyInjectionTestExecutionListener, org.springframework.test.context.support.DirtiesContextTestExecutionListener, org.springframework.test.context.transaction.TransactionalTestExecutionListener, org.springframework.test.context.jdbc.SqlScriptsTestExecutionListener]
13:49:04.683 [Test worker] INFO org.springframework.boot.test.context.SpringBootTestContextBootstrapper - Using TestExecutionListeners: [org.springframework.test.context.web.ServletTestExecutionListener@ca0c031, org.springframework.test.context.support.DirtiesContextBeforeModesTestExecutionListener@69f34ed6, org.springframework.boot.test.autoconfigure.SpringBootDependencyInjectionTestExecutionListener@5db1cd2b, org.springframework.test.context.support.DirtiesContextTestExecutionListener@587f3b8b, org.springframework.test.context.transaction.TransactionalTestExecutionListener@52d4d9fd, org.springframework.test.context.jdbc.SqlScriptsTestExecutionListener@2122a88f, org.springframework.boot.test.autoconfigure.web.client.MockRestServiceServerResetTestExecutionListener@72a9e115, org.springframework.boot.test.autoconfigure.restdocs.RestDocsTestExecutionListener@53ab2fa8, org.springframework.boot.test.autoconfigure.web.servlet.WebDriverTestExecutionListener@27441f11, org.springframework.boot.test.mock.mockito.ResetMocksTestExecutionListener@1316ada6, org.springframework.boot.test.autoconfigure.web.servlet.MockMvcPrintOnlyOnFailureTestExecutionListener@2e8a4798, org.springframework.boot.test.mock.mockito.MockitoTestExecutionListener@24d6fb8e]
13:49:04.687 [Test worker] DEBUG org.springframework.test.annotation.ProfileValueUtils - Retrieved @ProfileValueSourceConfiguration [null] for test class [com.jiaxin.pad.controller.RoleControllerTest]
13:49:04.687 [Test worker] DEBUG org.springframework.test.annotation.ProfileValueUtils - Retrieved ProfileValueSource type [class org.springframework.test.annotation.SystemProfileValueSource] for class [com.jiaxin.pad.controller.RoleControllerTest]
13:49:04.692 [Test worker] DEBUG org.springframework.test.annotation.ProfileValueUtils - Retrieved @ProfileValueSourceConfiguration [null] for test class [com.jiaxin.pad.controller.RoleControllerTest]
13:49:04.693 [Test worker] DEBUG org.springframework.test.annotation.ProfileValueUtils - Retrieved ProfileValueSource type [class org.springframework.test.annotation.SystemProfileValueSource] for class [com.jiaxin.pad.controller.RoleControllerTest]
13:49:04.694 [Test worker] DEBUG org.springframework.test.annotation.ProfileValueUtils - Retrieved @ProfileValueSourceConfiguration [null] for test class [com.jiaxin.pad.controller.RoleControllerTest]
13:49:04.694 [Test worker] DEBUG org.springframework.test.annotation.ProfileValueUtils - Retrieved ProfileValueSource type [class org.springframework.test.annotation.SystemProfileValueSource] for class [com.jiaxin.pad.controller.RoleControllerTest]
13:49:04.703 [Test worker] DEBUG org.springframework.test.context.support.AbstractDirtiesContextTestExecutionListener - Before test class: context [DefaultTestContext@7cc58f96 testClass = RoleControllerTest, testInstance = [null], testMethod = [null], testException = [null], mergedContextConfiguration = [WebMergedContextConfiguration@48fe1ef3 testClass = RoleControllerTest, locations = '{}', classes = '{class com.jiaxin.pda.PdaApplication, class com.jiaxin.pda.PdaApplication}', contextInitializerClasses = '[]', activeProfiles = '{}', propertySourceLocations = '{}', propertySourceProperties = '{org.springframework.boot.test.context.SpringBootTestContextBootstrapper=true}', contextCustomizers = set[org.springframework.boot.test.autoconfigure.properties.PropertyMappingContextCustomizer@0, org.springframework.boot.test.autoconfigure.web.servlet.WebDriverContextCustomizerFactory$Customizer@5c86299b, org.springframework.boot.test.context.SpringBootTestContextCustomizer@2697941d, org.springframework.boot.test.context.filter.ExcludeFilterContextCustomizer@ca096e, org.springframework.boot.test.mock.mockito.MockitoContextCustomizer@0, org.springframework.test.context.web.socket.MockServerContainerContextCustomizer@78775fca], resourceBasePath = 'src/main/webapp', contextLoader = 'org.springframework.boot.test.context.SpringBootContextLoader', parent = [null]]], class annotated with @DirtiesContext [false] with mode [null].
13:49:04.703 [Test worker] DEBUG org.springframework.test.annotation.ProfileValueUtils - Retrieved @ProfileValueSourceConfiguration [null] for test class [com.jiaxin.pad.controller.RoleControllerTest]
13:49:04.703 [Test worker] DEBUG org.springframework.test.annotation.ProfileValueUtils - Retrieved ProfileValueSource type [class org.springframework.test.annotation.SystemProfileValueSource] for class [com.jiaxin.pad.controller.RoleControllerTest]
13:49:04.759 [Test worker] DEBUG org.springframework.core.env.StandardEnvironment - Adding [systemProperties] PropertySource with lowest search precedence
13:49:04.760 [Test worker] DEBUG org.springframework.core.env.StandardEnvironment - Adding [systemEnvironment] PropertySource with lowest search precedence
13:49:04.761 [Test worker] DEBUG org.springframework.core.env.StandardEnvironment - Initialized StandardEnvironment with PropertySources [systemProperties,systemEnvironment]
13:49:04.763 [Test worker] DEBUG org.springframework.test.context.support.TestPropertySourceUtils - Adding inlined properties to environment: {spring.jmx.enabled=false, org.springframework.boot.test.context.SpringBootTestContextBootstrapper=true, server.port=-1}
13:49:04.763 [Test worker] DEBUG org.springframework.core.env.StandardEnvironment - Adding [Inlined Test Properties] PropertySource with highest search precedence

  .   ____          _            __ _ _
 /\\ / ___'_ __ _ _(_)_ __  __ _ \ \ \ \
( ( )\___ | '_ | '_| | '_ \/ _` | \ \ \ \
 \\/  ___)| |_)| | | | | || (_| |  ) ) ) )
  '  |____| .__|_| |_|_| |_\__, | / / / /
 =========|_|==============|___/=/_/_/_/
 :: Spring Boot ::        (v1.4.3.RELEASE)

2019-10-24 13:49:25 | ?[34mINFO ?[0;39m | ?[1;33mTest worker?[0;39m | ?[1;32mcom.jiaxin.pad.controller.RoleControllerTest?[0;39m | Starting RoleControllerTest on milos-computer.local with PID 45726 (started by mac in /Users/mac/gitHubRepository/pda)
2019-10-24 13:49:25 | ?[34mINFO ?[0;39m | ?[1;33mTest worker?[0;39m | ?[1;32mcom.jiaxin.pad.controller.RoleControllerTest?[0;39m | No active profile set, falling back to default profiles: default
2019-10-24 13:49:25 | ?[34mINFO ?[0;39m | ?[1;33mTest worker?[0;39m | ?[1;32morg.springframework.web.context.support.GenericWebApplicationContext?[0;39m | Refreshing org.springframework.web.context.support.GenericWebApplicationContext@74e3fe28: startup date [Thu Oct 24 13:49:25 CST 2019]; root of context hierarchy
2019-10-24 13:49:26 | ?[34mINFO ?[0;39m | ?[1;33mTest worker?[0;39m | ?[1;32morg.springframework.data.repository.config.RepositoryConfigurationDelegate?[0;39m | Multiple Spring Data modules found, entering strict repository configuration mode!
2019-10-24 13:49:27 | ?[34mINFO ?[0;39m | ?[1;33mTest worker?[0;39m | ?[1;32morg.springframework.context.support.PostProcessorRegistrationDelegate$BeanPostProcessorChecker?[0;39m | Bean 'org.springframework.transaction.annotation.ProxyTransactionManagementConfiguration' of type [class org.springframework.transaction.annotation.ProxyTransactionManagementConfiguration$$EnhancerBySpringCGLIB$$2670f395] is not eligible for getting processed by all BeanPostProcessors (for example: not eligible for auto-proxying)
2019-10-24 13:49:27 | ?[34mINFO ?[0;39m | ?[1;33mTest worker?[0;39m | ?[1;32mcom.alibaba.druid.spring.boot.autoconfigure.DruidDataSourceAutoConfigure?[0;39m | Init DruidDataSource
2019-10-24 13:49:28 | ?[34mINFO ?[0;39m | ?[1;33mTest worker?[0;39m | ?[1;32mcom.alibaba.druid.pool.DruidDataSource?[0;39m | {dataSource-1} inited
2019-10-24 13:49:29 | ?[34mINFO ?[0;39m | ?[1;33mTest worker?[0;39m | ?[1;32morg.springframework.web.servlet.mvc.method.annotation.RequestMappingHandlerMapping?[0;39m | Mapped "{[/dictionary/insertDictionary],methods=[PUT]}" onto public com.jiaxin.pda.entity.vo.GeneralVo com.jiaxin.pda.controller.DictionaryController.insertDictionaryType(javax.servlet.http.HttpServletRequest,javax.servlet.http.HttpServletResponse,com.jiaxin.pda.entity.vo.DictionaryVo)
2019-10-24 13:49:29 | ?[34mINFO ?[0;39m | ?[1;33mTest worker?[0;39m | ?[1;32morg.springframework.web.servlet.mvc.method.annotation.RequestMappingHandlerMapping?[0;39m | Mapped "{[/dictionary/insertDictionaryType],methods=[PUT]}" onto public com.jiaxin.pda.entity.vo.GeneralVo com.jiaxin.pda.controller.DictionaryController.insertDictionaryType(javax.servlet.http.HttpServletRequest,javax.servlet.http.HttpServletResponse,com.jiaxin.pda.entity.vo.DictionaryTypeVo)
2019-10-24 13:49:29 | ?[34mINFO ?[0;39m | ?[1;33mTest worker?[0;39m | ?[1;32morg.springframework.web.servlet.mvc.method.annotation.RequestMappingHandlerMapping?[0;39m | Mapped "{[/dictionary/updateDictionary],methods=[PUT]}" onto public com.jiaxin.pda.entity.vo.GeneralVo com.jiaxin.pda.controller.DictionaryController.updateDictionaryType(javax.servlet.http.HttpServletRequest,javax.servlet.http.HttpServletResponse,com.jiaxin.pda.entity.vo.DictionaryVo)
2019-10-24 13:49:29 | ?[34mINFO ?[0;39m | ?[1;33mTest worker?[0;39m | ?[1;32morg.springframework.web.servlet.mvc.method.annotation.RequestMappingHandlerMapping?[0;39m | Mapped "{[/dictionary/updateDictionaryType],methods=[PUT]}" onto public com.jiaxin.pda.entity.vo.GeneralVo com.jiaxin.pda.controller.DictionaryController.updateDictionaryType(javax.servlet.http.HttpServletRequest,javax.servlet.http.HttpServletResponse,com.jiaxin.pda.entity.vo.DictionaryTypeVo)
2019-10-24 13:49:29 | ?[34mINFO ?[0;39m | ?[1;33mTest worker?[0;39m | ?[1;32morg.springframework.web.servlet.mvc.method.annotation.RequestMappingHandlerMapping?[0;39m | Mapped "{[/dictionary/deleteDictionaryType],methods=[DELETE]}" onto public com.jiaxin.pda.entity.vo.GeneralVo com.jiaxin.pda.controller.DictionaryController.deleteDictionaryType(javax.servlet.http.HttpServletRequest,javax.servlet.http.HttpServletResponse,com.jiaxin.pda.entity.vo.DictionaryTypeVo)
2019-10-24 13:49:29 | ?[34mINFO ?[0;39m | ?[1;33mTest worker?[0;39m | ?[1;32morg.springframework.web.servlet.mvc.method.annotation.RequestMappingHandlerMapping?[0;39m | Mapped "{[/dictionary/queryDictionaryTypeByPage],methods=[POST]}" onto public com.jiaxin.pda.entity.ListPageVo com.jiaxin.pda.controller.DictionaryController.queryDictionaryTypeByPage(com.jiaxin.pda.entity.dto.DictionaryTypeDto)
2019-10-24 13:49:29 | ?[34mINFO ?[0;39m | ?[1;33mTest worker?[0;39m | ?[1;32morg.springframework.web.servlet.mvc.method.annotation.RequestMappingHandlerMapping?[0;39m | Mapped "{[/dictionary/deleteDictionaryItem],methods=[DELETE]}" onto public com.jiaxin.pda.entity.vo.GeneralVo com.jiaxin.pda.controller.DictionaryController.deleteDictionary(javax.servlet.http.HttpServletRequest,javax.servlet.http.HttpServletResponse,com.jiaxin.pda.entity.vo.DictionaryVo)
2019-10-24 13:49:29 | ?[34mINFO ?[0;39m | ?[1;33mTest worker?[0;39m | ?[1;32morg.springframework.web.servlet.mvc.method.annotation.RequestMappingHandlerMapping?[0;39m | Mapped "{[/dictionary/queryDictionaryByTypeId/{typeId}],methods=[GET]}" onto public com.jiaxin.pda.entity.vo.GeneralVo com.jiaxin.pda.controller.DictionaryController.queryDictionaryByPage(java.lang.Integer)
2019-10-24 13:49:29 | ?[34mINFO ?[0;39m | ?[1;33mTest worker?[0;39m | ?[1;32morg.springframework.web.servlet.mvc.method.annotation.RequestMappingHandlerMapping?[0;39m | Mapped "{[/dictionary/queryDictionaryByPage],methods=[POST]}" onto public com.jiaxin.pda.entity.ListPageVo com.jiaxin.pda.controller.DictionaryController.queryDictionaryByPage(com.jiaxin.pda.entity.dto.DictionaryDto)
2019-10-24 13:49:29 | ?[34mINFO ?[0;39m | ?[1;33mTest worker?[0;39m | ?[1;32morg.springframework.web.servlet.mvc.method.annotation.RequestMappingHandlerMapping?[0;39m | Mapped "{[/finance/finance/insertFinanceDetail],methods=[PUT]}" onto public com.jiaxin.pda.entity.vo.GeneralVo com.jiaxin.pda.controller.FinanceDetailController.insertFinanceDetail(javax.servlet.http.HttpServletRequest,javax.servlet.http.HttpServletResponse,com.jiaxin.pda.entity.vo.FinanceDetailVo)
2019-10-24 13:49:29 | ?[34mINFO ?[0;39m | ?[1;33mTest worker?[0;39m | ?[1;32morg.springframework.web.servlet.mvc.method.annotation.RequestMappingHandlerMapping?[0;39m | Mapped "{[/finance/finance/updateFinanceDetail],methods=[PUT]}" onto public com.jiaxin.pda.entity.vo.GeneralVo com.jiaxin.pda.controller.FinanceDetailController.updateFinanceDetail(javax.servlet.http.HttpServletRequest,javax.servlet.http.HttpServletResponse,com.jiaxin.pda.entity.vo.FinanceDetailVo)
2019-10-24 13:49:29 | ?[34mINFO ?[0;39m | ?[1;33mTest worker?[0;39m | ?[1;32morg.springframework.web.servlet.mvc.method.annotation.RequestMappingHandlerMapping?[0;39m | Mapped "{[/finance/finance/deleteFinanceDetail],methods=[DELETE]}" onto public com.jiaxin.pda.entity.vo.GeneralVo com.jiaxin.pda.controller.FinanceDetailController.deleteFinanceDetail(javax.servlet.http.HttpServletRequest,javax.servlet.http.HttpServletResponse,com.jiaxin.pda.entity.vo.FinanceDetailVo)
2019-10-24 13:49:29 | ?[34mINFO ?[0;39m | ?[1;33mTest worker?[0;39m | ?[1;32morg.springframework.web.servlet.mvc.method.annotation.RequestMappingHandlerMapping?[0;39m | Mapped "{[/finance/finance/queryFinanceDetailByPage],methods=[POST]}" onto public com.jiaxin.pda.entity.ListPageVo com.jiaxin.pda.controller.FinanceDetailController.queryFinanceDetailByPage(com.jiaxin.pda.entity.dto.FinanceDetailDto)
2019-10-24 13:49:30 | ?[34mINFO ?[0;39m | ?[1;33mTest worker?[0;39m | ?[1;32morg.springframework.web.servlet.mvc.method.annotation.RequestMappingHandlerMapping?[0;39m | Mapped "{[/menu/insertMenu],methods=[PUT]}" onto public com.jiaxin.pda.entity.vo.GeneralVo com.jiaxin.pda.controller.MenuController.insertMenu(javax.servlet.http.HttpServletRequest,javax.servlet.http.HttpServletResponse,com.jiaxin.pda.entity.vo.MenuVo)
2019-10-24 13:49:30 | ?[34mINFO ?[0;39m | ?[1;33mTest worker?[0;39m | ?[1;32morg.springframework.web.servlet.mvc.method.annotation.RequestMappingHandlerMapping?[0;39m | Mapped "{[/menu/delete],methods=[DELETE]}" onto public com.jiaxin.pda.entity.vo.GeneralVo com.jiaxin.pda.controller.MenuController.deleteMenu(javax.servlet.http.HttpServletRequest,javax.servlet.http.HttpServletResponse,com.jiaxin.pda.entity.vo.MenuVo)
2019-10-24 13:49:30 | ?[34mINFO ?[0;39m | ?[1;33mTest worker?[0;39m | ?[1;32morg.springframework.web.servlet.mvc.method.annotation.RequestMappingHandlerMapping?[0;39m | Mapped "{[/menu/updateMenuName],methods=[POST]}" onto public com.jiaxin.pda.entity.vo.GeneralVo com.jiaxin.pda.controller.MenuController.updateMenuName(javax.servlet.http.HttpServletRequest,javax.servlet.http.HttpServletResponse,com.jiaxin.pda.entity.vo.MenuVo)
2019-10-24 13:49:30 | ?[34mINFO ?[0;39m | ?[1;33mTest worker?[0;39m | ?[1;32morg.springframework.web.servlet.mvc.method.annotation.RequestMappingHandlerMapping?[0;39m | Mapped "{[/menu/queryMenuListByPage],methods=[POST]}" onto public com.jiaxin.pda.entity.ListPageVo com.jiaxin.pda.controller.MenuController.queryMenuListByPage(com.jiaxin.pda.entity.dto.MenuDto)
2019-10-24 13:49:30 | ?[34mINFO ?[0;39m | ?[1;33mTest worker?[0;39m | ?[1;32morg.springframework.web.servlet.mvc.method.annotation.RequestMappingHandlerMapping?[0;39m | Mapped "{[/role/role/insertRole],methods=[PUT]}" onto public com.jiaxin.pda.entity.vo.GeneralVo com.jiaxin.pda.controller.RoleController.insertRole(javax.servlet.http.HttpServletRequest,javax.servlet.http.HttpServletResponse,com.jiaxin.pda.entity.vo.RoleVo,org.springframework.validation.BindingResult)
2019-10-24 13:49:30 | ?[34mINFO ?[0;39m | ?[1;33mTest worker?[0;39m | ?[1;32morg.springframework.web.servlet.mvc.method.annotation.RequestMappingHandlerMapping?[0;39m | Mapped "{[/role/role/updateRoleName],methods=[PUT]}" onto public com.jiaxin.pda.entity.vo.GeneralVo com.jiaxin.pda.controller.RoleController.updateRoleName(javax.servlet.http.HttpServletRequest,javax.servlet.http.HttpServletResponse,com.jiaxin.pda.entity.vo.RoleVo,org.springframework.validation.BindingResult)
2019-10-24 13:49:30 | ?[34mINFO ?[0;39m | ?[1;33mTest worker?[0;39m | ?[1;32morg.springframework.web.servlet.mvc.method.annotation.RequestMappingHandlerMapping?[0;39m | Mapped "{[/role/role/deleteRole],methods=[DELETE]}" onto public com.jiaxin.pda.entity.vo.GeneralVo com.jiaxin.pda.controller.RoleController.deleteRole(javax.servlet.http.HttpServletRequest,javax.servlet.http.HttpServletResponse,com.jiaxin.pda.entity.vo.RoleVo)
2019-10-24 13:49:30 | ?[34mINFO ?[0;39m | ?[1;33mTest worker?[0;39m | ?[1;32morg.springframework.web.servlet.mvc.method.annotation.RequestMappingHandlerMapping?[0;39m | Mapped "{[/role/role/givePrivilege],methods=[POST]}" onto public com.jiaxin.pda.entity.vo.GeneralVo com.jiaxin.pda.controller.RoleController.givePrivilege(javax.servlet.http.HttpServletRequest,javax.servlet.http.HttpServletResponse,com.jiaxin.pda.entity.vo.RolePrivilegeVo)
2019-10-24 13:49:30 | ?[34mINFO ?[0;39m | ?[1;33mTest worker?[0;39m | ?[1;32morg.springframework.web.servlet.mvc.method.annotation.RequestMappingHandlerMapping?[0;39m | Mapped "{[/role/role/cancelPrivilege],methods=[DELETE]}" onto public com.jiaxin.pda.entity.vo.GeneralVo com.jiaxin.pda.controller.RoleController.cancelPrivilege(javax.servlet.http.HttpServletRequest,javax.servlet.http.HttpServletResponse,com.jiaxin.pda.entity.vo.RolePrivilegeVo)
2019-10-24 13:49:30 | ?[34mINFO ?[0;39m | ?[1;33mTest worker?[0;39m | ?[1;32morg.springframework.web.servlet.mvc.method.annotation.RequestMappingHandlerMapping?[0;39m | Mapped "{[/role/role/selectRoleByPage],methods=[POST]}" onto public com.jiaxin.pda.entity.ListPageVo com.jiaxin.pda.controller.RoleController.selectRoleByPage(com.jiaxin.pda.entity.dto.RoleDto)
2019-10-24 13:49:30 | ?[34mINFO ?[0;39m | ?[1;33mTest worker?[0;39m | ?[1;32morg.springframework.web.servlet.mvc.method.annotation.RequestMappingHandlerMapping?[0;39m | Mapped "{[/role/role/queryPrivilegeByRoleId/{roleId}],methods=[GET]}" onto public com.jiaxin.pda.entity.vo.GeneralVo com.jiaxin.pda.controller.RoleController.queryPrivilegeByRoleId(java.lang.Integer)
2019-10-24 13:49:30 | ?[34mINFO ?[0;39m | ?[1;33mTest worker?[0;39m | ?[1;32morg.springframework.web.servlet.mvc.method.annotation.RequestMappingHandlerMapping?[0;39m | Mapped "{[/user/logout],methods=[POST]}" onto public com.jiaxin.pda.entity.vo.GeneralVo com.jiaxin.pda.controller.UserController.logout(com.jiaxin.pda.entity.vo.UserTokenVo)
2019-10-24 13:49:30 | ?[34mINFO ?[0;39m | ?[1;33mTest worker?[0;39m | ?[1;32morg.springframework.web.servlet.mvc.method.annotation.RequestMappingHandlerMapping?[0;39m | Mapped "{[/user/login],methods=[POST]}" onto public com.jiaxin.pda.entity.vo.GeneralVo com.jiaxin.pda.controller.UserController.login(com.jiaxin.pda.entity.vo.UserVo)
2019-10-24 13:49:30 | ?[34mINFO ?[0;39m | ?[1;33mTest worker?[0;39m | ?[1;32morg.springframework.web.servlet.mvc.method.annotation.RequestMappingHandlerMapping?[0;39m | Mapped "{[/user/registerUser],methods=[PUT]}" onto public com.jiaxin.pda.entity.vo.GeneralVo com.jiaxin.pda.controller.UserController.insertUser(javax.servlet.http.HttpServletRequest,javax.servlet.http.HttpServletResponse,com.jiaxin.pda.entity.vo.UserVo)
2019-10-24 13:49:30 | ?[34mINFO ?[0;39m | ?[1;33mTest worker?[0;39m | ?[1;32morg.springframework.web.servlet.mvc.method.annotation.RequestMappingHandlerMapping?[0;39m | Mapped "{[/user/deleteUser],methods=[DELETE]}" onto public com.jiaxin.pda.entity.vo.GeneralVo com.jiaxin.pda.controller.UserController.deleteUser(javax.servlet.http.HttpServletRequest,javax.servlet.http.HttpServletResponse,com.jiaxin.pda.entity.vo.UserVo)
2019-10-24 13:49:30 | ?[34mINFO ?[0;39m | ?[1;33mTest worker?[0;39m | ?[1;32morg.springframework.web.servlet.mvc.method.annotation.RequestMappingHandlerMapping?[0;39m | Mapped "{[/user/updateUserName],methods=[PUT]}" onto public com.jiaxin.pda.entity.vo.GeneralVo com.jiaxin.pda.controller.UserController.updateUserName(javax.servlet.http.HttpServletRequest,javax.servlet.http.HttpServletResponse,com.jiaxin.pda.entity.vo.UserVo,org.springframework.validation.BindingResult)
2019-10-24 13:49:30 | ?[34mINFO ?[0;39m | ?[1;33mTest worker?[0;39m | ?[1;32morg.springframework.web.servlet.mvc.method.annotation.RequestMappingHandlerMapping?[0;39m | Mapped "{[/user/updateUserPassword],methods=[PUT]}" onto public com.jiaxin.pda.entity.vo.GeneralVo com.jiaxin.pda.controller.UserController.updateUserPassword(javax.servlet.http.HttpServletRequest,javax.servlet.http.HttpServletResponse,com.jiaxin.pda.entity.vo.UserVo)
2019-10-24 13:49:30 | ?[34mINFO ?[0;39m | ?[1;33mTest worker?[0;39m | ?[1;32morg.springframework.web.servlet.mvc.method.annotation.RequestMappingHandlerMapping?[0;39m | Mapped "{[/user/queryRoleByUserId/{userId}],methods=[GET]}" onto public com.jiaxin.pda.entity.vo.GeneralVo com.jiaxin.pda.controller.UserController.queryRoleByUserId(int)
2019-10-24 13:49:30 | ?[34mINFO ?[0;39m | ?[1;33mTest worker?[0;39m | ?[1;32morg.springframework.web.servlet.mvc.method.annotation.RequestMappingHandlerMapping?[0;39m | Mapped "{[/user/findById/{id}],methods=[GET]}" onto public com.jiaxin.pda.entity.vo.GeneralVo com.jiaxin.pda.controller.UserController.findById(java.lang.String)
2019-10-24 13:49:30 | ?[34mINFO ?[0;39m | ?[1;33mTest worker?[0;39m | ?[1;32morg.springframework.web.servlet.mvc.method.annotation.RequestMappingHandlerMapping?[0;39m | Mapped "{[/user/queryUserListByPage],methods=[POST]}" onto public com.jiaxin.pda.entity.ListPageVo com.jiaxin.pda.controller.UserController.queryUserListByPage(com.jiaxin.pda.entity.dto.UserDto)
2019-10-24 13:49:30 | ?[34mINFO ?[0;39m | ?[1;33mTest worker?[0;39m | ?[1;32morg.springframework.web.servlet.mvc.method.annotation.RequestMappingHandlerMapping?[0;39m | Mapped "{[/user/insertUserRole],methods=[PUT]}" onto public com.jiaxin.pda.entity.vo.GeneralVo com.jiaxin.pda.controller.UserController.insertUserRole(javax.servlet.http.HttpServletRequest,javax.servlet.http.HttpServletResponse,com.jiaxin.pda.entity.vo.UserPrivilegeVo)
2019-10-24 13:49:30 | ?[34mINFO ?[0;39m | ?[1;33mTest worker?[0;39m | ?[1;32morg.springframework.web.servlet.mvc.method.annotation.RequestMappingHandlerMapping?[0;39m | Mapped "{[/user/deleteUserRole],methods=[DELETE]}" onto public com.jiaxin.pda.entity.vo.GeneralVo com.jiaxin.pda.controller.UserController.deleteUserRole(javax.servlet.http.HttpServletRequest,javax.servlet.http.HttpServletResponse,com.jiaxin.pda.entity.vo.UserPrivilegeVo)
2019-10-24 13:49:30 | ?[34mINFO ?[0;39m | ?[1;33mTest worker?[0;39m | ?[1;32morg.springframework.web.servlet.mvc.method.annotation.RequestMappingHandlerMapping?[0;39m | Mapped "{[/v2/api-docs],methods=[GET],produces=[application/json || application/hal+json]}" onto public org.springframework.http.ResponseEntity<springfox.documentation.spring.web.json.Json> springfox.documentation.swagger2.web.Swagger2Controller.getDocumentation(java.lang.String,javax.servlet.http.HttpServletRequest)
2019-10-24 13:49:30 | ?[34mINFO ?[0;39m | ?[1;33mTest worker?[0;39m | ?[1;32morg.springframework.web.servlet.mvc.method.annotation.RequestMappingHandlerMapping?[0;39m | Mapped "{[/swagger-resources/configuration/security]}" onto org.springframework.http.ResponseEntity<springfox.documentation.swagger.web.SecurityConfiguration> springfox.documentation.swagger.web.ApiResourceController.securityConfiguration()
2019-10-24 13:49:30 | ?[34mINFO ?[0;39m | ?[1;33mTest worker?[0;39m | ?[1;32morg.springframework.web.servlet.mvc.method.annotation.RequestMappingHandlerMapping?[0;39m | Mapped "{[/swagger-resources/configuration/ui]}" onto org.springframework.http.ResponseEntity<springfox.documentation.swagger.web.UiConfiguration> springfox.documentation.swagger.web.ApiResourceController.uiConfiguration()
2019-10-24 13:49:30 | ?[34mINFO ?[0;39m | ?[1;33mTest worker?[0;39m | ?[1;32morg.springframework.web.servlet.mvc.method.annotation.RequestMappingHandlerMapping?[0;39m | Mapped "{[/swagger-resources]}" onto org.springframework.http.ResponseEntity<java.util.List<springfox.documentation.swagger.web.SwaggerResource>> springfox.documentation.swagger.web.ApiResourceController.swaggerResources()
2019-10-24 13:49:30 | ?[34mINFO ?[0;39m | ?[1;33mTest worker?[0;39m | ?[1;32morg.springframework.web.servlet.mvc.method.annotation.RequestMappingHandlerMapping?[0;39m | Mapped "{[/error]}" onto public org.springframework.http.ResponseEntity<java.util.Map<java.lang.String, java.lang.Object>> org.springframework.boot.autoconfigure.web.BasicErrorController.error(javax.servlet.http.HttpServletRequest)
2019-10-24 13:49:30 | ?[34mINFO ?[0;39m | ?[1;33mTest worker?[0;39m | ?[1;32morg.springframework.web.servlet.mvc.method.annotation.RequestMappingHandlerMapping?[0;39m | Mapped "{[/error],produces=[text/html]}" onto public org.springframework.web.servlet.ModelAndView org.springframework.boot.autoconfigure.web.BasicErrorController.errorHtml(javax.servlet.http.HttpServletRequest,javax.servlet.http.HttpServletResponse)
2019-10-24 13:49:39 | ?[34mINFO ?[0;39m | ?[1;33mTest worker?[0;39m | ?[1;32mliquibase.executor.jvm.JdbcExecutor?[0;39m | SELECT COUNT(*) FROM pda.DATABASECHANGELOGLOCK
2019-10-24 13:49:39 | ?[34mINFO ?[0;39m | ?[1;33mTest worker?[0;39m | ?[1;32mliquibase.executor.jvm.JdbcExecutor?[0;39m | SELECT COUNT(*) FROM pda.DATABASECHANGELOGLOCK
2019-10-24 13:49:39 | ?[34mINFO ?[0;39m | ?[1;33mTest worker?[0;39m | ?[1;32mliquibase.executor.jvm.JdbcExecutor?[0;39m | SELECT `LOCKED` FROM pda.DATABASECHANGELOGLOCK WHERE ID=1
2019-10-24 13:49:39 | ?[34mINFO ?[0;39m | ?[1;33mTest worker?[0;39m | ?[1;32mliquibase.lockservice.StandardLockService?[0;39m | Successfully acquired change log lock
2019-10-24 13:49:40 | ?[34mINFO ?[0;39m | ?[1;33mTest worker?[0;39m | ?[1;32mliquibase.executor.jvm.JdbcExecutor?[0;39m | SELECT MD5SUM FROM pda.DATABASECHANGELOG WHERE MD5SUM IS NOT NULL LIMIT 1
2019-10-24 13:49:40 | ?[34mINFO ?[0;39m | ?[1;33mTest worker?[0;39m | ?[1;32mliquibase.executor.jvm.JdbcExecutor?[0;39m | SELECT COUNT(*) FROM pda.DATABASECHANGELOG
2019-10-24 13:49:40 | ?[34mINFO ?[0;39m | ?[1;33mTest worker?[0;39m | ?[1;32mliquibase.changelog.StandardChangeLogHistoryService?[0;39m | Reading from pda.DATABASECHANGELOG
2019-10-24 13:49:40 | ?[34mINFO ?[0;39m | ?[1;33mTest worker?[0;39m | ?[1;32mliquibase.executor.jvm.JdbcExecutor?[0;39m | SELECT * FROM pda.DATABASECHANGELOG ORDER BY DATEEXECUTED ASC, ORDEREXECUTED ASC
2019-10-24 13:49:40 | ?[34mINFO ?[0;39m | ?[1;33mTest worker?[0;39m | ?[1;32mliquibase.lockservice.StandardLockService?[0;39m | Successfully released change log lock
2019-10-24 13:49:40 | ?[34mINFO ?[0;39m | ?[1;33mTest worker?[0;39m | ?[1;32morg.springframework.boot.actuate.endpoint.mvc.EndpointHandlerMapping?[0;39m | Mapped "{[/dump || /dump.json],methods=[GET],produces=[application/json]}" onto public java.lang.Object org.springframework.boot.actuate.endpoint.mvc.EndpointMvcAdapter.invoke()
2019-10-24 13:49:40 | ?[34mINFO ?[0;39m | ?[1;33mTest worker?[0;39m | ?[1;32morg.springframework.boot.actuate.endpoint.mvc.EndpointHandlerMapping?[0;39m | Mapped "{[/autoconfig || /autoconfig.json],methods=[GET],produces=[application/json]}" onto public java.lang.Object org.springframework.boot.actuate.endpoint.mvc.EndpointMvcAdapter.invoke()
2019-10-24 13:49:40 | ?[34mINFO ?[0;39m | ?[1;33mTest worker?[0;39m | ?[1;32morg.springframework.boot.actuate.endpoint.mvc.EndpointHandlerMapping?[0;39m | Mapped "{[/mappings || /mappings.json],methods=[GET],produces=[application/json]}" onto public java.lang.Object org.springframework.boot.actuate.endpoint.mvc.EndpointMvcAdapter.invoke()
2019-10-24 13:49:40 | ?[34mINFO ?[0;39m | ?[1;33mTest worker?[0;39m | ?[1;32morg.springframework.boot.actuate.endpoint.mvc.EndpointHandlerMapping?[0;39m | Mapped "{[/beans || /beans.json],methods=[GET],produces=[application/json]}" onto public java.lang.Object org.springframework.boot.actuate.endpoint.mvc.EndpointMvcAdapter.invoke()
2019-10-24 13:49:40 | ?[34mINFO ?[0;39m | ?[1;33mTest worker?[0;39m | ?[1;32morg.springframework.boot.actuate.endpoint.mvc.EndpointHandlerMapping?[0;39m | Mapped "{[/liquibase || /liquibase.json],methods=[GET],produces=[application/json]}" onto public java.lang.Object org.springframework.boot.actuate.endpoint.mvc.EndpointMvcAdapter.invoke()
2019-10-24 13:49:40 | ?[34mINFO ?[0;39m | ?[1;33mTest worker?[0;39m | ?[1;32morg.springframework.boot.actuate.endpoint.mvc.EndpointHandlerMapping?[0;39m | Mapped "{[/configprops || /configprops.json],methods=[GET],produces=[application/json]}" onto public java.lang.Object org.springframework.boot.actuate.endpoint.mvc.EndpointMvcAdapter.invoke()
2019-10-24 13:49:40 | ?[34mINFO ?[0;39m | ?[1;33mTest worker?[0;39m | ?[1;32morg.springframework.boot.actuate.endpoint.mvc.EndpointHandlerMapping?[0;39m | Mapped "{[/trace || /trace.json],methods=[GET],produces=[application/json]}" onto public java.lang.Object org.springframework.boot.actuate.endpoint.mvc.EndpointMvcAdapter.invoke()
2019-10-24 13:49:40 | ?[34mINFO ?[0;39m | ?[1;33mTest worker?[0;39m | ?[1;32morg.springframework.boot.actuate.endpoint.mvc.EndpointHandlerMapping?[0;39m | Mapped "{[/env/{name:.*}],methods=[GET],produces=[application/json]}" onto public java.lang.Object org.springframework.boot.actuate.endpoint.mvc.EnvironmentMvcEndpoint.value(java.lang.String)
2019-10-24 13:49:40 | ?[34mINFO ?[0;39m | ?[1;33mTest worker?[0;39m | ?[1;32morg.springframework.boot.actuate.endpoint.mvc.EndpointHandlerMapping?[0;39m | Mapped "{[/env || /env.json],methods=[GET],produces=[application/json]}" onto public java.lang.Object org.springframework.boot.actuate.endpoint.mvc.EndpointMvcAdapter.invoke()
2019-10-24 13:49:40 | ?[34mINFO ?[0;39m | ?[1;33mTest worker?[0;39m | ?[1;32morg.springframework.boot.actuate.endpoint.mvc.EndpointHandlerMapping?[0;39m | Mapped "{[/heapdump || /heapdump.json],methods=[GET],produces=[application/octet-stream]}" onto public void org.springframework.boot.actuate.endpoint.mvc.HeapdumpMvcEndpoint.invoke(boolean,javax.servlet.http.HttpServletRequest,javax.servlet.http.HttpServletResponse) throws java.io.IOException,javax.servlet.ServletException
2019-10-24 13:49:40 | ?[34mINFO ?[0;39m | ?[1;33mTest worker?[0;39m | ?[1;32morg.springframework.boot.actuate.endpoint.mvc.EndpointHandlerMapping?[0;39m | Mapped "{[/metrics/{name:.*}],methods=[GET],produces=[application/json]}" onto public java.lang.Object org.springframework.boot.actuate.endpoint.mvc.MetricsMvcEndpoint.value(java.lang.String)
2019-10-24 13:49:40 | ?[34mINFO ?[0;39m | ?[1;33mTest worker?[0;39m | ?[1;32morg.springframework.boot.actuate.endpoint.mvc.EndpointHandlerMapping?[0;39m | Mapped "{[/metrics || /metrics.json],methods=[GET],produces=[application/json]}" onto public java.lang.Object org.springframework.boot.actuate.endpoint.mvc.EndpointMvcAdapter.invoke()
2019-10-24 13:49:40 | ?[34mINFO ?[0;39m | ?[1;33mTest worker?[0;39m | ?[1;32morg.springframework.boot.actuate.endpoint.mvc.EndpointHandlerMapping?[0;39m | Mapped "{[/info || /info.json],methods=[GET],produces=[application/json]}" onto public java.lang.Object org.springframework.boot.actuate.endpoint.mvc.EndpointMvcAdapter.invoke()
2019-10-24 13:49:40 | ?[34mINFO ?[0;39m | ?[1;33mTest worker?[0;39m | ?[1;32morg.springframework.boot.actuate.endpoint.mvc.EndpointHandlerMapping?[0;39m | Mapped "{[/health || /health.json],produces=[application/json]}" onto public java.lang.Object org.springframework.boot.actuate.endpoint.mvc.HealthMvcEndpoint.invoke(java.security.Principal)
2019-10-24 13:49:41 | ?[34mINFO ?[0;39m | ?[1;33mTest worker?[0;39m | ?[1;32morg.springframework.web.servlet.mvc.method.annotation.RequestMappingHandlerAdapter?[0;39m | Looking for @ControllerAdvice: org.springframework.web.context.support.GenericWebApplicationContext@74e3fe28: startup date [Thu Oct 24 13:49:25 CST 2019]; root of context hierarchy
2019-10-24 13:49:41 | ?[34mINFO ?[0;39m | ?[1;33mTest worker?[0;39m | ?[1;32morg.springframework.web.servlet.handler.SimpleUrlHandlerMapping?[0;39m | Mapped URL path [/webjars/**] onto handler of type [class org.springframework.web.servlet.resource.ResourceHttpRequestHandler]
2019-10-24 13:49:41 | ?[34mINFO ?[0;39m | ?[1;33mTest worker?[0;39m | ?[1;32morg.springframework.web.servlet.handler.SimpleUrlHandlerMapping?[0;39m | Mapped URL path [/**] onto handler of type [class org.springframework.web.servlet.resource.ResourceHttpRequestHandler]
2019-10-24 13:49:41 | ?[34mINFO ?[0;39m | ?[1;33mTest worker?[0;39m | ?[1;32morg.springframework.web.servlet.handler.SimpleUrlHandlerMapping?[0;39m | Mapped URL path [/**/favicon.ico] onto handler of type [class org.springframework.web.servlet.resource.ResourceHttpRequestHandler]
2019-10-24 13:49:41 | ?[34mINFO ?[0;39m | ?[1;33mTest worker?[0;39m | ?[1;32morg.springframework.ui.freemarker.SpringTemplateLoader?[0;39m | SpringTemplateLoader for FreeMarker: using resource loader [org.springframework.web.context.support.GenericWebApplicationContext@74e3fe28: startup date [Thu Oct 24 13:49:25 CST 2019]; root of context hierarchy] and template loader path [classpath:/templates/]
2019-10-24 13:49:41 | ?[34mINFO ?[0;39m | ?[1;33mTest worker?[0;39m | ?[1;32morg.springframework.web.servlet.view.freemarker.FreeMarkerConfigurer?[0;39m | ClassTemplateLoader for Spring macros added to FreeMarker configuration
2019-10-24 13:49:41 | ?[31mWARN ?[0;39m | ?[1;33mTest worker?[0;39m | ?[1;32morg.springframework.boot.autoconfigure.freemarker.FreeMarkerAutoConfiguration?[0;39m | Cannot find template location(s): [classpath:/templates/] (please add some templates, check your FreeMarker configuration, or set spring.freemarker.checkTemplateLocation=false)
2019-10-24 13:49:42 | ?[34mINFO ?[0;39m | ?[1;33mTest worker?[0;39m | ?[1;32morg.springframework.context.support.DefaultLifecycleProcessor?[0;39m | Starting beans in phase 2147483647
2019-10-24 13:49:42 | ?[34mINFO ?[0;39m | ?[1;33mTest worker?[0;39m | ?[1;32mspringfox.documentation.spring.web.plugins.DocumentationPluginsBootstrapper?[0;39m | Context refreshed
2019-10-24 13:49:42 | ?[34mINFO ?[0;39m | ?[1;33mTest worker?[0;39m | ?[1;32mspringfox.documentation.spring.web.plugins.DocumentationPluginsBootstrapper?[0;39m | Found 1 custom documentation plugin(s)
2019-10-24 13:49:42 | ?[34mINFO ?[0;39m | ?[1;33mTest worker?[0;39m | ?[1;32mspringfox.documentation.spring.web.scanners.ApiListingReferenceScanner?[0;39m | Scanning for api listing references
2019-10-24 13:49:42 | ?[31mWARN ?[0;39m | ?[1;33mTest worker?[0;39m | ?[1;32mspringfox.documentation.swagger.readers.operation.OperationImplicitParameterReader?[0;39m | Coercing to be of type string. This may not even be a scalar type in actuality
2019-10-24 13:49:42 | ?[31mWARN ?[0;39m | ?[1;33mTest worker?[0;39m | ?[1;32mspringfox.documentation.swagger.readers.operation.OperationImplicitParameterReader?[0;39m | Coercing to be of type string. This may not even be a scalar type in actuality
2019-10-24 13:49:42 | ?[31mWARN ?[0;39m | ?[1;33mTest worker?[0;39m | ?[1;32mspringfox.documentation.swagger.readers.operation.OperationImplicitParameterReader?[0;39m | Coercing to be of type string. This may not even be a scalar type in actuality
2019-10-24 13:49:42 | ?[31mWARN ?[0;39m | ?[1;33mTest worker?[0;39m | ?[1;32mspringfox.documentation.swagger.readers.operation.OperationImplicitParameterReader?[0;39m | Coercing to be of type string. This may not even be a scalar type in actuality
2019-10-24 13:49:42 | ?[34mINFO ?[0;39m | ?[1;33mTest worker?[0;39m | ?[1;32mspringfox.documentation.spring.web.readers.operation.CachingOperationNameGenerator?[0;39m | Generating unique operation named: insertDictionaryTypeUsingPUT_1
2019-10-24 13:49:42 | ?[31mWARN ?[0;39m | ?[1;33mTest worker?[0;39m | ?[1;32mspringfox.documentation.swagger.readers.operation.OperationImplicitParameterReader?[0;39m | Coercing to be of type string. This may not even be a scalar type in actuality
2019-10-24 13:49:42 | ?[31mWARN ?[0;39m | ?[1;33mTest worker?[0;39m | ?[1;32mspringfox.documentation.swagger.readers.operation.OperationImplicitParameterReader?[0;39m | Coercing to be of type string. This may not even be a scalar type in actuality
2019-10-24 13:49:42 | ?[31mWARN ?[0;39m | ?[1;33mTest worker?[0;39m | ?[1;32mspringfox.documentation.swagger.readers.operation.OperationImplicitParameterReader?[0;39m | Coercing to be of type string. This may not even be a scalar type in actuality
2019-10-24 13:49:42 | ?[31mWARN ?[0;39m | ?[1;33mTest worker?[0;39m | ?[1;32mspringfox.documentation.swagger.readers.operation.OperationImplicitParameterReader?[0;39m | Coercing to be of type string. This may not even be a scalar type in actuality
2019-10-24 13:49:42 | ?[34mINFO ?[0;39m | ?[1;33mTest worker?[0;39m | ?[1;32mspringfox.documentation.spring.web.readers.operation.CachingOperationNameGenerator?[0;39m | Generating unique operation named: updateDictionaryTypeUsingPUT_1
2019-10-24 13:49:42 | ?[31mWARN ?[0;39m | ?[1;33mTest worker?[0;39m | ?[1;32mspringfox.documentation.swagger.readers.operation.OperationImplicitParameterReader?[0;39m | Coercing to be of type string. This may not even be a scalar type in actuality
2019-10-24 13:49:42 | ?[31mWARN ?[0;39m | ?[1;33mTest worker?[0;39m | ?[1;32mspringfox.documentation.swagger.readers.operation.OperationImplicitParameterReader?[0;39m | Coercing to be of type string. This may not even be a scalar type in actuality
2019-10-24 13:49:42 | ?[31mWARN ?[0;39m | ?[1;33mTest worker?[0;39m | ?[1;32mspringfox.documentation.swagger.readers.operation.OperationImplicitParameterReader?[0;39m | Coercing to be of type string. This may not even be a scalar type in actuality
2019-10-24 13:49:42 | ?[31mWARN ?[0;39m | ?[1;33mTest worker?[0;39m | ?[1;32mspringfox.documentation.swagger.readers.operation.OperationImplicitParameterReader?[0;39m | Coercing to be of type string. This may not even be a scalar type in actuality
2019-10-24 13:49:42 | ?[31mWARN ?[0;39m | ?[1;33mTest worker?[0;39m | ?[1;32mspringfox.documentation.swagger.readers.operation.OperationImplicitParameterReader?[0;39m | Coercing to be of type string. This may not even be a scalar type in actuality
2019-10-24 13:49:42 | ?[31mWARN ?[0;39m | ?[1;33mTest worker?[0;39m | ?[1;32mspringfox.documentation.swagger.readers.operation.OperationImplicitParameterReader?[0;39m | Coercing to be of type string. This may not even be a scalar type in actuality
2019-10-24 13:49:42 | ?[31mWARN ?[0;39m | ?[1;33mTest worker?[0;39m | ?[1;32mspringfox.documentation.swagger.readers.operation.OperationImplicitParameterReader?[0;39m | Coercing to be of type string. This may not even be a scalar type in actuality
2019-10-24 13:49:42 | ?[31mWARN ?[0;39m | ?[1;33mTest worker?[0;39m | ?[1;32mspringfox.documentation.swagger.readers.operation.OperationImplicitParameterReader?[0;39m | Coercing to be of type string. This may not even be a scalar type in actuality
2019-10-24 13:49:42 | ?[31mWARN ?[0;39m | ?[1;33mTest worker?[0;39m | ?[1;32mspringfox.documentation.swagger.readers.operation.OperationImplicitParameterReader?[0;39m | Coercing to be of type string. This may not even be a scalar type in actuality
2019-10-24 13:49:42 | ?[31mWARN ?[0;39m | ?[1;33mTest worker?[0;39m | ?[1;32mspringfox.documentation.swagger.readers.operation.OperationImplicitParameterReader?[0;39m | Coercing to be of type string. This may not even be a scalar type in actuality
2019-10-24 13:49:42 | ?[31mWARN ?[0;39m | ?[1;33mTest worker?[0;39m | ?[1;32mspringfox.documentation.swagger.readers.operation.OperationImplicitParameterReader?[0;39m | Coercing to be of type string. This may not even be a scalar type in actuality
2019-10-24 13:49:42 | ?[31mWARN ?[0;39m | ?[1;33mTest worker?[0;39m | ?[1;32mspringfox.documentation.swagger.readers.operation.OperationImplicitParameterReader?[0;39m | Coercing to be of type string. This may not even be a scalar type in actuality
2019-10-24 13:49:42 | ?[31mWARN ?[0;39m | ?[1;33mTest worker?[0;39m | ?[1;32mspringfox.documentation.swagger.readers.operation.OperationImplicitParameterReader?[0;39m | Coercing to be of type string. This may not even be a scalar type in actuality
2019-10-24 13:49:42 | ?[31mWARN ?[0;39m | ?[1;33mTest worker?[0;39m | ?[1;32mspringfox.documentation.swagger.readers.operation.OperationImplicitParameterReader?[0;39m | Coercing to be of type string. This may not even be a scalar type in actuality
2019-10-24 13:49:42 | ?[31mWARN ?[0;39m | ?[1;33mTest worker?[0;39m | ?[1;32mspringfox.documentation.swagger.readers.operation.OperationImplicitParameterReader?[0;39m | Coercing to be of type string. This may not even be a scalar type in actuality
2019-10-24 13:49:42 | ?[31mWARN ?[0;39m | ?[1;33mTest worker?[0;39m | ?[1;32mspringfox.documentation.swagger.readers.operation.OperationImplicitParameterReader?[0;39m | Coercing to be of type string. This may not even be a scalar type in actuality
2019-10-24 13:49:42 | ?[31mWARN ?[0;39m | ?[1;33mTest worker?[0;39m | ?[1;32mspringfox.documentation.swagger.readers.operation.OperationImplicitParameterReader?[0;39m | Coercing to be of type string. This may not even be a scalar type in actuality
2019-10-24 13:49:42 | ?[31mWARN ?[0;39m | ?[1;33mTest worker?[0;39m | ?[1;32mspringfox.documentation.swagger.readers.operation.OperationImplicitParameterReader?[0;39m | Coercing to be of type string. This may not even be a scalar type in actuality
2019-10-24 13:49:42 | ?[31mWARN ?[0;39m | ?[1;33mTest worker?[0;39m | ?[1;32mspringfox.documentation.swagger.readers.operation.OperationImplicitParameterReader?[0;39m | Coercing to be of type string. This may not even be a scalar type in actuality
2019-10-24 13:49:42 | ?[34mINFO ?[0;39m | ?[1;33mTest worker?[0;39m | ?[1;32mcom.jiaxin.pad.controller.RoleControllerTest?[0;39m | Started RoleControllerTest in 37.696 seconds (JVM running for 38.737)
2019-10-24 13:49:42 | ?[34mINFO ?[0;39m | ?[1;33mTest worker?[0;39m | ?[1;32morg.springframework.boot.test.mock.web.SpringBootMockServletContext?[0;39m | Initializing Spring FrameworkServlet ''
2019-10-24 13:49:42 | ?[34mINFO ?[0;39m | ?[1;33mTest worker?[0;39m | ?[1;32morg.springframework.test.web.servlet.TestDispatcherServlet?[0;39m | FrameworkServlet '': initialization started
2019-10-24 13:49:42 | ?[34mINFO ?[0;39m | ?[1;33mTest worker?[0;39m | ?[1;32morg.springframework.test.web.servlet.TestDispatcherServlet?[0;39m | FrameworkServlet '': initialization completed in 14 ms
2019-10-24 13:49:42 | ?[34mINFO ?[0;39m | ?[1;33mTest worker?[0;39m | ?[1;32mcom.jiaxin.pad.controller.UserControllerTest?[0;39m | 角色授权条件: {"roleId":1,"menuId":3}

MockHttpServletRequest:
      HTTP Method = DELETE
      Request URI = /role/cancelPrivilege
       Parameters = {}
          Headers = {Accept=[application/json], Content-Type=[application/json;charset=utf-8]}

Handler:
             Type = org.springframework.web.servlet.resource.ResourceHttpRequestHandler

Async:
    Async started = false
     Async result = null

Resolved Exception:
             Type = null

ModelAndView:
        View name = null
             View = null
            Model = null

FlashMap:
       Attributes = null

MockHttpServletResponse:
           Status = 404
    Error message = null
          Headers = {}
     Content type = null
             Body = 
    Forwarded URL = null
   Redirected URL = null
          Cookies = []
]]></system-out>
  <system-err><![CDATA[]]></system-err>
</testsuite>
